2023-07-26 10:50:46,411 - root - INFO - Windows OS detected. Set asyncio event loop policy to WindowsSelectorEventLoopPolicy
2023-07-26 10:50:46,411 - asyncio - DEBUG - Using selector: SelectSelector
2023-07-26 10:50:46,412 - root - INFO - MQTT Receiver is ready.
2023-07-26 10:51:01,970 - root - INFO - payload length : 1500
2023-07-26 10:51:01,971 - root - INFO - payload length : 560
2023-07-26 10:51:02,268 - root - INFO - payload length : 520
2023-07-26 10:51:02,782 - root - INFO - payload length : 560
2023-07-26 10:51:04,029 - root - INFO - payload length : 560
2023-07-26 10:51:04,030 - root - INFO - payload length : 540
2023-07-26 10:51:04,396 - root - INFO - payload length : 540
2023-07-26 10:51:05,237 - root - INFO - payload length : 560
2023-07-26 10:51:05,463 - root - INFO - payload length : 540
2023-07-26 10:51:06,235 - root - INFO - payload length : 540
2023-07-26 10:51:06,569 - root - INFO - payload length : 520
2023-07-26 10:51:07,364 - root - INFO - payload length : 560
2023-07-26 10:51:07,606 - root - INFO - payload length : 540
2023-07-26 10:51:08,321 - root - INFO - payload length : 520
2023-07-26 10:51:08,678 - root - INFO - payload length : 546
2023-07-26 10:51:09,435 - root - INFO - payload length : 554
2023-07-26 10:51:09,728 - root - INFO - payload length : 520
2023-07-26 10:51:10,458 - root - INFO - payload length : 520
2023-07-26 10:51:10,792 - root - INFO - payload length : 540
2023-07-26 10:51:11,568 - root - INFO - payload length : 560
2023-07-26 10:51:11,845 - root - INFO - payload length : 520
2023-07-26 10:51:12,610 - root - INFO - payload length : 540
2023-07-26 10:51:13,638 - root - INFO - payload length : 560
2023-07-26 10:51:13,639 - root - INFO - payload length : 540
2023-07-26 10:51:13,978 - root - INFO - payload length : 500
2023-07-26 10:51:14,760 - root - INFO - payload length : 560
2023-07-26 10:51:15,068 - root - INFO - payload length : 520
2023-07-26 10:51:15,784 - root - INFO - payload length : 520
2023-07-26 10:51:16,474 - root - INFO - payload length : 540
2023-07-26 10:51:16,656 - root - INFO - payload length : 540
2023-07-26 10:51:17,400 - root - INFO - payload length : 520
2023-07-26 10:51:17,730 - root - INFO - payload length : 520
2023-07-26 10:51:18,365 - root - INFO - payload length : 560
2023-07-26 10:51:18,754 - root - INFO - payload length : 540
2023-07-26 10:51:19,408 - root - INFO - payload length : 480
2023-07-26 10:51:20,597 - root - INFO - payload length : 580
2023-07-26 10:51:20,597 - root - INFO - payload length : 520
2023-07-26 10:51:21,006 - root - INFO - payload length : 480
2023-07-26 10:51:21,620 - root - INFO - payload length : 560
2023-07-26 10:51:22,132 - root - INFO - payload length : 580
2023-07-26 10:51:22,644 - root - INFO - payload length : 520
2023-07-26 10:51:23,054 - root - INFO - payload length : 540
2023-07-26 10:51:23,670 - root - INFO - payload length : 540
2023-07-26 10:51:24,284 - root - INFO - payload length : 540
2023-07-26 10:51:24,562 - root - INFO - payload length : 540
2023-07-26 10:51:25,270 - root - INFO - payload length : 520
2023-07-26 10:51:25,782 - root - INFO - payload length : 560
2023-07-26 10:51:26,136 - root - INFO - payload length : 520
2023-07-26 10:51:26,945 - root - INFO - payload length : 540
2023-07-26 10:51:27,254 - root - INFO - payload length : 560
2023-07-26 10:51:27,970 - root - INFO - payload length : 540
2023-07-26 10:51:28,277 - root - INFO - payload length : 520
2023-07-26 10:51:28,993 - root - INFO - payload length : 520
2023-07-26 10:51:29,332 - root - INFO - payload length : 540
2023-07-26 10:51:30,121 - root - INFO - payload length : 540
2023-07-26 10:51:30,428 - root - INFO - payload length : 520
2023-07-26 10:51:31,143 - root - INFO - payload length : 520
2023-07-26 10:51:31,612 - root - INFO - payload length : 560
2023-07-26 10:51:32,066 - root - INFO - payload length : 540
2023-07-26 10:51:32,756 - root - INFO - payload length : 540
2023-07-26 10:51:33,092 - root - INFO - payload length : 540
2023-07-26 10:51:33,809 - root - INFO - payload length : 540
2023-07-26 10:51:34,114 - root - INFO - payload length : 520
2023-07-26 10:51:34,829 - root - INFO - payload length : 540
2023-07-26 10:51:35,444 - root - INFO - payload length : 560
2023-07-26 10:51:35,695 - root - INFO - payload length : 520
2023-07-26 10:51:36,467 - root - INFO - payload length : 520
2023-07-26 10:51:36,777 - root - INFO - payload length : 540
2023-07-26 10:51:37,468 - root - INFO - payload length : 520
2023-07-26 10:51:37,903 - root - INFO - payload length : 560
2023-07-26 10:51:38,517 - root - INFO - payload length : 480
2023-07-26 10:51:38,859 - root - INFO - payload length : 580
2023-07-26 10:51:39,643 - root - INFO - payload length : 520
2023-07-26 10:51:39,922 - root - INFO - payload length : 560
2023-07-26 10:51:40,643 - root - INFO - payload length : 540
2023-07-26 10:51:41,488 - root - INFO - payload length : 520
2023-07-26 10:51:41,794 - root - INFO - payload length : 560
2023-07-26 10:51:42,103 - root - INFO - payload length : 540
2023-07-26 10:51:42,794 - root - INFO - payload length : 520
2023-07-26 10:51:43,127 - root - INFO - payload length : 480
2023-07-26 10:51:43,842 - root - INFO - payload length : 560
2023-07-26 10:51:44,610 - root - INFO - payload length : 560
2023-07-26 10:51:44,789 - root - INFO - payload length : 540
2023-07-26 10:51:45,454 - root - INFO - payload length : 520
2023-07-26 10:51:45,747 - root - INFO - payload length : 520
2023-07-26 10:51:46,479 - root - INFO - payload length : 560
2023-07-26 10:51:46,815 - root - INFO - payload length : 540
2023-07-26 10:51:47,556 - root - INFO - payload length : 520
2023-07-26 10:51:47,855 - root - INFO - payload length : 500
2023-07-26 10:51:48,655 - root - INFO - payload length : 560
2023-07-26 10:51:48,961 - root - INFO - payload length : 540
2023-07-26 10:51:49,598 - root - INFO - payload length : 500
2023-07-26 10:51:49,951 - root - INFO - payload length : 540
2023-07-26 10:51:50,703 - root - INFO - payload length : 540
2023-07-26 10:51:51,011 - root - INFO - payload length : 520
2023-07-26 10:51:51,883 - root - INFO - payload length : 500
2023-07-26 10:51:52,139 - root - INFO - payload length : 540
2023-07-26 10:51:52,754 - root - INFO - payload length : 560
2023-07-26 10:51:53,544 - root - INFO - payload length : 540
2023-07-26 10:51:53,724 - root - INFO - payload length : 540
2023-07-26 10:51:54,358 - root - INFO - payload length : 540
2023-07-26 10:51:54,699 - root - INFO - payload length : 520
2023-07-26 10:51:55,487 - root - INFO - payload length : 560
2023-07-26 10:51:55,774 - root - INFO - payload length : 540
2023-07-26 10:51:56,513 - root - INFO - payload length : 540
2023-07-26 10:51:56,847 - root - INFO - payload length : 500
2023-07-26 10:51:57,538 - root - INFO - payload length : 560
2023-07-26 10:51:57,886 - root - INFO - payload length : 540
2023-07-26 10:51:58,621 - root - INFO - payload length : 520
2023-07-26 10:51:58,998 - root - INFO - payload length : 560
2023-07-26 10:51:59,866 - root - INFO - payload length : 540
2023-07-26 10:52:00,125 - root - INFO - payload length : 520
2023-07-26 10:52:00,740 - root - INFO - payload length : 540
2023-07-26 10:52:01,147 - root - INFO - payload length : 540
2023-07-26 10:52:01,779 - root - INFO - payload length : 520
2023-07-26 10:52:02,172 - root - INFO - payload length : 540
2023-07-26 10:52:02,863 - root - INFO - payload length : 560
2023-07-26 10:52:03,218 - root - INFO - payload length : 500
2023-07-26 10:52:03,921 - root - INFO - payload length : 560
2023-07-26 10:52:04,272 - root - INFO - payload length : 520
2023-07-26 10:52:05,038 - root - INFO - payload length : 560
2023-07-26 10:52:05,348 - root - INFO - payload length : 540
2023-07-26 10:52:06,046 - root - INFO - payload length : 520
2023-07-26 10:52:06,408 - root - INFO - payload length : 520
2023-07-26 10:52:07,188 - root - INFO - payload length : 540
2023-07-26 10:52:07,421 - root - INFO - payload length : 520
2023-07-26 10:52:08,131 - root - INFO - payload length : 540
2023-07-26 10:52:08,521 - root - INFO - payload length : 520
2023-07-26 10:52:09,237 - root - INFO - payload length : 560
2023-07-26 10:52:09,545 - root - INFO - payload length : 520
2023-07-26 10:52:10,362 - root - INFO - payload length : 520
2023-07-26 10:52:10,591 - root - INFO - payload length : 560
2023-07-26 10:52:11,386 - root - INFO - payload length : 460
2023-07-26 10:52:11,696 - root - INFO - payload length : 600
2023-07-26 10:52:12,410 - root - INFO - payload length : 480
2023-07-26 10:52:12,722 - root - INFO - payload length : 580
2023-07-26 10:52:13,419 - root - INFO - payload length : 480
2023-07-26 10:52:13,798 - root - INFO - payload length : 560
2023-07-26 10:52:14,479 - root - INFO - payload length : 580
2023-07-26 10:52:14,862 - root - INFO - payload length : 520
2023-07-26 10:52:15,548 - root - INFO - payload length : 540
2023-07-26 10:52:15,895 - root - INFO - payload length : 540
2023-07-26 10:52:16,611 - root - INFO - payload length : 514
2023-07-26 10:52:16,936 - root - INFO - payload length : 546
2023-07-26 10:52:17,736 - root - INFO - payload length : 520
2023-07-26 10:52:18,043 - root - INFO - payload length : 580
2023-07-26 10:52:18,737 - root - INFO - payload length : 540
2023-07-26 10:52:19,448 - root - INFO - payload length : 538
2023-07-26 10:52:19,628 - root - INFO - payload length : 542
2023-07-26 10:52:20,373 - root - INFO - payload length : 540
2023-07-26 10:52:20,680 - root - INFO - payload length : 520
2023-07-26 10:52:21,393 - root - INFO - payload length : 540
2023-07-26 10:52:21,727 - root - INFO - payload length : 500
2023-07-26 10:52:22,549 - root - INFO - payload length : 540
2023-07-26 10:52:22,781 - root - INFO - payload length : 540
2023-07-26 10:52:23,492 - root - INFO - payload length : 540
2023-07-26 10:52:23,828 - root - INFO - payload length : 520
2023-07-26 10:52:24,535 - root - INFO - payload length : 520
2023-07-26 10:52:24,902 - root - INFO - payload length : 560
2023-07-26 10:52:25,610 - root - INFO - payload length : 540
2023-07-26 10:52:26,335 - root - INFO - payload length : 560
2023-07-26 10:52:26,544 - root - INFO - payload length : 520
2023-07-26 10:52:27,146 - root - INFO - payload length : 560
2023-07-26 10:52:27,776 - root - INFO - payload length : 560
2023-07-26 10:52:28,128 - root - INFO - payload length : 480
2023-07-26 10:52:28,872 - root - INFO - payload length : 560
2023-07-26 10:52:29,207 - root - INFO - payload length : 560
2023-07-26 10:52:29,923 - root - INFO - payload length : 520
2023-07-26 10:52:30,333 - root - INFO - payload length : 540
2023-07-26 10:52:31,049 - root - INFO - payload length : 560
2023-07-26 10:52:31,296 - root - INFO - payload length : 520
2023-07-26 10:52:32,048 - root - INFO - payload length : 520
2023-07-26 10:52:32,368 - root - INFO - payload length : 540
2023-07-26 10:52:32,892 - root - INFO - payload length : 520
2023-07-26 10:52:33,612 - root - INFO - payload length : 520
2023-07-26 10:52:33,931 - root - INFO - payload length : 520
2023-07-26 10:52:34,640 - root - INFO - payload length : 545
2023-07-26 10:52:35,453 - root - INFO - payload length : 555
2023-07-26 10:52:35,507 - root - INFO - payload length : 520
2023-07-26 10:52:36,193 - root - INFO - payload length : 520
2023-07-26 10:52:36,545 - root - INFO - payload length : 540
2023-07-26 10:52:37,294 - root - INFO - payload length : 520
2023-07-26 10:52:38,088 - root - INFO - payload length : 520
2023-07-26 10:52:38,142 - root - INFO - payload length : 560
2023-07-26 10:52:38,934 - root - INFO - payload length : 540
2023-07-26 10:52:39,205 - root - INFO - payload length : 540
2023-07-26 10:52:39,957 - root - INFO - payload length : 540
2023-07-26 10:52:40,268 - root - INFO - payload length : 540
2023-07-26 10:52:41,074 - root - INFO - payload length : 540
2023-07-26 10:52:41,390 - root - INFO - payload length : 500
2023-07-26 10:52:42,106 - root - INFO - payload length : 500
2023-07-26 10:52:42,390 - root - INFO - payload length : 600
2023-07-26 10:52:43,094 - root - INFO - payload length : 540
2023-07-26 10:52:43,452 - root - INFO - payload length : 520
2023-07-26 10:52:44,152 - root - INFO - payload length : 548
2023-07-26 10:52:44,927 - root - INFO - payload length : 512
2023-07-26 10:52:45,043 - root - INFO - payload length : 540
2023-07-26 10:52:45,751 - root - INFO - payload length : 540
2023-07-26 10:52:46,103 - root - INFO - payload length : 560
2023-07-26 10:52:46,802 - root - INFO - payload length : 520
2023-07-26 10:52:47,613 - root - INFO - payload length : 520
2023-07-26 10:52:47,938 - root - INFO - payload length : 565
2023-07-26 10:52:48,409 - root - INFO - payload length : 535
2023-07-26 10:52:49,107 - root - INFO - payload length : 520
2023-07-26 10:52:49,943 - root - INFO - payload length : 560
2023-07-26 10:52:49,975 - root - INFO - payload length : 480
2023-07-26 10:52:50,768 - root - INFO - payload length : 560
2023-07-26 10:52:51,120 - root - INFO - payload length : 540
2023-07-26 10:52:51,809 - root - INFO - payload length : 540
2023-07-26 10:52:52,094 - root - INFO - payload length : 520
2023-07-26 10:52:52,964 - root - INFO - payload length : 540
2023-07-26 10:52:53,270 - root - INFO - payload length : 520
2023-07-26 10:52:54,217 - root - INFO - payload length : 560
2023-07-26 10:52:54,395 - root - INFO - payload length : 520
2023-07-26 10:52:54,721 - root - INFO - payload length : 520
2023-07-26 10:52:55,498 - root - INFO - payload length : 520
2023-07-26 10:52:55,831 - root - INFO - payload length : 560
2023-07-26 10:52:56,537 - root - INFO - payload length : 500
2023-07-26 10:52:56,892 - root - INFO - payload length : 540
2023-07-26 10:52:57,861 - root - INFO - payload length : 560
2023-07-26 10:52:58,664 - root - INFO - payload length : 538
2023-07-26 10:52:59,024 - root - INFO - payload length : 502
2023-07-26 10:52:59,203 - root - INFO - payload length : 520
2023-07-26 10:52:59,443 - root - INFO - payload length : 500
2023-07-26 10:53:00,157 - root - INFO - payload length : 560
2023-07-26 10:53:00,540 - root - INFO - payload length : 540
2023-07-26 10:53:01,052 - root - INFO - payload length : 520
2023-07-26 10:53:01,574 - root - INFO - payload length : 560
2023-07-26 10:53:02,178 - root - INFO - payload length : 520
2023-07-26 10:53:02,631 - root - INFO - payload length : 520
2023-07-26 10:53:03,380 - root - INFO - payload length : 560
2023-07-26 10:53:03,860 - root - INFO - payload length : 540
2023-07-26 10:53:04,125 - root - INFO - payload length : 540
2023-07-26 10:53:04,841 - root - INFO - payload length : 520
2023-07-26 10:53:05,352 - root - INFO - payload length : 560
2023-07-26 10:53:05,654 - root - INFO - payload length : 540
2023-07-26 10:53:06,455 - root - INFO - payload length : 560
2023-07-26 10:53:06,785 - root - INFO - payload length : 520
2023-07-26 10:53:07,503 - root - INFO - payload length : 560
2023-07-26 10:53:07,811 - root - INFO - payload length : 540
2023-07-26 10:53:08,705 - root - INFO - payload length : 520
2023-07-26 10:53:08,884 - root - INFO - payload length : 520
2023-07-26 10:53:09,548 - root - INFO - payload length : 520
2023-07-26 10:53:09,905 - root - INFO - payload length : 560
2023-07-26 10:53:10,865 - root - INFO - payload length : 540
2023-07-26 10:53:11,643 - root - INFO - payload length : 540
2023-07-26 10:53:11,838 - root - INFO - payload length : 500
2023-07-26 10:53:12,214 - root - INFO - payload length : 580
2023-07-26 10:53:13,031 - root - INFO - payload length : 460
2023-07-26 10:53:13,340 - root - INFO - payload length : 540
2023-07-26 10:53:14,111 - root - INFO - payload length : 580
2023-07-26 10:53:14,288 - root - INFO - payload length : 440
2023-07-26 10:53:14,996 - root - INFO - payload length : 600
2023-07-26 10:53:15,182 - root - INFO - payload length : 520
2023-07-26 10:53:15,870 - root - INFO - payload length : 540
2023-07-26 10:53:16,575 - root - INFO - payload length : 520
2023-07-26 10:53:17,230 - root - INFO - payload length : 560
2023-07-26 10:53:17,408 - root - INFO - payload length : 440
2023-07-26 10:53:18,163 - root - INFO - payload length : 620
2023-07-26 10:53:18,357 - root - INFO - payload length : 540
2023-07-26 10:53:19,047 - root - INFO - payload length : 480
2023-07-26 10:53:19,841 - root - INFO - payload length : 600
2023-07-26 10:53:20,023 - root - INFO - payload length : 520
2023-07-26 10:53:20,618 - root - INFO - payload length : 520
2023-07-26 10:53:21,018 - root - INFO - payload length : 540
2023-07-26 10:53:21,735 - root - INFO - payload length : 560
2023-07-26 10:53:22,027 - root - INFO - payload length : 500
2023-07-26 10:53:22,760 - root - INFO - payload length : 540
2023-07-26 10:53:23,084 - root - INFO - payload length : 540
2023-07-26 10:53:23,886 - root - INFO - payload length : 520
2023-07-26 10:53:24,194 - root - INFO - payload length : 520
2023-07-26 10:53:24,911 - root - INFO - payload length : 520
2023-07-26 10:53:25,219 - root - INFO - payload length : 580
2023-07-26 10:53:25,936 - root - INFO - payload length : 520
2023-07-26 10:53:26,346 - root - INFO - payload length : 540
2023-07-26 10:53:27,268 - root - INFO - payload length : 540
2023-07-26 10:53:27,625 - root - INFO - payload length : 500
2023-07-26 10:53:28,013 - root - INFO - payload length : 560
2023-07-26 10:53:28,734 - root - INFO - payload length : 520
2023-07-26 10:53:29,801 - root - INFO - payload length : 560
2023-07-26 10:53:30,166 - root - INFO - payload length : 520
2023-07-26 10:53:30,353 - root - INFO - payload length : 520
2023-07-26 10:53:30,842 - root - INFO - payload length : 560
2023-07-26 10:53:31,438 - root - INFO - payload length : 520
2023-07-26 10:53:31,926 - root - INFO - payload length : 520
2023-07-26 10:53:32,462 - root - INFO - payload length : 540
2023-07-26 10:53:32,959 - root - INFO - payload length : 560
2023-07-26 10:53:33,614 - root - INFO - payload length : 520
2023-07-26 10:53:34,101 - root - INFO - payload length : 540
2023-07-26 10:53:34,377 - root - INFO - payload length : 540
2023-07-26 10:53:34,725 - root - INFO - payload length : 540
2023-07-26 10:53:35,426 - root - INFO - payload length : 520
2023-07-26 10:53:35,867 - root - INFO - payload length : 500
2023-07-26 10:53:36,481 - root - INFO - payload length : 580
2023-07-26 10:53:37,095 - root - INFO - payload length : 520
2023-07-26 10:53:37,372 - root - INFO - payload length : 540
2023-07-26 10:53:38,221 - root - INFO - payload length : 540
2023-07-26 10:53:38,734 - root - INFO - payload length : 540
2023-07-26 10:53:39,043 - root - INFO - payload length : 540
2023-07-26 10:53:39,757 - root - INFO - payload length : 520
2023-07-26 10:53:39,999 - root - INFO - payload length : 540
2023-07-26 10:53:40,781 - root - INFO - payload length : 520
2023-07-26 10:53:41,069 - root - INFO - payload length : 540
2023-07-26 10:53:42,113 - root - INFO - payload length : 560
2023-07-26 10:53:42,301 - root - INFO - payload length : 520
2023-07-26 10:53:43,112 - root - INFO - payload length : 520
2023-07-26 10:53:43,380 - root - INFO - payload length : 520
2023-07-26 10:53:44,082 - root - INFO - payload length : 560
2023-07-26 10:53:44,445 - root - INFO - payload length : 540
2023-07-26 10:53:45,262 - root - INFO - payload length : 540
2023-07-26 10:53:45,684 - root - INFO - payload length : 560
2023-07-26 10:53:45,856 - root - INFO - payload length : 540
2023-07-26 10:53:46,620 - root - INFO - payload length : 520
2023-07-26 10:53:46,929 - root - INFO - payload length : 520
2023-07-26 10:53:47,644 - root - INFO - payload length : 540
2023-07-26 10:53:48,055 - root - INFO - payload length : 540
2023-07-26 10:53:48,660 - root - INFO - payload length : 480
2023-07-26 10:53:49,078 - root - INFO - payload length : 580
2023-07-26 10:53:49,793 - root - INFO - payload length : 520
2023-07-26 10:53:50,099 - root - INFO - payload length : 520
2023-07-26 10:53:50,768 - root - INFO - payload length : 560
2023-07-26 10:53:51,508 - root - INFO - payload length : 520
2023-07-26 10:53:52,355 - root - INFO - payload length : 540
2023-07-26 10:53:52,536 - root - INFO - payload length : 513
2023-07-26 10:53:52,868 - root - INFO - payload length : 547
2023-07-26 10:53:53,657 - root - INFO - payload length : 540
2023-07-26 10:53:53,992 - root - INFO - payload length : 500
2023-07-26 10:53:54,665 - root - INFO - payload length : 540
2023-07-26 10:53:54,979 - root - INFO - payload length : 560
2023-07-26 10:53:55,691 - root - INFO - payload length : 520
2023-07-26 10:53:56,058 - root - INFO - payload length : 540
2023-07-26 10:53:56,963 - root - INFO - payload length : 560
2023-07-26 10:53:57,165 - root - INFO - payload length : 520
2023-07-26 10:53:57,833 - root - INFO - payload length : 520
2023-07-26 10:53:58,190 - root - INFO - payload length : 540
2023-07-26 10:53:59,215 - root - INFO - payload length : 520
2023-07-26 10:53:59,394 - root - INFO - payload length : 500
2023-07-26 10:53:59,740 - root - INFO - payload length : 580
2023-07-26 10:54:00,700 - root - INFO - payload length : 540
2023-07-26 10:54:00,882 - root - INFO - payload length : 540
2023-07-26 10:54:01,542 - root - INFO - payload length : 460
2023-07-26 10:54:01,879 - root - INFO - payload length : 580
2023-07-26 10:54:02,581 - root - INFO - payload length : 560
2023-07-26 10:54:03,003 - root - INFO - payload length : 520
2023-07-26 10:54:03,695 - root - INFO - payload length : 560
2023-07-26 10:54:04,028 - root - INFO - payload length : 500
2023-07-26 10:54:04,694 - root - INFO - payload length : 560
2023-07-26 10:54:04,874 - root - INFO - payload length : 520
2023-07-26 10:54:05,641 - root - INFO - payload length : 520
2023-07-26 10:54:05,973 - root - INFO - payload length : 540
2023-07-26 10:54:06,619 - root - INFO - payload length : 560
2023-07-26 10:54:06,997 - root - INFO - payload length : 520
2023-07-26 10:54:07,675 - root - INFO - payload length : 540
2023-07-26 10:54:08,123 - root - INFO - payload length : 540
2023-07-26 10:54:08,916 - root - INFO - payload length : 520
2023-07-26 10:54:09,256 - root - INFO - payload length : 540
2023-07-26 10:54:09,659 - root - INFO - payload length : 540
2023-07-26 10:54:10,363 - root - INFO - payload length : 520
2023-07-26 10:54:10,671 - root - INFO - payload length : 520
2023-07-26 10:54:11,379 - root - INFO - payload length : 560
2023-07-26 10:54:11,729 - root - INFO - payload length : 540
2023-07-26 10:54:12,435 - root - INFO - payload length : 520
2023-07-26 10:54:12,834 - root - INFO - payload length : 520
2023-07-26 10:54:13,476 - root - INFO - payload length : 540
2023-07-26 10:54:13,859 - root - INFO - payload length : 540
2023-07-26 10:54:14,538 - root - INFO - payload length : 520
2023-07-26 10:54:14,985 - root - INFO - payload length : 480
2023-07-26 10:54:15,677 - root - INFO - payload length : 600
2023-07-26 10:54:16,008 - root - INFO - payload length : 540
2023-07-26 10:54:16,643 - root - INFO - payload length : 500
2023-07-26 10:54:17,034 - root - INFO - payload length : 540
2023-07-26 10:54:17,748 - root - INFO - payload length : 500
2023-07-26 10:54:18,056 - root - INFO - payload length : 580
2023-07-26 10:54:18,772 - root - INFO - payload length : 540
2023-07-26 10:54:19,184 - root - INFO - payload length : 540
2023-07-26 10:54:19,898 - root - INFO - payload length : 528
2023-07-26 10:54:20,171 - root - INFO - payload length : 532
2023-07-26 10:54:20,922 - root - INFO - payload length : 560
2023-07-26 10:54:21,336 - root - INFO - payload length : 500
2023-07-26 10:54:22,049 - root - INFO - payload length : 560
2023-07-26 10:54:22,301 - root - INFO - payload length : 540
2023-07-26 10:54:23,008 - root - INFO - payload length : 520
2023-07-26 10:54:23,382 - root - INFO - payload length : 520
2023-07-26 10:54:24,096 - root - INFO - payload length : 520
2023-07-26 10:54:24,389 - root - INFO - payload length : 560
2023-07-26 10:54:25,090 - root - INFO - payload length : 500
2023-07-26 10:54:25,531 - root - INFO - payload length : 520
2023-07-26 10:54:26,163 - root - INFO - payload length : 574
2023-07-26 10:54:26,509 - root - INFO - payload length : 486
2023-07-26 10:54:27,272 - root - INFO - payload length : 588
2023-07-26 10:54:27,592 - root - INFO - payload length : 552
2023-07-26 10:54:28,398 - root - INFO - payload length : 540
2023-07-26 10:54:28,707 - root - INFO - payload length : 540
2023-07-26 10:54:29,423 - root - INFO - payload length : 520
2023-07-26 10:54:29,730 - root - INFO - payload length : 540
2023-07-26 10:54:30,420 - root - INFO - payload length : 520
2023-07-26 10:54:30,856 - root - INFO - payload length : 540
2023-07-26 10:54:31,573 - root - INFO - payload length : 520
2023-07-26 10:54:31,879 - root - INFO - payload length : 520
2023-07-26 10:54:32,541 - root - INFO - payload length : 540
2023-07-26 10:54:32,869 - root - INFO - payload length : 540
2023-07-26 10:54:33,621 - root - INFO - payload length : 520
2023-07-26 10:54:33,948 - root - INFO - payload length : 600
2023-07-26 10:54:34,659 - root - INFO - payload length : 480
2023-07-26 10:54:35,055 - root - INFO - payload length : 580
2023-07-26 10:54:35,771 - root - INFO - payload length : 540
2023-07-26 10:54:36,181 - root - INFO - payload length : 520
2023-07-26 10:54:36,897 - root - INFO - payload length : 560
2023-07-26 10:54:37,196 - root - INFO - payload length : 540
2023-07-26 10:54:37,921 - root - INFO - payload length : 540
2023-07-26 10:54:38,218 - root - INFO - payload length : 500
2023-07-26 10:54:39,047 - root - INFO - payload length : 580
2023-07-26 10:54:39,358 - root - INFO - payload length : 540
2023-07-26 10:54:39,982 - root - INFO - payload length : 520
2023-07-26 10:54:40,381 - root - INFO - payload length : 540
2023-07-26 10:54:41,096 - root - INFO - payload length : 560
2023-07-26 10:54:41,424 - root - INFO - payload length : 540
2023-07-26 10:54:42,129 - root - INFO - payload length : 520
2023-07-26 10:54:42,489 - root - INFO - payload length : 560
2023-07-26 10:54:43,247 - root - INFO - payload length : 520
2023-07-26 10:54:43,553 - root - INFO - payload length : 540
2023-07-26 10:54:44,269 - root - INFO - payload length : 520
2023-07-26 10:54:44,583 - root - INFO - payload length : 540
2023-07-26 10:54:45,479 - root - INFO - payload length : 520
2023-07-26 10:54:45,659 - root - INFO - payload length : 480
2023-07-26 10:54:46,394 - root - INFO - payload length : 560
2023-07-26 10:54:46,729 - root - INFO - payload length : 560
2023-07-26 10:54:47,420 - root - INFO - payload length : 540
2023-07-26 10:54:47,856 - root - INFO - payload length : 520
2023-07-26 10:54:48,572 - root - INFO - payload length : 560
2023-07-26 10:54:48,878 - root - INFO - payload length : 540
2023-07-26 10:54:49,391 - root - INFO - payload length : 540
2023-07-26 10:54:50,080 - root - INFO - payload length : 500
2023-07-26 10:54:50,425 - root - INFO - payload length : 560
2023-07-26 10:54:51,136 - root - INFO - payload length : 540
2023-07-26 10:54:51,486 - root - INFO - payload length : 540
2023-07-26 10:54:52,190 - root - INFO - payload length : 540
2023-07-26 10:54:52,567 - root - INFO - payload length : 540
2023-07-26 10:54:53,383 - root - INFO - payload length : 540
2023-07-26 10:54:53,691 - root - INFO - payload length : 540
2023-07-26 10:54:54,354 - root - INFO - payload length : 540
2023-07-26 10:54:54,664 - root - INFO - payload length : 520
2023-07-26 10:54:55,353 - root - INFO - payload length : 520
2023-07-26 10:54:55,740 - root - INFO - payload length : 520
2023-07-26 10:54:56,636 - root - INFO - payload length : 540
2023-07-26 10:54:56,970 - root - INFO - payload length : 540
2023-07-26 10:54:57,308 - root - INFO - payload length : 540
2023-07-26 10:54:58,094 - root - INFO - payload length : 560
2023-07-26 10:54:58,400 - root - INFO - payload length : 540
2023-07-26 10:54:59,119 - root - INFO - payload length : 520
2023-07-26 10:54:59,427 - root - INFO - payload length : 520
2023-07-26 10:55:00,245 - root - INFO - payload length : 540
2023-07-26 10:55:00,552 - root - INFO - payload length : 520
2023-07-26 10:55:01,267 - root - INFO - payload length : 540
2023-07-26 10:55:01,577 - root - INFO - payload length : 555
2023-07-26 10:55:02,291 - root - INFO - payload length : 525
2023-07-26 10:55:02,601 - root - INFO - payload length : 520
2023-07-26 10:55:03,316 - root - INFO - payload length : 500
2023-07-26 10:55:03,636 - root - INFO - payload length : 560
2023-07-26 10:55:04,418 - root - INFO - payload length : 560
2023-07-26 10:55:04,751 - root - INFO - payload length : 540
2023-07-26 10:55:05,467 - root - INFO - payload length : 520
2023-07-26 10:55:05,860 - root - INFO - payload length : 520
2023-07-26 10:55:06,285 - root - INFO - payload length : 480
2023-07-26 10:55:07,181 - root - INFO - payload length : 580
2023-07-26 10:55:07,358 - root - INFO - payload length : 560
2023-07-26 10:55:08,041 - root - INFO - payload length : 520
2023-07-26 10:55:08,438 - root - INFO - payload length : 520
2023-07-26 10:55:09,154 - root - INFO - payload length : 540
2023-07-26 10:55:09,450 - root - INFO - payload length : 520
2023-07-26 10:55:10,176 - root - INFO - payload length : 520
2023-07-26 10:55:10,508 - root - INFO - payload length : 560
2023-07-26 10:55:11,304 - root - INFO - payload length : 540
2023-07-26 10:55:11,612 - root - INFO - payload length : 520
2023-07-26 10:55:12,506 - root - INFO - payload length : 540
2023-07-26 10:55:12,602 - root - INFO - payload length : 520
2023-07-26 10:55:13,351 - root - INFO - payload length : 520
2023-07-26 10:55:13,660 - root - INFO - payload length : 540
2023-07-26 10:55:14,452 - root - INFO - payload length : 540
2023-07-26 10:55:14,785 - root - INFO - payload length : 540
2023-07-26 10:55:15,680 - root - INFO - payload length : 560
2023-07-26 10:55:16,013 - root - INFO - payload length : 520
2023-07-26 10:55:17,038 - root - INFO - payload length : 540
2023-07-26 10:55:17,215 - root - INFO - payload length : 560
2023-07-26 10:55:17,594 - root - INFO - payload length : 520
2023-07-26 10:55:18,165 - root - INFO - payload length : 520
2023-07-26 10:55:18,817 - root - INFO - payload length : 543
2023-07-26 10:55:19,649 - root - INFO - payload length : 537
2023-07-26 10:55:19,703 - root - INFO - payload length : 560
2023-07-26 10:55:20,493 - root - INFO - payload length : 560
2023-07-26 10:55:20,779 - root - INFO - payload length : 500
2023-07-26 10:55:21,493 - root - INFO - payload length : 540
2023-07-26 10:55:21,842 - root - INFO - payload length : 540
2023-07-26 10:55:22,546 - root - INFO - payload length : 560
2023-07-26 10:55:23,156 - root - INFO - payload length : 540
2023-07-26 10:55:23,248 - root - INFO - payload length : 520
2023-07-26 10:55:24,000 - root - INFO - payload length : 520
2023-07-26 10:55:24,312 - root - INFO - payload length : 560
2023-07-26 10:55:25,009 - root - INFO - payload length : 520
2023-07-26 10:55:25,353 - root - INFO - payload length : 520
2023-07-26 10:55:26,151 - root - INFO - payload length : 540
2023-07-26 10:55:26,409 - root - INFO - payload length : 540
2023-07-26 10:55:27,174 - root - INFO - payload length : 540
2023-07-26 10:55:27,477 - root - INFO - payload length : 520
2023-07-26 10:55:28,281 - root - INFO - payload length : 540
2023-07-26 10:55:28,552 - root - INFO - payload length : 560
2023-07-26 10:55:29,442 - root - INFO - payload length : 520
2023-07-26 10:55:29,612 - root - INFO - payload length : 560
2023-07-26 10:55:30,324 - root - INFO - payload length : 500
2023-07-26 10:55:30,660 - root - INFO - payload length : 560
2023-07-26 10:55:31,373 - root - INFO - payload length : 480
2023-07-26 10:55:31,782 - root - INFO - payload length : 580
2023-07-26 10:55:32,474 - root - INFO - payload length : 520
2023-07-26 10:55:32,760 - root - INFO - payload length : 520
2023-07-26 10:55:33,525 - root - INFO - payload length : 560
2023-07-26 10:55:34,191 - root - INFO - payload length : 500
2023-07-26 10:55:34,552 - root - INFO - payload length : 580
2023-07-26 10:55:34,960 - root - INFO - payload length : 540
2023-07-26 10:55:35,605 - root - INFO - payload length : 540
2023-07-26 10:55:35,983 - root - INFO - payload length : 540
2023-07-26 10:55:36,698 - root - INFO - payload length : 540
2023-07-26 10:55:37,038 - root - INFO - payload length : 540
2023-07-26 10:55:37,825 - root - INFO - payload length : 480
2023-07-26 10:55:38,796 - root - INFO - payload length : 560
2023-07-26 10:55:38,796 - root - INFO - payload length : 520
2023-07-26 10:55:39,156 - root - INFO - payload length : 580
2023-07-26 10:55:40,386 - root - INFO - payload length : 520
2023-07-26 10:55:40,567 - root - INFO - payload length : 520
2023-07-26 10:55:40,797 - root - INFO - payload length : 540
2023-07-26 10:55:41,486 - root - INFO - payload length : 500
2023-07-26 10:55:42,140 - root - INFO - payload length : 580
2023-07-26 10:55:42,319 - root - INFO - payload length : 520
2023-07-26 10:55:43,148 - root - INFO - payload length : 540
2023-07-26 10:55:43,459 - root - INFO - payload length : 520
2023-07-26 10:55:44,149 - root - INFO - payload length : 560
2023-07-26 10:55:44,432 - root - INFO - payload length : 520
2023-07-26 10:55:45,197 - root - INFO - payload length : 540
2023-07-26 10:55:45,508 - root - INFO - payload length : 540
2023-07-26 10:55:46,325 - root - INFO - payload length : 540
2023-07-26 10:55:46,633 - root - INFO - payload length : 540
2023-07-26 10:55:47,527 - root - INFO - payload length : 520
2023-07-26 10:55:47,860 - root - INFO - payload length : 520
2023-07-26 10:55:48,167 - root - INFO - payload length : 540
2023-07-26 10:55:48,884 - root - INFO - payload length : 540
2023-07-26 10:55:49,191 - root - INFO - payload length : 520
2023-07-26 10:55:49,807 - root - INFO - payload length : 540
2023-07-26 10:55:50,523 - root - INFO - payload length : 560
2023-07-26 10:55:50,830 - root - INFO - payload length : 540
2023-07-26 10:55:51,547 - root - INFO - payload length : 480
2023-07-26 10:55:51,855 - root - INFO - payload length : 520
2023-07-26 10:55:52,571 - root - INFO - payload length : 560
2023-07-26 10:55:52,887 - root - INFO - payload length : 540
2023-07-26 10:55:53,594 - root - INFO - payload length : 520
2023-07-26 10:55:54,367 - root - INFO - payload length : 580
2023-07-26 10:55:54,656 - root - INFO - payload length : 520
2023-07-26 10:55:55,410 - root - INFO - payload length : 520
2023-07-26 10:55:55,746 - root - INFO - payload length : 540
2023-07-26 10:55:56,155 - root - INFO - payload length : 520
2023-07-26 10:55:56,796 - root - INFO - payload length : 520
2023-07-26 10:55:57,538 - root - INFO - payload length : 620
2023-07-26 10:55:57,718 - root - INFO - payload length : 520
2023-07-26 10:55:58,408 - root - INFO - payload length : 540
2023-07-26 10:55:58,818 - root - INFO - payload length : 500
2023-07-26 10:55:59,509 - root - INFO - payload length : 540
2023-07-26 10:55:59,791 - root - INFO - payload length : 560
2023-07-26 10:56:00,558 - root - INFO - payload length : 520
2023-07-26 10:56:00,865 - root - INFO - payload length : 520
2023-07-26 10:56:01,583 - root - INFO - payload length : 540
2023-07-26 10:56:01,994 - root - INFO - payload length : 520
2023-07-26 10:56:02,588 - root - INFO - payload length : 520
2023-07-26 10:56:03,016 - root - INFO - payload length : 520
2023-07-26 10:56:03,732 - root - INFO - payload length : 540
2023-07-26 10:56:04,018 - root - INFO - payload length : 560
2023-07-26 10:56:04,756 - root - INFO - payload length : 540
2023-07-26 10:56:05,166 - root - INFO - payload length : 520
2023-07-26 10:56:05,780 - root - INFO - payload length : 520
2023-07-26 10:56:06,191 - root - INFO - payload length : 560
2023-07-26 10:56:06,818 - root - INFO - payload length : 540
2023-07-26 10:56:07,213 - root - INFO - payload length : 520
2023-07-26 10:56:07,930 - root - INFO - payload length : 520
2023-07-26 10:56:08,238 - root - INFO - payload length : 520
2023-07-26 10:56:09,137 - root - INFO - payload length : 520
2023-07-26 10:56:09,317 - root - INFO - payload length : 540
2023-07-26 10:56:09,978 - root - INFO - payload length : 520
2023-07-26 10:56:10,296 - root - INFO - payload length : 540
2023-07-26 10:56:11,002 - root - INFO - payload length : 480
2023-07-26 10:56:11,692 - root - INFO - payload length : 580
2023-07-26 10:56:11,925 - root - INFO - payload length : 460
2023-07-26 10:56:12,640 - root - INFO - payload length : 600
2023-07-26 10:56:12,950 - root - INFO - payload length : 500
2023-07-26 10:56:13,642 - root - INFO - payload length : 520
2023-07-26 10:56:13,973 - root - INFO - payload length : 520
2023-07-26 10:56:14,654 - root - INFO - payload length : 580
2023-07-26 10:56:15,016 - root - INFO - payload length : 540
2023-07-26 10:56:16,226 - root - INFO - payload length : 500
2023-07-26 10:56:16,404 - root - INFO - payload length : 560
2023-07-26 10:56:16,637 - root - INFO - payload length : 520
2023-07-26 10:56:17,146 - root - INFO - payload length : 540
2023-07-26 10:56:17,643 - root - INFO - payload length : 520
2023-07-26 10:56:18,520 - root - INFO - payload length : 540
2023-07-26 10:56:18,686 - root - INFO - payload length : 480
2023-07-26 10:56:19,500 - root - INFO - payload length : 560
2023-07-26 10:56:19,730 - root - INFO - payload length : 540
2023-07-26 10:56:20,439 - root - INFO - payload length : 520
2023-07-26 10:56:20,793 - root - INFO - payload length : 560
2023-07-26 10:56:21,549 - root - INFO - payload length : 540
2023-07-26 10:56:21,860 - root - INFO - payload length : 520
2023-07-26 10:56:22,583 - root - INFO - payload length : 560
2023-07-26 10:56:22,940 - root - INFO - payload length : 520
2023-07-26 10:56:23,674 - root - INFO - payload length : 560
2023-07-26 10:56:24,008 - root - INFO - payload length : 540
2023-07-26 10:56:24,723 - root - INFO - payload length : 520
2023-07-26 10:56:25,850 - root - INFO - payload length : 520
2023-07-26 10:56:25,850 - root - INFO - payload length : 540
2023-07-26 10:56:26,158 - root - INFO - payload length : 540
2023-07-26 10:56:26,873 - root - INFO - payload length : 500
2023-07-26 10:56:27,181 - root - INFO - payload length : 520
2023-07-26 10:56:27,899 - root - INFO - payload length : 560
2023-07-26 10:56:28,206 - root - INFO - payload length : 500
2023-07-26 10:56:29,024 - root - INFO - payload length : 580
2023-07-26 10:56:29,332 - root - INFO - payload length : 520
2023-07-26 10:56:30,049 - root - INFO - payload length : 520
2023-07-26 10:56:30,294 - root - INFO - payload length : 520
2023-07-26 10:56:31,072 - root - INFO - payload length : 520
2023-07-26 10:56:31,367 - root - INFO - payload length : 540
2023-07-26 10:56:32,036 - root - INFO - payload length : 520
2023-07-26 10:56:32,402 - root - INFO - payload length : 540
2023-07-26 10:56:33,223 - root - INFO - payload length : 560
2023-07-26 10:56:33,460 - root - INFO - payload length : 520
2023-07-26 10:56:34,247 - root - INFO - payload length : 560
2023-07-26 10:56:34,526 - root - INFO - payload length : 520
2023-07-26 10:56:35,271 - root - INFO - payload length : 540
2023-07-26 10:56:36,089 - root - INFO - payload length : 520
2023-07-26 10:56:36,294 - root - INFO - payload length : 560
2023-07-26 10:56:37,376 - root - INFO - payload length : 560
2023-07-26 10:56:37,376 - root - INFO - payload length : 540
2023-07-26 10:56:37,934 - root - INFO - payload length : 520
2023-07-26 10:56:38,548 - root - INFO - payload length : 520
2023-07-26 10:56:39,572 - root - INFO - payload length : 540
2023-07-26 10:56:39,573 - root - INFO - payload length : 480
2023-07-26 10:56:40,058 - root - INFO - payload length : 580
2023-07-26 10:56:40,596 - root - INFO - payload length : 520
2023-07-26 10:56:40,904 - root - INFO - payload length : 480
2023-07-26 10:56:41,620 - root - INFO - payload length : 580
2023-07-26 10:56:42,133 - root - INFO - payload length : 520
2023-07-26 10:56:42,746 - root - INFO - payload length : 560
2023-07-26 10:56:43,160 - root - INFO - payload length : 520
2023-07-26 10:56:43,770 - root - INFO - payload length : 560
2023-07-26 10:56:44,222 - root - INFO - payload length : 540
2023-07-26 10:56:44,795 - root - INFO - payload length : 520
2023-07-26 10:56:45,205 - root - INFO - payload length : 540
2023-07-26 10:56:46,076 - root - INFO - payload length : 540
2023-07-26 10:56:46,256 - root - INFO - payload length : 540
2023-07-26 10:56:47,126 - root - INFO - payload length : 540
2023-07-26 10:56:47,395 - root - INFO - payload length : 500
2023-07-26 10:56:47,765 - root - INFO - payload length : 520
2023-07-26 10:56:48,439 - root - INFO - payload length : 540
2023-07-26 10:56:48,890 - root - INFO - payload length : 560
2023-07-26 10:56:49,607 - root - INFO - payload length : 500
2023-07-26 10:56:49,847 - root - INFO - payload length : 560
2023-07-26 10:56:50,429 - root - INFO - payload length : 520
2023-07-26 10:56:51,106 - root - INFO - payload length : 520
2023-07-26 10:56:51,450 - root - INFO - payload length : 540
2023-07-26 10:56:52,167 - root - INFO - payload length : 520
2023-07-26 10:56:52,577 - root - INFO - payload length : 540
2023-07-26 10:56:53,269 - root - INFO - payload length : 540
2023-07-26 10:56:53,544 - root - INFO - payload length : 540
2023-07-26 10:56:54,316 - root - INFO - payload length : 540
2023-07-26 10:56:54,626 - root - INFO - payload length : 540
2023-07-26 10:56:55,340 - root - INFO - payload length : 540
2023-07-26 10:56:55,660 - root - INFO - payload length : 560
2023-07-26 10:56:56,467 - root - INFO - payload length : 520
2023-07-26 10:56:56,776 - root - INFO - payload length : 520
2023-07-26 10:56:57,491 - root - INFO - payload length : 540
2023-07-26 10:56:58,516 - root - INFO - payload length : 560
2023-07-26 10:56:58,738 - root - INFO - payload length : 520
2023-07-26 10:56:59,135 - root - INFO - payload length : 520
2023-07-26 10:56:59,620 - root - INFO - payload length : 540
2023-07-26 10:56:59,951 - root - INFO - payload length : 520
2023-07-26 10:57:00,626 - root - INFO - payload length : 560
2023-07-26 10:57:00,982 - root - INFO - payload length : 520
2023-07-26 10:57:01,795 - root - INFO - payload length : 560
2023-07-26 10:57:02,102 - root - INFO - payload length : 540
2023-07-26 10:57:02,816 - root - INFO - payload length : 540
2023-07-26 10:57:03,124 - root - INFO - payload length : 480
2023-07-26 10:57:03,840 - root - INFO - payload length : 560
2023-07-26 10:57:04,429 - root - INFO - payload length : 520
2023-07-26 10:57:04,687 - root - INFO - payload length : 580
2023-07-26 10:57:05,479 - root - INFO - payload length : 520
2023-07-26 10:57:05,787 - root - INFO - payload length : 520
2023-07-26 10:57:06,504 - root - INFO - payload length : 540
2023-07-26 10:57:07,014 - root - INFO - payload length : 560
2023-07-26 10:57:07,360 - root - INFO - payload length : 534
2023-07-26 10:57:08,141 - root - INFO - payload length : 546
2023-07-26 10:57:08,408 - root - INFO - payload length : 540
2023-07-26 10:57:09,166 - root - INFO - payload length : 520
2023-07-26 10:57:09,459 - root - INFO - payload length : 520
2023-07-26 10:57:10,188 - root - INFO - payload length : 520
2023-07-26 10:57:10,505 - root - INFO - payload length : 540
2023-07-26 10:57:11,317 - root - INFO - payload length : 520
2023-07-26 10:57:11,549 - root - INFO - payload length : 520
2023-07-26 10:57:12,341 - root - INFO - payload length : 560
2023-07-26 10:57:12,615 - root - INFO - payload length : 540
2023-07-26 10:57:13,544 - root - INFO - payload length : 540
2023-07-26 10:57:13,723 - root - INFO - payload length : 540
2023-07-26 10:57:14,466 - root - INFO - payload length : 520
2023-07-26 10:57:15,514 - root - INFO - payload length : 500
2023-07-26 10:57:15,514 - root - INFO - payload length : 560
2023-07-26 10:57:16,001 - root - INFO - payload length : 520
2023-07-26 10:57:16,694 - root - INFO - payload length : 560
2023-07-26 10:57:17,067 - root - INFO - payload length : 540
2023-07-26 10:57:17,870 - root - INFO - payload length : 540
2023-07-26 10:57:18,357 - root - INFO - payload length : 540
2023-07-26 10:57:18,867 - root - INFO - payload length : 540
2023-07-26 10:57:19,200 - root - INFO - payload length : 520
2023-07-26 10:57:19,885 - root - INFO - payload length : 560
2023-07-26 10:57:20,326 - root - INFO - payload length : 540
2023-07-26 10:57:20,839 - root - INFO - payload length : 560
2023-07-26 10:57:21,147 - root - INFO - payload length : 520
2023-07-26 10:57:21,966 - root - INFO - payload length : 500
2023-07-26 10:57:22,372 - root - INFO - payload length : 560
2023-07-26 10:57:22,726 - root - INFO - payload length : 560
2023-07-26 10:57:23,500 - root - INFO - payload length : 540
2023-07-26 10:57:23,809 - root - INFO - payload length : 540
2023-07-26 10:57:24,500 - root - INFO - payload length : 500
2023-07-26 10:57:24,942 - root - INFO - payload length : 520
2023-07-26 10:57:25,658 - root - INFO - payload length : 540
2023-07-26 10:57:25,888 - root - INFO - payload length : 560
2023-07-26 10:57:26,681 - root - INFO - payload length : 520
2023-07-26 10:57:27,644 - root - INFO - payload length : 560
2023-07-26 10:57:27,644 - root - INFO - payload length : 520
2023-07-26 10:57:28,216 - root - INFO - payload length : 500
2023-07-26 10:57:28,526 - root - INFO - payload length : 520
2023-07-26 10:57:29,343 - root - INFO - payload length : 560
2023-07-26 10:57:29,548 - root - INFO - payload length : 500
2023-07-26 10:57:30,265 - root - INFO - payload length : 520
2023-07-26 10:57:30,601 - root - INFO - payload length : 520
2023-07-26 10:57:31,302 - root - INFO - payload length : 562
2023-07-26 10:57:31,700 - root - INFO - payload length : 538
2023-07-26 10:57:32,389 - root - INFO - payload length : 520
2023-07-26 10:57:32,928 - root - INFO - payload length : 528
2023-07-26 10:57:33,236 - root - INFO - payload length : 512
2023-07-26 10:57:33,953 - root - INFO - payload length : 540
2023-07-26 10:57:34,260 - root - INFO - payload length : 512
2023-07-26 10:57:35,077 - root - INFO - payload length : 548
2023-07-26 10:57:35,380 - root - INFO - payload length : 520
2023-07-26 10:57:36,096 - root - INFO - payload length : 520
2023-07-26 10:57:36,377 - root - INFO - payload length : 540
2023-07-26 10:57:37,052 - root - INFO - payload length : 520
2023-07-26 10:57:37,429 - root - INFO - payload length : 520
2023-07-26 10:57:38,113 - root - INFO - payload length : 520
2023-07-26 10:57:38,463 - root - INFO - payload length : 580
2023-07-26 10:57:39,245 - root - INFO - payload length : 520
2023-07-26 10:57:39,578 - root - INFO - payload length : 529
2023-07-26 10:57:40,246 - root - INFO - payload length : 571
2023-07-26 10:57:40,603 - root - INFO - payload length : 520
2023-07-26 10:57:41,421 - root - INFO - payload length : 560
2023-07-26 10:57:41,730 - root - INFO - payload length : 500
2023-07-26 10:57:42,343 - root - INFO - payload length : 540
2023-07-26 10:57:42,686 - root - INFO - payload length : 500
2023-07-26 10:57:43,469 - root - INFO - payload length : 560
2023-07-26 10:57:43,776 - root - INFO - payload length : 520
2023-07-26 10:57:44,469 - root - INFO - payload length : 540
2023-07-26 10:57:44,801 - root - INFO - payload length : 520
2023-07-26 10:57:45,517 - root - INFO - payload length : 520
2023-07-26 10:57:45,827 - root - INFO - payload length : 540
2023-07-26 10:57:46,644 - root - INFO - payload length : 520
2023-07-26 10:57:46,953 - root - INFO - payload length : 527
2023-07-26 10:57:47,667 - root - INFO - payload length : 553
2023-07-26 10:57:48,768 - root - INFO - payload length : 540
2023-07-26 10:57:48,768 - root - INFO - payload length : 560
2023-07-26 10:57:49,208 - root - INFO - payload length : 520
2023-07-26 10:57:49,818 - root - INFO - payload length : 520
2023-07-26 10:57:50,305 - root - INFO - payload length : 540
2023-07-26 10:57:50,841 - root - INFO - payload length : 540
2023-07-26 10:57:51,353 - root - INFO - payload length : 540
2023-07-26 10:57:52,044 - root - INFO - payload length : 500
2023-07-26 10:57:52,456 - root - INFO - payload length : 580
2023-07-26 10:57:52,787 - root - INFO - payload length : 480
2023-07-26 10:57:53,505 - root - INFO - payload length : 580
2023-07-26 10:57:54,016 - root - INFO - payload length : 540
2023-07-26 10:57:54,503 - root - INFO - payload length : 520
2023-07-26 10:57:54,817 - root - INFO - payload length : 520
2023-07-26 10:57:55,552 - root - INFO - payload length : 540
2023-07-26 10:57:55,962 - root - INFO - payload length : 520
2023-07-26 10:57:56,678 - root - INFO - payload length : 500
2023-07-26 10:57:57,118 - root - INFO - payload length : 580
2023-07-26 10:57:57,475 - root - INFO - payload length : 540
2023-07-26 10:57:58,215 - root - INFO - payload length : 560
2023-07-26 10:57:58,544 - root - INFO - payload length : 520
2023-07-26 10:57:59,341 - root - INFO - payload length : 560
2023-07-26 10:57:59,779 - root - INFO - payload length : 520
2023-07-26 10:58:00,160 - root - INFO - payload length : 520
2023-07-26 10:58:00,823 - root - INFO - payload length : 540
2023-07-26 10:58:02,003 - root - INFO - payload length : 540
2023-07-26 10:58:02,004 - root - INFO - payload length : 520
2023-07-26 10:58:02,515 - root - INFO - payload length : 520
2023-07-26 10:58:02,929 - root - INFO - payload length : 540
2023-07-26 10:58:03,539 - root - INFO - payload length : 520
2023-07-26 10:58:04,050 - root - INFO - payload length : 540
2023-07-26 10:58:04,360 - root - INFO - payload length : 500
2023-07-26 10:58:05,076 - root - INFO - payload length : 560
2023-07-26 10:58:05,587 - root - INFO - payload length : 540
2023-07-26 10:58:05,997 - root - INFO - payload length : 520
2023-07-26 10:58:06,616 - root - INFO - payload length : 540
2023-07-26 10:58:07,226 - root - INFO - payload length : 560
2023-07-26 10:58:07,534 - root - INFO - payload length : 540
2023-07-26 10:58:08,249 - root - INFO - payload length : 520
2023-07-26 10:58:08,735 - root - INFO - payload length : 540
2023-07-26 10:58:09,086 - root - INFO - payload length : 500
2023-07-26 10:58:09,889 - root - INFO - payload length : 580
2023-07-26 10:58:10,196 - root - INFO - payload length : 520
2023-07-26 10:58:10,887 - root - INFO - payload length : 520
2023-07-26 10:58:11,415 - root - INFO - payload length : 560
2023-07-26 10:58:11,836 - root - INFO - payload length : 520
2023-07-26 10:58:12,640 - root - INFO - payload length : 520
2023-07-26 10:58:12,858 - root - INFO - payload length : 560
2023-07-26 10:58:13,504 - root - INFO - payload length : 520
2023-07-26 10:58:13,847 - root - INFO - payload length : 520
2023-07-26 10:58:14,598 - root - INFO - payload length : 560
2023-07-26 10:58:15,009 - root - INFO - payload length : 520
2023-07-26 10:58:15,613 - root - INFO - payload length : 538
2023-07-26 10:58:16,033 - root - INFO - payload length : 522
2023-07-26 10:58:16,672 - root - INFO - payload length : 554
2023-07-26 10:58:17,059 - root - INFO - payload length : 526
2023-07-26 10:58:17,773 - root - INFO - payload length : 540
2023-07-26 10:58:18,081 - root - INFO - payload length : 520
2023-07-26 10:58:18,797 - root - INFO - payload length : 520
2023-07-26 10:58:19,208 - root - INFO - payload length : 560
2023-07-26 10:58:19,923 - root - INFO - payload length : 540
2023-07-26 10:58:20,232 - root - INFO - payload length : 540
2023-07-26 10:58:20,949 - root - INFO - payload length : 520
2023-07-26 10:58:21,358 - root - INFO - payload length : 540
2023-07-26 10:58:22,073 - root - INFO - payload length : 580
2023-07-26 10:58:22,381 - root - INFO - payload length : 520
2023-07-26 10:58:23,099 - root - INFO - payload length : 540
2023-07-26 10:58:23,414 - root - INFO - payload length : 540
2023-07-26 10:58:24,102 - root - INFO - payload length : 500
2023-07-26 10:58:24,443 - root - INFO - payload length : 540
2023-07-26 10:58:25,249 - root - INFO - payload length : 540
2023-07-26 10:58:25,520 - root - INFO - payload length : 540
2023-07-26 10:58:26,273 - root - INFO - payload length : 540
2023-07-26 10:58:27,373 - root - INFO - payload length : 540
2023-07-26 10:58:27,555 - root - INFO - payload length : 480
2023-07-26 10:58:27,804 - root - INFO - payload length : 540
2023-07-26 10:58:28,602 - root - INFO - payload length : 580
2023-07-26 10:58:28,831 - root - INFO - payload length : 500
2023-07-26 10:58:29,422 - root - INFO - payload length : 540
2023-07-26 10:58:29,726 - root - INFO - payload length : 540
2023-07-26 10:58:30,832 - root - INFO - payload length : 500
2023-07-26 10:58:31,015 - root - INFO - payload length : 560
2023-07-26 10:58:31,295 - root - INFO - payload length : 520
2023-07-26 10:58:32,109 - root - INFO - payload length : 540
2023-07-26 10:58:32,367 - root - INFO - payload length : 520
2023-07-26 10:58:33,107 - root - INFO - payload length : 580
2023-07-26 10:58:33,545 - root - INFO - payload length : 520
2023-07-26 10:58:34,258 - root - INFO - payload length : 520
2023-07-26 10:58:34,494 - root - INFO - payload length : 520
2023-07-26 10:58:35,283 - root - INFO - payload length : 560
2023-07-26 10:58:35,593 - root - INFO - payload length : 520
2023-07-26 10:58:36,308 - root - INFO - payload length : 540
2023-07-26 10:58:37,435 - root - INFO - payload length : 540
2023-07-26 10:58:37,436 - root - INFO - payload length : 520
2023-07-26 10:58:37,844 - root - INFO - payload length : 520
2023-07-26 10:58:38,432 - root - INFO - payload length : 580
2023-07-26 10:58:38,969 - root - INFO - payload length : 520
2023-07-26 10:58:39,481 - root - INFO - payload length : 520
2023-07-26 10:58:39,993 - root - INFO - payload length : 540
2023-07-26 10:58:40,489 - root - INFO - payload length : 560
2023-07-26 10:58:41,121 - root - INFO - payload length : 520
2023-07-26 10:58:41,632 - root - INFO - payload length : 520
2023-07-26 10:58:42,145 - root - INFO - payload length : 540
2023-07-26 10:58:42,452 - root - INFO - payload length : 523
2023-07-26 10:58:43,168 - root - INFO - payload length : 517
2023-07-26 10:58:43,782 - root - INFO - payload length : 560
2023-07-26 10:58:44,293 - root - INFO - payload length : 560
2023-07-26 10:58:44,531 - root - INFO - payload length : 500
2023-07-26 10:58:45,318 - root - INFO - payload length : 560
2023-07-26 10:58:45,626 - root - INFO - payload length : 540
2023-07-26 10:58:46,342 - root - INFO - payload length : 520
2023-07-26 10:58:46,753 - root - INFO - payload length : 520
2023-07-26 10:58:47,625 - root - INFO - payload length : 560
2023-07-26 10:58:47,804 - root - INFO - payload length : 540
2023-07-26 10:58:48,492 - root - INFO - payload length : 540
2023-07-26 10:58:48,802 - root - INFO - payload length : 540
2023-07-26 10:58:49,620 - root - INFO - payload length : 540
2023-07-26 10:58:49,928 - root - INFO - payload length : 540
2023-07-26 10:58:50,629 - root - INFO - payload length : 460
2023-07-26 10:58:51,053 - root - INFO - payload length : 580
2023-07-26 10:58:51,463 - root - INFO - payload length : 540
2023-07-26 10:58:52,179 - root - INFO - payload length : 540
2023-07-26 10:58:52,487 - root - INFO - payload length : 520
2023-07-26 10:58:53,307 - root - INFO - payload length : 540
2023-07-26 10:58:53,613 - root - INFO - payload length : 540
2023-07-26 10:58:54,330 - root - INFO - payload length : 500
2023-07-26 10:58:54,639 - root - INFO - payload length : 560
2023-07-26 10:58:55,355 - root - INFO - payload length : 560
2023-07-26 10:58:55,764 - root - INFO - payload length : 540
2023-07-26 10:58:56,453 - root - INFO - payload length : 520
2023-07-26 10:58:56,710 - root - INFO - payload length : 520
2023-07-26 10:58:57,504 - root - INFO - payload length : 540
2023-07-26 10:58:57,785 - root - INFO - payload length : 500
2023-07-26 10:58:58,528 - root - INFO - payload length : 580
2023-07-26 10:58:58,939 - root - INFO - payload length : 560
2023-07-26 10:58:59,561 - root - INFO - payload length : 527
2023-07-26 10:58:59,963 - root - INFO - payload length : 533
2023-07-26 10:59:00,858 - root - INFO - payload length : 520
2023-07-26 10:59:01,039 - root - INFO - payload length : 560
2023-07-26 10:59:01,805 - root - INFO - payload length : 520
2023-07-26 10:59:02,831 - root - INFO - payload length : 560
2023-07-26 10:59:03,010 - root - INFO - payload length : 560
2023-07-26 10:59:03,279 - root - INFO - payload length : 500
2023-07-26 10:59:03,854 - root - INFO - payload length : 520
2023-07-26 10:59:04,162 - root - INFO - payload length : 520
2023-07-26 10:59:04,878 - root - INFO - payload length : 520
2023-07-26 10:59:05,286 - root - INFO - payload length : 540
2023-07-26 10:59:05,979 - root - INFO - payload length : 520
2023-07-26 10:59:06,515 - root - INFO - payload length : 560
2023-07-26 10:59:06,823 - root - INFO - payload length : 560
2023-07-26 10:59:07,539 - root - INFO - payload length : 520
2023-07-26 10:59:07,886 - root - INFO - payload length : 520
2023-07-26 10:59:08,750 - root - INFO - payload length : 580
2023-07-26 10:59:08,974 - root - INFO - payload length : 520
2023-07-26 10:59:09,624 - root - INFO - payload length : 520
2023-07-26 10:59:09,997 - root - INFO - payload length : 560
2023-07-26 10:59:10,714 - root - INFO - payload length : 540
2023-07-26 10:59:11,124 - root - INFO - payload length : 520
2023-07-26 10:59:11,841 - root - INFO - payload length : 520
2023-07-26 10:59:12,148 - root - INFO - payload length : 560
2023-07-26 10:59:12,865 - root - INFO - payload length : 540
2023-07-26 10:59:13,275 - root - INFO - payload length : 540
2023-07-26 10:59:14,196 - root - INFO - payload length : 500
2023-07-26 10:59:14,579 - root - INFO - payload length : 561
2023-07-26 10:59:14,812 - root - INFO - payload length : 539
2023-07-26 10:59:15,865 - root - INFO - payload length : 520
2023-07-26 10:59:16,057 - root - INFO - payload length : 540
2023-07-26 10:59:16,730 - root - INFO - payload length : 560
2023-07-26 10:59:17,529 - root - INFO - payload length : 560
2023-07-26 10:59:17,709 - root - INFO - payload length : 520
2023-07-26 10:59:18,370 - root - INFO - payload length : 540
2023-07-26 10:59:19,213 - root - INFO - payload length : 540
2023-07-26 10:59:19,395 - root - INFO - payload length : 540
2023-07-26 10:59:20,238 - root - INFO - payload length : 540
2023-07-26 10:59:20,422 - root - INFO - payload length : 520
2023-07-26 10:59:21,007 - root - INFO - payload length : 520
2023-07-26 10:59:21,724 - root - INFO - payload length : 560
2023-07-26 10:59:21,908 - root - INFO - payload length : 540
2023-07-26 10:59:22,853 - root - INFO - payload length : 560
2023-07-26 10:59:23,031 - root - INFO - payload length : 540
2023-07-26 10:59:23,677 - root - INFO - payload length : 540
2023-07-26 10:59:24,333 - root - INFO - payload length : 520
2023-07-26 10:59:24,640 - root - INFO - payload length : 540
2023-07-26 10:59:25,331 - root - INFO - payload length : 540
2023-07-26 10:59:25,602 - root - INFO - payload length : 540
2023-07-26 10:59:25,972 - root - INFO - payload length : 540
2023-07-26 10:59:26,689 - root - INFO - payload length : 520
2023-07-26 10:59:27,001 - root - INFO - payload length : 540
2023-07-26 10:59:27,717 - root - INFO - payload length : 540
2023-07-26 10:59:28,046 - root - INFO - payload length : 500
2023-07-26 10:59:28,839 - root - INFO - payload length : 540
2023-07-26 10:59:29,866 - root - INFO - payload length : 543
2023-07-26 10:59:29,867 - root - INFO - payload length : 537
2023-07-26 10:59:30,376 - root - INFO - payload length : 520
2023-07-26 10:59:30,887 - root - INFO - payload length : 540
2023-07-26 10:59:31,476 - root - INFO - payload length : 540
2023-07-26 10:59:31,749 - root - INFO - payload length : 500
2023-07-26 10:59:32,524 - root - INFO - payload length : 560
2023-07-26 10:59:33,038 - root - INFO - payload length : 540
2023-07-26 10:59:33,650 - root - INFO - payload length : 520
2023-07-26 10:59:34,163 - root - INFO - payload length : 560
2023-07-26 10:59:34,407 - root - INFO - payload length : 540
2023-07-26 10:59:35,189 - root - INFO - payload length : 520
2023-07-26 10:59:35,497 - root - INFO - payload length : 540
2023-07-26 10:59:36,212 - root - INFO - payload length : 540
2023-07-26 10:59:36,519 - root - INFO - payload length : 460
2023-07-26 10:59:37,235 - root - INFO - payload length : 600
2023-07-26 10:59:38,363 - root - INFO - payload length : 520
2023-07-26 10:59:38,363 - root - INFO - payload length : 540
2023-07-26 10:59:38,874 - root - INFO - payload length : 560
2023-07-26 10:59:39,386 - root - INFO - payload length : 520
2023-07-26 10:59:40,205 - root - INFO - payload length : 520
2023-07-26 10:59:40,389 - root - INFO - payload length : 540
2023-07-26 10:59:41,026 - root - INFO - payload length : 540
2023-07-26 10:59:41,258 - root - INFO - payload length : 500
2023-07-26 10:59:42,049 - root - INFO - payload length : 540
2023-07-26 10:59:42,303 - root - INFO - payload length : 540
2023-07-26 10:59:43,072 - root - INFO - payload length : 500
2023-07-26 10:59:43,370 - root - INFO - payload length : 540
2023-07-26 10:59:44,071 - root - INFO - payload length : 560
2023-07-26 10:59:44,396 - root - INFO - payload length : 480
2023-07-26 10:59:45,222 - root - INFO - payload length : 560
2023-07-26 10:59:45,531 - root - INFO - payload length : 540
2023-07-26 10:59:46,246 - root - INFO - payload length : 540
2023-07-26 10:59:46,557 - root - INFO - payload length : 520
2023-07-26 10:59:47,270 - root - INFO - payload length : 519
2023-07-26 10:59:47,580 - root - INFO - payload length : 521
2023-07-26 10:59:48,295 - root - INFO - payload length : 540
2023-07-26 10:59:48,604 - root - INFO - payload length : 520
2023-07-26 10:59:49,395 - root - INFO - payload length : 560
2023-07-26 10:59:49,652 - root - INFO - payload length : 500
2023-07-26 10:59:50,419 - root - INFO - payload length : 540
2023-07-26 10:59:50,753 - root - INFO - payload length : 520
2023-07-26 10:59:51,469 - root - INFO - payload length : 572
2023-07-26 10:59:51,777 - root - INFO - payload length : 528
2023-07-26 10:59:52,457 - root - INFO - payload length : 520
2023-07-26 10:59:52,903 - root - INFO - payload length : 520
2023-07-26 10:59:53,518 - root - INFO - payload length : 500
2023-07-26 10:59:53,926 - root - INFO - payload length : 560
2023-07-26 10:59:54,543 - root - INFO - payload length : 520
2023-07-26 10:59:54,952 - root - INFO - payload length : 540
2023-07-26 10:59:55,590 - root - INFO - payload length : 520
2023-07-26 10:59:55,975 - root - INFO - payload length : 520
2023-07-26 10:59:56,692 - root - INFO - payload length : 520
2023-07-26 10:59:57,000 - root - INFO - payload length : 540
2023-07-26 10:59:57,717 - root - INFO - payload length : 520
2023-07-26 10:59:58,535 - root - INFO - payload length : 520
2023-07-26 10:59:58,714 - root - INFO - payload length : 580
2023-07-26 10:59:59,149 - root - INFO - payload length : 520
2023-07-26 10:59:59,790 - root - INFO - payload length : 520
2023-07-26 11:00:00,172 - root - INFO - payload length : 540
2023-07-26 11:00:00,895 - root - INFO - payload length : 540
2023-07-26 11:00:01,301 - root - INFO - payload length : 540
2023-07-26 11:00:02,018 - root - INFO - payload length : 520
2023-07-26 11:00:02,325 - root - INFO - payload length : 540
2023-07-26 11:00:03,040 - root - INFO - payload length : 560
2023-07-26 11:00:03,350 - root - INFO - payload length : 520
2023-07-26 11:00:04,065 - root - INFO - payload length : 520
2023-07-26 11:00:04,391 - root - INFO - payload length : 540
2023-07-26 11:00:05,166 - root - INFO - payload length : 540
2023-07-26 11:00:05,430 - root - INFO - payload length : 540
2023-07-26 11:00:06,216 - root - INFO - payload length : 520
2023-07-26 11:00:06,484 - root - INFO - payload length : 540
2023-07-26 11:00:07,239 - root - INFO - payload length : 520
2023-07-26 11:00:07,546 - root - INFO - payload length : 520
2023-07-26 11:00:08,569 - root - INFO - payload length : 560
2023-07-26 11:00:08,775 - root - INFO - payload length : 540
2023-07-26 11:00:09,185 - root - INFO - payload length : 520
2023-07-26 11:00:09,900 - root - INFO - payload length : 480
2023-07-26 11:00:10,924 - root - INFO - payload length : 600
2023-07-26 11:00:10,925 - root - INFO - payload length : 540
2023-07-26 11:00:11,540 - root - INFO - payload length : 520
2023-07-26 11:00:11,753 - root - INFO - payload length : 500
2023-07-26 11:00:12,544 - root - INFO - payload length : 520
2023-07-26 11:00:13,075 - root - INFO - payload length : 520
2023-07-26 11:00:14,072 - root - INFO - payload length : 560
2023-07-26 11:00:14,074 - root - INFO - payload length : 540
2023-07-26 11:00:14,745 - root - INFO - payload length : 540
2023-07-26 11:00:15,124 - root - INFO - payload length : 520
2023-07-26 11:00:15,738 - root - INFO - payload length : 500
2023-07-26 11:00:16,250 - root - INFO - payload length : 560
2023-07-26 11:00:16,762 - root - INFO - payload length : 509
2023-07-26 11:00:17,272 - root - INFO - payload length : 511
2023-07-26 11:00:17,784 - root - INFO - payload length : 520
2023-07-26 11:00:18,297 - root - INFO - payload length : 580
2023-07-26 11:00:18,605 - root - INFO - payload length : 540
2023-07-26 11:00:19,401 - root - INFO - payload length : 540
2023-07-26 11:00:19,650 - root - INFO - payload length : 460
2023-07-26 11:00:20,448 - root - INFO - payload length : 620
2023-07-26 11:00:20,959 - root - INFO - payload length : 540
2023-07-26 11:00:21,268 - root - INFO - payload length : 520
2023-07-26 11:00:22,086 - root - INFO - payload length : 540
2023-07-26 11:00:22,599 - root - INFO - payload length : 520
2023-07-26 11:00:23,618 - root - INFO - payload length : 580
2023-07-26 11:00:23,618 - root - INFO - payload length : 520
2023-07-26 11:00:24,133 - root - INFO - payload length : 520
2023-07-26 11:00:24,647 - root - INFO - payload length : 560
2023-07-26 11:00:25,441 - root - INFO - payload length : 540
2023-07-26 11:00:25,620 - root - INFO - payload length : 480
2023-07-26 11:00:26,209 - root - INFO - payload length : 480
2023-07-26 11:00:26,736 - root - INFO - payload length : 640
2023-07-26 11:00:27,103 - root - INFO - payload length : 540
2023-07-26 11:00:27,804 - root - INFO - payload length : 520
2023-07-26 11:00:28,230 - root - INFO - payload length : 540
2023-07-26 11:00:28,947 - root - INFO - payload length : 560
2023-07-26 11:00:29,459 - root - INFO - payload length : 520
2023-07-26 11:00:29,768 - root - INFO - payload length : 520
2023-07-26 11:00:30,587 - root - INFO - payload length : 560
2023-07-26 11:00:30,833 - root - INFO - payload length : 540
2023-07-26 11:00:31,610 - root - INFO - payload length : 560
2023-07-26 11:00:31,919 - root - INFO - payload length : 520
2023-07-26 11:00:32,602 - root - INFO - payload length : 540
2023-07-26 11:00:33,426 - root - INFO - payload length : 520
2023-07-26 11:00:33,606 - root - INFO - payload length : 520
2023-07-26 11:00:34,271 - root - INFO - payload length : 520
2023-07-26 11:00:34,783 - root - INFO - payload length : 580
2023-07-26 11:00:35,092 - root - INFO - payload length : 520
2023-07-26 11:00:35,809 - root - INFO - payload length : 520
2023-07-26 11:00:36,833 - root - INFO - payload length : 560
2023-07-26 11:00:36,834 - root - INFO - payload length : 520
2023-07-26 11:00:37,446 - root - INFO - payload length : 540
2023-07-26 11:00:37,683 - root - INFO - payload length : 520
2023-07-26 11:00:38,444 - root - INFO - payload length : 540
2023-07-26 11:00:38,982 - root - INFO - payload length : 520
2023-07-26 11:00:39,290 - root - INFO - payload length : 480
2023-07-26 11:00:40,007 - root - INFO - payload length : 580
2023-07-26 11:00:40,598 - root - INFO - payload length : 560
2023-07-26 11:00:40,929 - root - INFO - payload length : 520
2023-07-26 11:00:41,644 - root - INFO - payload length : 520
2023-07-26 11:00:42,157 - root - INFO - payload length : 540
2023-07-26 11:00:42,432 - root - INFO - payload length : 540
2023-07-26 11:00:43,180 - root - INFO - payload length : 540
2023-07-26 11:00:43,692 - root - INFO - payload length : 540
2023-07-26 11:00:44,028 - root - INFO - payload length : 520
2023-07-26 11:00:44,819 - root - INFO - payload length : 544
2023-07-26 11:00:45,126 - root - INFO - payload length : 516
2023-07-26 11:00:45,844 - root - INFO - payload length : 560
2023-07-26 11:00:46,149 - root - INFO - payload length : 520
2023-07-26 11:00:46,869 - root - INFO - payload length : 520
2023-07-26 11:00:47,481 - root - INFO - payload length : 560
2023-07-26 11:00:47,790 - root - INFO - payload length : 540
2023-07-26 11:00:48,480 - root - INFO - payload length : 520
2023-07-26 11:00:48,813 - root - INFO - payload length : 440
2023-07-26 11:00:49,529 - root - INFO - payload length : 620
2023-07-26 11:00:49,940 - root - INFO - payload length : 480
2023-07-26 11:00:50,656 - root - INFO - payload length : 600
2023-07-26 11:00:50,965 - root - INFO - payload length : 520
2023-07-26 11:00:51,786 - root - INFO - payload length : 540
2023-07-26 11:00:51,989 - root - INFO - payload length : 520
2023-07-26 11:00:52,704 - root - INFO - payload length : 480
2023-07-26 11:00:53,395 - root - INFO - payload length : 580
2023-07-26 11:00:53,626 - root - INFO - payload length : 560
2023-07-26 11:00:55,036 - root - INFO - payload length : 520
2023-07-26 11:00:55,214 - root - INFO - payload length : 540
2023-07-26 11:00:55,301 - root - INFO - payload length : 540
2023-07-26 11:00:56,058 - root - INFO - payload length : 520
2023-07-26 11:00:56,698 - root - INFO - payload length : 540
2023-07-26 11:00:56,893 - root - INFO - payload length : 560
2023-07-26 11:00:57,316 - root - INFO - payload length : 520
2023-07-26 11:00:58,028 - root - INFO - payload length : 540
2023-07-26 11:00:58,337 - root - INFO - payload length : 540
2023-07-26 11:00:59,052 - root - INFO - payload length : 520
2023-07-26 11:00:59,368 - root - INFO - payload length : 560
2023-07-26 11:01:00,179 - root - INFO - payload length : 520
2023-07-26 11:01:00,442 - root - INFO - payload length : 560
2023-07-26 11:01:01,203 - root - INFO - payload length : 540
2023-07-26 11:01:01,511 - root - INFO - payload length : 520
2023-07-26 11:01:02,533 - root - INFO - payload length : 540
2023-07-26 11:01:02,731 - root - INFO - payload length : 540
2023-07-26 11:01:03,149 - root - INFO - payload length : 520
2023-07-26 11:01:03,784 - root - INFO - payload length : 520
2023-07-26 11:01:04,175 - root - INFO - payload length : 560
2023-07-26 11:01:04,891 - root - INFO - payload length : 520
2023-07-26 11:01:05,200 - root - INFO - payload length : 520
2023-07-26 11:01:06,018 - root - INFO - payload length : 560
2023-07-26 11:01:06,326 - root - INFO - payload length : 540
2023-07-26 11:01:07,040 - root - INFO - payload length : 500
2023-07-26 11:01:07,348 - root - INFO - payload length : 560
2023-07-26 11:01:08,064 - root - INFO - payload length : 540
2023-07-26 11:01:08,757 - root - INFO - payload length : 500
2023-07-26 11:01:09,191 - root - INFO - payload length : 540
2023-07-26 11:01:09,780 - root - INFO - payload length : 560
2023-07-26 11:01:10,010 - root - INFO - payload length : 520
2023-07-26 11:01:10,725 - root - INFO - payload length : 500
2023-07-26 11:01:11,034 - root - INFO - payload length : 560
2023-07-26 11:01:11,750 - root - INFO - payload length : 520
2023-07-26 11:01:12,060 - root - INFO - payload length : 560
2023-07-26 11:01:12,771 - root - INFO - payload length : 520
2023-07-26 11:01:13,186 - root - INFO - payload length : 540
2023-07-26 11:01:13,900 - root - INFO - payload length : 520
2023-07-26 11:01:14,923 - root - INFO - payload length : 560
2023-07-26 11:01:14,924 - root - INFO - payload length : 520
2023-07-26 11:01:15,538 - root - INFO - payload length : 540
2023-07-26 11:01:16,050 - root - INFO - payload length : 540
2023-07-26 11:01:16,564 - root - INFO - payload length : 540
2023-07-26 11:01:16,871 - root - INFO - payload length : 520
2023-07-26 11:01:17,587 - root - INFO - payload length : 540
2023-07-26 11:01:18,201 - root - INFO - payload length : 520
2023-07-26 11:01:18,625 - root - INFO - payload length : 560
2023-07-26 11:01:19,023 - root - INFO - payload length : 540
2023-07-26 11:01:19,737 - root - INFO - payload length : 500
2023-07-26 11:01:20,044 - root - INFO - payload length : 540
2023-07-26 11:01:20,762 - root - INFO - payload length : 540
2023-07-26 11:01:21,273 - root - INFO - payload length : 560
2023-07-26 11:01:21,604 - root - INFO - payload length : 520
2023-07-26 11:01:22,605 - root - INFO - payload length : 540
2023-07-26 11:01:22,809 - root - INFO - payload length : 540
2023-07-26 11:01:23,425 - root - INFO - payload length : 540
2023-07-26 11:01:23,731 - root - INFO - payload length : 500
2023-07-26 11:01:24,526 - root - INFO - payload length : 580
2023-07-26 11:01:24,859 - root - INFO - payload length : 540
2023-07-26 11:01:25,551 - root - INFO - payload length : 520
2023-07-26 11:01:25,882 - root - INFO - payload length : 540
2023-07-26 11:01:26,599 - root - INFO - payload length : 560
2023-07-26 11:01:26,914 - root - INFO - payload length : 520
2023-07-26 11:01:27,633 - root - INFO - payload length : 520
2023-07-26 11:01:28,749 - root - INFO - payload length : 560
2023-07-26 11:01:28,749 - root - INFO - payload length : 520
2023-07-26 11:01:29,265 - root - INFO - payload length : 540
2023-07-26 11:01:29,874 - root - INFO - payload length : 540
2023-07-26 11:01:30,374 - root - INFO - payload length : 540
2023-07-26 11:01:30,620 - root - INFO - payload length : 500
2023-07-26 11:01:31,411 - root - INFO - payload length : 560
2023-07-26 11:01:31,922 - root - INFO - payload length : 520
2023-07-26 11:01:32,410 - root - INFO - payload length : 580
2023-07-26 11:01:32,757 - root - INFO - payload length : 520
2023-07-26 11:01:33,766 - root - INFO - payload length : 520
2023-07-26 11:01:33,994 - root - INFO - payload length : 560
2023-07-26 11:01:34,365 - root - INFO - payload length : 540
2023-07-26 11:01:35,097 - root - INFO - payload length : 520
2023-07-26 11:01:35,508 - root - INFO - payload length : 540
2023-07-26 11:01:36,403 - root - INFO - payload length : 540
2023-07-26 11:01:36,638 - root - INFO - payload length : 540
2023-07-26 11:01:37,427 - root - INFO - payload length : 520
2023-07-26 11:01:37,607 - root - INFO - payload length : 520
2023-07-26 11:01:38,271 - root - INFO - payload length : 540
2023-07-26 11:01:38,540 - root - INFO - payload length : 520
2023-07-26 11:01:39,270 - root - INFO - payload length : 520
2023-07-26 11:01:40,421 - root - INFO - payload length : 500
2023-07-26 11:01:40,832 - root - INFO - payload length : 560
2023-07-26 11:01:41,021 - root - INFO - payload length : 560
2023-07-26 11:01:41,626 - root - INFO - payload length : 500
2023-07-26 11:01:42,136 - root - INFO - payload length : 570
2023-07-26 11:01:42,592 - root - INFO - payload length : 510
2023-07-26 11:01:43,163 - root - INFO - payload length : 540
2023-07-26 11:01:43,801 - root - INFO - payload length : 560
2023-07-26 11:01:44,007 - root - INFO - payload length : 520
2023-07-26 11:01:44,538 - root - INFO - payload length : 520
2023-07-26 11:01:45,131 - root - INFO - payload length : 540
2023-07-26 11:01:45,420 - root - INFO - payload length : 560
2023-07-26 11:01:46,122 - root - INFO - payload length : 520
2023-07-26 11:01:46,977 - root - INFO - payload length : 540
2023-07-26 11:01:47,282 - root - INFO - payload length : 540
2023-07-26 11:01:47,591 - root - INFO - payload length : 540
2023-07-26 11:01:48,306 - root - INFO - payload length : 520
2023-07-26 11:01:48,820 - root - INFO - payload length : 560
2023-07-26 11:01:49,158 - root - INFO - payload length : 540
2023-07-26 11:01:49,944 - root - INFO - payload length : 520
2023-07-26 11:01:50,257 - root - INFO - payload length : 520
2023-07-26 11:01:50,969 - root - INFO - payload length : 540
2023-07-26 11:01:51,279 - root - INFO - payload length : 540
2023-07-26 11:01:52,150 - root - INFO - payload length : 500
2023-07-26 11:01:52,505 - root - INFO - payload length : 560
2023-07-26 11:01:53,529 - root - INFO - payload length : 520
2023-07-26 11:01:53,709 - root - INFO - payload length : 540
2023-07-26 11:01:54,349 - root - INFO - payload length : 540
2023-07-26 11:01:54,571 - root - INFO - payload length : 520
2023-07-26 11:01:55,528 - root - INFO - payload length : 520
2023-07-26 11:01:55,706 - root - INFO - payload length : 520
2023-07-26 11:01:56,498 - root - INFO - payload length : 560
2023-07-26 11:01:56,704 - root - INFO - payload length : 540
2023-07-26 11:01:57,523 - root - INFO - payload length : 480
2023-07-26 11:01:57,830 - root - INFO - payload length : 560
2023-07-26 11:01:58,521 - root - INFO - payload length : 560
2023-07-26 11:01:58,698 - root - INFO - payload length : 500
2023-07-26 11:01:59,366 - root - INFO - payload length : 540
2023-07-26 11:01:59,777 - root - INFO - payload length : 540
2023-07-26 11:02:00,469 - root - INFO - payload length : 540
2023-07-26 11:02:00,737 - root - INFO - payload length : 520
2023-07-26 11:02:01,518 - root - INFO - payload length : 540
2023-07-26 11:02:01,826 - root - INFO - payload length : 540
2023-07-26 11:02:02,542 - root - INFO - payload length : 500
2023-07-26 11:02:02,850 - root - INFO - payload length : 520
2023-07-26 11:02:03,745 - root - INFO - payload length : 560
2023-07-26 11:02:03,977 - root - INFO - payload length : 540
2023-07-26 11:02:04,694 - root - INFO - payload length : 520
2023-07-26 11:02:04,999 - root - INFO - payload length : 540
2023-07-26 11:02:05,715 - root - INFO - payload length : 520
2023-07-26 11:02:06,024 - root - INFO - payload length : 520
2023-07-26 11:02:06,693 - root - INFO - payload length : 560
2023-07-26 11:02:07,047 - root - INFO - payload length : 520
2023-07-26 11:02:07,864 - root - INFO - payload length : 540
2023-07-26 11:02:08,173 - root - INFO - payload length : 520
2023-07-26 11:02:08,889 - root - INFO - payload length : 480
2023-07-26 11:02:09,736 - root - INFO - payload length : 620
2023-07-26 11:02:09,919 - root - INFO - payload length : 560
2023-07-26 11:02:10,324 - root - INFO - payload length : 500
2023-07-26 11:02:11,245 - root - INFO - payload length : 540
2023-07-26 11:02:11,553 - root - INFO - payload length : 540
2023-07-26 11:02:11,860 - root - INFO - payload length : 480
2023-07-26 11:02:12,756 - root - INFO - payload length : 560
2023-07-26 11:02:12,936 - root - INFO - payload length : 540
2023-07-26 11:02:13,780 - root - INFO - payload length : 520
2023-07-26 11:02:14,097 - root - INFO - payload length : 560
2023-07-26 11:02:14,907 - root - INFO - payload length : 545
2023-07-26 11:02:15,240 - root - INFO - payload length : 555
2023-07-26 11:02:15,926 - root - INFO - payload length : 520
2023-07-26 11:02:16,261 - root - INFO - payload length : 520
2023-07-26 11:02:16,931 - root - INFO - payload length : 540
2023-07-26 11:02:17,185 - root - INFO - payload length : 520
2023-07-26 11:02:17,885 - root - INFO - payload length : 520
2023-07-26 11:02:18,209 - root - INFO - payload length : 520
2023-07-26 11:02:18,899 - root - INFO - payload length : 540
2023-07-26 11:02:19,237 - root - INFO - payload length : 560
2023-07-26 11:02:19,951 - root - INFO - payload length : 520
2023-07-26 11:02:20,360 - root - INFO - payload length : 540
2023-07-26 11:02:21,074 - root - INFO - payload length : 520
2023-07-26 11:02:21,371 - root - INFO - payload length : 520
2023-07-26 11:02:22,098 - root - INFO - payload length : 520
2023-07-26 11:02:22,375 - root - INFO - payload length : 580
2023-07-26 11:02:23,122 - root - INFO - payload length : 520
2023-07-26 11:02:23,404 - root - INFO - payload length : 520
2023-07-26 11:02:24,147 - root - INFO - payload length : 540
2023-07-26 11:02:24,472 - root - INFO - payload length : 540
2023-07-26 11:02:25,273 - root - INFO - payload length : 540
2023-07-26 11:02:25,581 - root - INFO - payload length : 520
2023-07-26 11:02:26,298 - root - INFO - payload length : 540
2023-07-26 11:02:26,606 - root - INFO - payload length : 520
2023-07-26 11:02:27,295 - root - INFO - payload length : 540
2023-07-26 11:02:27,629 - root - INFO - payload length : 520
2023-07-26 11:02:28,448 - root - INFO - payload length : 560
2023-07-26 11:02:28,755 - root - INFO - payload length : 520
2023-07-26 11:02:29,472 - root - INFO - payload length : 540
2023-07-26 11:02:29,781 - root - INFO - payload length : 520
2023-07-26 11:02:30,471 - root - INFO - payload length : 540
2023-07-26 11:02:30,803 - root - INFO - payload length : 500
2023-07-26 11:02:31,624 - root - INFO - payload length : 560
2023-07-26 11:02:31,866 - root - INFO - payload length : 540
2023-07-26 11:02:32,557 - root - INFO - payload length : 520
2023-07-26 11:02:32,904 - root - INFO - payload length : 540
2023-07-26 11:02:33,618 - root - INFO - payload length : 560
2023-07-26 11:02:33,978 - root - INFO - payload length : 520
2023-07-26 11:02:34,694 - root - INFO - payload length : 520
2023-07-26 11:02:35,819 - root - INFO - payload length : 560
2023-07-26 11:02:35,820 - root - INFO - payload length : 500
2023-07-26 11:02:36,333 - root - INFO - payload length : 549
2023-07-26 11:02:36,641 - root - INFO - payload length : 531
2023-07-26 11:02:37,356 - root - INFO - payload length : 540
2023-07-26 11:02:37,769 - root - INFO - payload length : 520
2023-07-26 11:02:38,374 - root - INFO - payload length : 520
2023-07-26 11:02:38,682 - root - INFO - payload length : 540
2023-07-26 11:02:39,404 - root - INFO - payload length : 520
2023-07-26 11:02:39,895 - root - INFO - payload length : 520
2023-07-26 11:02:40,327 - root - INFO - payload length : 520
2023-07-26 11:02:41,041 - root - INFO - payload length : 531
2023-07-26 11:02:41,352 - root - INFO - payload length : 529
2023-07-26 11:02:42,067 - root - INFO - payload length : 520
2023-07-26 11:02:42,375 - root - INFO - payload length : 520
2023-07-26 11:02:43,090 - root - INFO - payload length : 560
2023-07-26 11:02:43,401 - root - INFO - payload length : 520
2023-07-26 11:02:44,217 - root - INFO - payload length : 540
2023-07-26 11:02:44,469 - root - INFO - payload length : 540
2023-07-26 11:02:45,242 - root - INFO - payload length : 520
2023-07-26 11:02:45,753 - root - INFO - payload length : 560
2023-07-26 11:02:46,061 - root - INFO - payload length : 520
2023-07-26 11:02:46,878 - root - INFO - payload length : 520
2023-07-26 11:02:47,187 - root - INFO - payload length : 540
2023-07-26 11:02:47,903 - root - INFO - payload length : 520
2023-07-26 11:02:48,852 - root - INFO - payload length : 580
2023-07-26 11:02:48,853 - root - INFO - payload length : 500
2023-07-26 11:02:49,439 - root - INFO - payload length : 520
2023-07-26 11:02:49,950 - root - INFO - payload length : 540
2023-07-26 11:02:50,438 - root - INFO - payload length : 540
2023-07-26 11:02:51,076 - root - INFO - payload length : 520
2023-07-26 11:02:51,589 - root - INFO - payload length : 520
2023-07-26 11:02:52,101 - root - INFO - payload length : 540
2023-07-26 11:02:52,543 - root - INFO - payload length : 558
2023-07-26 11:02:52,922 - root - INFO - payload length : 542
2023-07-26 11:02:53,640 - root - INFO - payload length : 500
2023-07-26 11:02:54,251 - root - INFO - payload length : 540
2023-07-26 11:02:54,483 - root - INFO - payload length : 560
2023-07-26 11:02:55,277 - root - INFO - payload length : 520
2023-07-26 11:02:55,584 - root - INFO - payload length : 500
2023-07-26 11:02:56,300 - root - INFO - payload length : 600
2023-07-26 11:02:56,606 - root - INFO - payload length : 520
2023-07-26 11:02:57,426 - root - INFO - payload length : 520
2023-07-26 11:02:57,735 - root - INFO - payload length : 540
2023-07-26 11:02:58,451 - root - INFO - payload length : 560
2023-07-26 11:02:58,758 - root - INFO - payload length : 540
2023-07-26 11:02:59,578 - root - INFO - payload length : 500
2023-07-26 11:02:59,886 - root - INFO - payload length : 540
2023-07-26 11:03:00,601 - root - INFO - payload length : 540
2023-07-26 11:03:00,909 - root - INFO - payload length : 540
2023-07-26 11:03:01,625 - root - INFO - payload length : 540
2023-07-26 11:03:01,933 - root - INFO - payload length : 520
2023-07-26 11:03:02,649 - root - INFO - payload length : 520
2023-07-26 11:03:03,061 - root - INFO - payload length : 520
2023-07-26 11:03:03,774 - root - INFO - payload length : 580
2023-07-26 11:03:04,085 - root - INFO - payload length : 520
2023-07-26 11:03:04,799 - root - INFO - payload length : 520
2023-07-26 11:03:05,109 - root - INFO - payload length : 560
2023-07-26 11:03:05,825 - root - INFO - payload length : 540
2023-07-26 11:03:06,234 - root - INFO - payload length : 520
2023-07-26 11:03:06,951 - root - INFO - payload length : 520
2023-07-26 11:03:07,259 - root - INFO - payload length : 560
2023-07-26 11:03:07,947 - root - INFO - payload length : 540
2023-07-26 11:03:08,281 - root - INFO - payload length : 520
2023-07-26 11:03:08,997 - root - INFO - payload length : 540
2023-07-26 11:03:09,408 - root - INFO - payload length : 560
2023-07-26 11:03:10,126 - root - INFO - payload length : 520
2023-07-26 11:03:10,432 - root - INFO - payload length : 520
2023-07-26 11:03:11,148 - root - INFO - payload length : 540
2023-07-26 11:03:11,437 - root - INFO - payload length : 520
2023-07-26 11:03:12,276 - root - INFO - payload length : 560
2023-07-26 11:03:12,584 - root - INFO - payload length : 540
2023-07-26 11:03:13,298 - root - INFO - payload length : 480
2023-07-26 11:03:13,557 - root - INFO - payload length : 580
2023-07-26 11:03:14,274 - root - INFO - payload length : 540
2023-07-26 11:03:14,629 - root - INFO - payload length : 540
2023-07-26 11:03:15,352 - root - INFO - payload length : 520
2023-07-26 11:03:15,673 - root - INFO - payload length : 520
2023-07-26 11:03:16,391 - root - INFO - payload length : 560
2023-07-26 11:03:16,786 - root - INFO - payload length : 540
2023-07-26 11:03:17,457 - root - INFO - payload length : 520
2023-07-26 11:03:17,912 - root - INFO - payload length : 560
2023-07-26 11:03:18,627 - root - INFO - payload length : 540
2023-07-26 11:03:18,937 - root - INFO - payload length : 560
2023-07-26 11:03:19,652 - root - INFO - payload length : 500
2023-07-26 11:03:19,960 - root - INFO - payload length : 560
2023-07-26 11:03:20,632 - root - INFO - payload length : 520
2023-07-26 11:03:21,087 - root - INFO - payload length : 520
2023-07-26 11:03:21,804 - root - INFO - payload length : 560
2023-07-26 11:03:22,828 - root - INFO - payload length : 540
2023-07-26 11:03:22,829 - root - INFO - payload length : 520
2023-07-26 11:03:23,416 - root - INFO - payload length : 560
2023-07-26 11:03:23,855 - root - INFO - payload length : 540
2023-07-26 11:03:24,435 - root - INFO - payload length : 560
2023-07-26 11:03:24,769 - root - INFO - payload length : 520
2023-07-26 11:03:25,483 - root - INFO - payload length : 540
2023-07-26 11:03:25,895 - root - INFO - payload length : 520
2023-07-26 11:03:26,610 - root - INFO - payload length : 560
2023-07-26 11:03:27,121 - root - INFO - payload length : 520
2023-07-26 11:03:27,384 - root - INFO - payload length : 540
2023-07-26 11:03:28,123 - root - INFO - payload length : 540
2023-07-26 11:03:28,445 - root - INFO - payload length : 500
2023-07-26 11:03:29,169 - root - INFO - payload length : 540
2023-07-26 11:03:29,475 - root - INFO - payload length : 520
2023-07-26 11:03:30,195 - root - INFO - payload length : 520
2023-07-26 11:03:30,605 - root - INFO - payload length : 540
2023-07-26 11:03:31,322 - root - INFO - payload length : 520
2023-07-26 11:03:31,629 - root - INFO - payload length : 520
2023-07-26 11:03:32,345 - root - INFO - payload length : 500
2023-07-26 11:03:32,858 - root - INFO - payload length : 580
2023-07-26 11:03:33,138 - root - INFO - payload length : 540
2023-07-26 11:03:33,882 - root - INFO - payload length : 520
2023-07-26 11:03:34,292 - root - INFO - payload length : 520
2023-07-26 11:03:34,917 - root - INFO - payload length : 580
2023-07-26 11:03:35,333 - root - INFO - payload length : 520
2023-07-26 11:03:36,009 - root - INFO - payload length : 520
2023-07-26 11:03:36,334 - root - INFO - payload length : 540
2023-07-26 11:03:37,054 - root - INFO - payload length : 540
2023-07-26 11:03:37,360 - root - INFO - payload length : 500
2023-07-26 11:03:38,181 - root - INFO - payload length : 520
2023-07-26 11:03:39,132 - root - INFO - payload length : 580
2023-07-26 11:03:39,132 - root - INFO - payload length : 520
2023-07-26 11:03:39,646 - root - INFO - payload length : 520
2023-07-26 11:03:40,027 - root - INFO - payload length : 520
2023-07-26 11:03:40,741 - root - INFO - payload length : 540
2023-07-26 11:03:41,053 - root - INFO - payload length : 520
2023-07-26 11:03:41,868 - root - INFO - payload length : 520
2023-07-26 11:03:42,366 - root - INFO - payload length : 580
2023-07-26 11:03:42,620 - root - INFO - payload length : 520
2023-07-26 11:03:43,404 - root - INFO - payload length : 520
2023-07-26 11:03:43,713 - root - INFO - payload length : 540
2023-07-26 11:03:44,406 - root - INFO - payload length : 560
2023-07-26 11:03:44,838 - root - INFO - payload length : 500
2023-07-26 11:03:45,554 - root - INFO - payload length : 540
2023-07-26 11:03:45,863 - root - INFO - payload length : 540
2023-07-26 11:03:46,580 - root - INFO - payload length : 520
2023-07-26 11:03:47,270 - root - INFO - payload length : 560
2023-07-26 11:03:47,628 - root - INFO - payload length : 520
2023-07-26 11:03:48,216 - root - INFO - payload length : 560
2023-07-26 11:03:48,461 - root - INFO - payload length : 540
2023-07-26 11:03:49,240 - root - INFO - payload length : 520
2023-07-26 11:03:49,754 - root - INFO - payload length : 540
2023-07-26 11:03:50,245 - root - INFO - payload length : 520
2023-07-26 11:03:50,558 - root - INFO - payload length : 540
2023-07-26 11:03:51,290 - root - INFO - payload length : 540
2023-07-26 11:03:51,603 - root - INFO - payload length : 520
2023-07-26 11:03:52,417 - root - INFO - payload length : 540
2023-07-26 11:03:52,670 - root - INFO - payload length : 480
2023-07-26 11:03:53,439 - root - INFO - payload length : 560
2023-07-26 11:03:53,710 - root - INFO - payload length : 540
2023-07-26 11:03:54,440 - root - INFO - payload length : 520
2023-07-26 11:03:54,777 - root - INFO - payload length : 520
2023-07-26 11:03:55,591 - root - INFO - payload length : 540
2023-07-26 11:03:56,101 - root - INFO - payload length : 560
2023-07-26 11:03:56,389 - root - INFO - payload length : 520
2023-07-26 11:03:57,126 - root - INFO - payload length : 520
2023-07-26 11:03:57,604 - root - INFO - payload length : 580
2023-07-26 11:03:58,047 - root - INFO - payload length : 520
2023-07-26 11:03:58,662 - root - INFO - payload length : 520
2023-07-26 11:03:59,005 - root - INFO - payload length : 560
2023-07-26 11:03:59,788 - root - INFO - payload length : 540
2023-07-26 11:04:00,097 - root - INFO - payload length : 520
2023-07-26 11:04:00,813 - root - INFO - payload length : 520
2023-07-26 11:04:01,119 - root - INFO - payload length : 540
2023-07-26 11:04:01,838 - root - INFO - payload length : 520
2023-07-26 11:04:02,196 - root - INFO - payload length : 520
2023-07-26 11:04:02,963 - root - INFO - payload length : 580
2023-07-26 11:04:03,270 - root - INFO - payload length : 520
2023-07-26 11:04:03,986 - root - INFO - payload length : 520
2023-07-26 11:04:04,296 - root - INFO - payload length : 540
2023-07-26 11:04:05,113 - root - INFO - payload length : 540
2023-07-26 11:04:05,421 - root - INFO - payload length : 540
2023-07-26 11:04:06,137 - root - INFO - payload length : 520
2023-07-26 11:04:06,412 - root - INFO - payload length : 540
2023-07-26 11:04:07,137 - root - INFO - payload length : 520
2023-07-26 11:04:07,470 - root - INFO - payload length : 560
2023-07-26 11:04:08,672 - root - INFO - payload length : 540
2023-07-26 11:04:08,876 - root - INFO - payload length : 520
2023-07-26 11:04:09,107 - root - INFO - payload length : 520
2023-07-26 11:04:09,786 - root - INFO - payload length : 580
2023-07-26 11:04:10,236 - root - INFO - payload length : 540
2023-07-26 11:04:10,951 - root - INFO - payload length : 540
2023-07-26 11:04:11,258 - root - INFO - payload length : 540
2023-07-26 11:04:11,948 - root - INFO - payload length : 560
2023-07-26 11:04:12,793 - root - INFO - payload length : 542
2023-07-26 11:04:12,998 - root - INFO - payload length : 538
2023-07-26 11:04:13,407 - root - INFO - payload length : 540
2023-07-26 11:04:14,099 - root - INFO - payload length : 520
2023-07-26 11:04:14,746 - root - INFO - payload length : 520
2023-07-26 11:04:14,926 - root - INFO - payload length : 540
2023-07-26 11:04:15,799 - root - INFO - payload length : 520
2023-07-26 11:04:15,960 - root - INFO - payload length : 480
2023-07-26 11:04:16,685 - root - INFO - payload length : 580
2023-07-26 11:04:17,014 - root - INFO - payload length : 540
2023-07-26 11:04:17,788 - root - INFO - payload length : 480
2023-07-26 11:04:18,119 - root - INFO - payload length : 580
2023-07-26 11:04:18,835 - root - INFO - payload length : 480
2023-07-26 11:04:19,859 - root - INFO - payload length : 580
2023-07-26 11:04:19,861 - root - INFO - payload length : 520
2023-07-26 11:04:20,369 - root - INFO - payload length : 520
2023-07-26 11:04:21,190 - root - INFO - payload length : 520
2023-07-26 11:04:21,395 - root - INFO - payload length : 560
2023-07-26 11:04:22,209 - root - INFO - payload length : 500
2023-07-26 11:04:22,621 - root - INFO - payload length : 560
2023-07-26 11:04:22,979 - root - INFO - payload length : 540
2023-07-26 11:04:23,693 - root - INFO - payload length : 560
2023-07-26 11:04:23,873 - root - INFO - payload length : 480
