2023-07-26 10:50:45,088 - root - INFO - File Observer is ready.
2023-07-26 10:50:59,385 - root - INFO - TP0033_TS0039_1000Hz_230726105059_1.txt Created.
2023-07-26 10:50:59,385 - root - INFO - Windows OS detected. Set asyncio event loop policy to WindowsSelectorEventLoopPolicy
2023-07-26 10:50:59,388 - asyncio - DEBUG - Using selector: SelectSelector
2023-07-26 10:51:00,978 - root - INFO - payload length : 1500
2023-07-26 10:51:01,515 - root - INFO - payload length : 560
2023-07-26 10:51:02,048 - root - INFO - payload length : 520
2023-07-26 10:51:02,595 - root - INFO - payload length : 560
2023-07-26 10:51:03,116 - root - INFO - payload length : 560
2023-07-26 10:51:03,663 - root - INFO - payload length : 540
2023-07-26 10:51:04,208 - root - INFO - payload length : 540
2023-07-26 10:51:04,745 - root - INFO - payload length : 560
2023-07-26 10:51:05,277 - root - INFO - payload length : 540
2023-07-26 10:51:05,814 - root - INFO - payload length : 540
2023-07-26 10:51:06,358 - root - INFO - payload length : 520
2023-07-26 10:51:06,890 - root - INFO - payload length : 560
2023-07-26 10:51:07,416 - root - INFO - payload length : 540
2023-07-26 10:51:07,952 - root - INFO - payload length : 520
2023-07-26 10:51:08,492 - root - INFO - payload length : 546
2023-07-26 10:51:09,013 - root - INFO - payload length : 554
2023-07-26 10:51:09,543 - root - INFO - payload length : 520
2023-07-26 10:51:10,075 - root - INFO - payload length : 520
2023-07-26 10:51:10,608 - root - INFO - payload length : 540
2023-07-26 10:51:11,144 - root - INFO - payload length : 560
2023-07-26 10:51:11,660 - root - INFO - payload length : 520
2023-07-26 10:51:12,208 - root - INFO - payload length : 540
2023-07-26 10:51:12,743 - root - INFO - payload length : 560
2023-07-26 10:51:13,272 - root - INFO - payload length : 540
2023-07-26 10:51:13,792 - root - INFO - payload length : 500
2023-07-26 10:51:14,322 - root - INFO - payload length : 560
2023-07-26 10:51:14,838 - root - INFO - payload length : 520
2023-07-26 10:51:15,365 - root - INFO - payload length : 520
2023-07-26 10:51:15,888 - root - INFO - payload length : 540
2023-07-26 10:51:16,413 - root - INFO - payload length : 540
2023-07-26 10:51:16,940 - root - INFO - payload length : 520
2023-07-26 10:51:17,479 - root - INFO - payload length : 520
2023-07-26 10:51:18,001 - root - INFO - payload length : 560
2023-07-26 10:51:18,532 - root - INFO - payload length : 540
2023-07-26 10:51:19,047 - root - INFO - payload length : 480
2023-07-26 10:51:19,580 - root - INFO - payload length : 580
2023-07-26 10:51:20,113 - root - INFO - payload length : 520
2023-07-26 10:51:20,644 - root - INFO - payload length : 480
2023-07-26 10:51:21,169 - root - INFO - payload length : 560
2023-07-26 10:51:21,713 - root - INFO - payload length : 580
2023-07-26 10:51:22,237 - root - INFO - payload length : 520
2023-07-26 10:51:22,772 - root - INFO - payload length : 540
2023-07-26 10:51:23,289 - root - INFO - payload length : 540
2023-07-26 10:51:23,828 - root - INFO - payload length : 540
2023-07-26 10:51:24,363 - root - INFO - payload length : 540
2023-07-26 10:51:24,892 - root - INFO - payload length : 520
2023-07-26 10:51:25,421 - root - INFO - payload length : 560
2023-07-26 10:51:25,951 - root - INFO - payload length : 520
2023-07-26 10:51:26,484 - root - INFO - payload length : 540
2023-07-26 10:51:27,034 - root - INFO - payload length : 560
2023-07-26 10:51:27,561 - root - INFO - payload length : 540
2023-07-26 10:51:28,087 - root - INFO - payload length : 520
2023-07-26 10:51:28,610 - root - INFO - payload length : 520
2023-07-26 10:51:29,143 - root - INFO - payload length : 540
2023-07-26 10:51:29,665 - root - INFO - payload length : 540
2023-07-26 10:51:30,184 - root - INFO - payload length : 520
2023-07-26 10:51:30,714 - root - INFO - payload length : 520
2023-07-26 10:51:31,249 - root - INFO - payload length : 560
2023-07-26 10:51:31,775 - root - INFO - payload length : 540
2023-07-26 10:51:32,307 - root - INFO - payload length : 540
2023-07-26 10:51:32,844 - root - INFO - payload length : 540
2023-07-26 10:51:33,379 - root - INFO - payload length : 540
2023-07-26 10:51:33,915 - root - INFO - payload length : 520
2023-07-26 10:51:34,445 - root - INFO - payload length : 540
2023-07-26 10:51:34,974 - root - INFO - payload length : 560
2023-07-26 10:51:35,507 - root - INFO - payload length : 520
2023-07-26 10:51:36,036 - root - INFO - payload length : 520
2023-07-26 10:51:36,566 - root - INFO - payload length : 540
2023-07-26 10:51:37,086 - root - INFO - payload length : 520
2023-07-26 10:51:37,629 - root - INFO - payload length : 560
2023-07-26 10:51:38,144 - root - INFO - payload length : 480
2023-07-26 10:51:38,674 - root - INFO - payload length : 580
2023-07-26 10:51:39,209 - root - INFO - payload length : 520
2023-07-26 10:51:39,736 - root - INFO - payload length : 560
2023-07-26 10:51:40,276 - root - INFO - payload length : 540
2023-07-26 10:51:40,811 - root - INFO - payload length : 520
2023-07-26 10:51:41,335 - root - INFO - payload length : 560
2023-07-26 10:51:41,870 - root - INFO - payload length : 540
2023-07-26 10:51:42,398 - root - INFO - payload length : 520
2023-07-26 10:51:42,929 - root - INFO - payload length : 480
2023-07-26 10:51:43,445 - root - INFO - payload length : 560
2023-07-26 10:51:43,975 - root - INFO - payload length : 560
2023-07-26 10:51:44,507 - root - INFO - payload length : 540
2023-07-26 10:51:45,038 - root - INFO - payload length : 520
2023-07-26 10:51:45,560 - root - INFO - payload length : 520
2023-07-26 10:51:46,093 - root - INFO - payload length : 560
2023-07-26 10:51:46,628 - root - INFO - payload length : 540
2023-07-26 10:51:47,148 - root - INFO - payload length : 520
2023-07-26 10:51:47,671 - root - INFO - payload length : 500
2023-07-26 10:51:48,198 - root - INFO - payload length : 560
2023-07-26 10:51:48,724 - root - INFO - payload length : 540
2023-07-26 10:51:49,234 - root - INFO - payload length : 500
2023-07-26 10:51:49,765 - root - INFO - payload length : 540
2023-07-26 10:51:50,291 - root - INFO - payload length : 540
2023-07-26 10:51:50,814 - root - INFO - payload length : 520
2023-07-26 10:51:51,328 - root - INFO - payload length : 500
2023-07-26 10:51:51,860 - root - INFO - payload length : 540
2023-07-26 10:51:52,391 - root - INFO - payload length : 560
2023-07-26 10:51:52,921 - root - INFO - payload length : 540
2023-07-26 10:51:53,455 - root - INFO - payload length : 540
2023-07-26 10:51:53,980 - root - INFO - payload length : 540
2023-07-26 10:51:54,512 - root - INFO - payload length : 520
2023-07-26 10:51:55,046 - root - INFO - payload length : 560
2023-07-26 10:51:55,587 - root - INFO - payload length : 540
2023-07-26 10:51:56,121 - root - INFO - payload length : 540
2023-07-26 10:51:56,645 - root - INFO - payload length : 500
2023-07-26 10:51:57,163 - root - INFO - payload length : 560
2023-07-26 10:51:57,702 - root - INFO - payload length : 540
2023-07-26 10:51:58,258 - root - INFO - payload length : 520
2023-07-26 10:51:58,786 - root - INFO - payload length : 560
2023-07-26 10:51:59,309 - root - INFO - payload length : 540
2023-07-26 10:51:59,838 - root - INFO - payload length : 520
2023-07-26 10:52:00,377 - root - INFO - payload length : 540
2023-07-26 10:52:00,900 - root - INFO - payload length : 540
2023-07-26 10:52:01,417 - root - INFO - payload length : 520
2023-07-26 10:52:01,948 - root - INFO - payload length : 540
2023-07-26 10:52:02,497 - root - INFO - payload length : 560
2023-07-26 10:52:03,031 - root - INFO - payload length : 500
2023-07-26 10:52:03,558 - root - INFO - payload length : 560
2023-07-26 10:52:04,084 - root - INFO - payload length : 520
2023-07-26 10:52:04,613 - root - INFO - payload length : 560
2023-07-26 10:52:05,150 - root - INFO - payload length : 540
2023-07-26 10:52:05,673 - root - INFO - payload length : 520
2023-07-26 10:52:06,197 - root - INFO - payload length : 520
2023-07-26 10:52:06,719 - root - INFO - payload length : 540
2023-07-26 10:52:07,236 - root - INFO - payload length : 520
2023-07-26 10:52:07,766 - root - INFO - payload length : 540
2023-07-26 10:52:08,297 - root - INFO - payload length : 520
2023-07-26 10:52:08,825 - root - INFO - payload length : 560
2023-07-26 10:52:09,344 - root - INFO - payload length : 520
2023-07-26 10:52:09,872 - root - INFO - payload length : 520
2023-07-26 10:52:10,406 - root - INFO - payload length : 560
2023-07-26 10:52:10,943 - root - INFO - payload length : 460
2023-07-26 10:52:11,469 - root - INFO - payload length : 600
2023-07-26 10:52:12,010 - root - INFO - payload length : 480
2023-07-26 10:52:12,537 - root - INFO - payload length : 580
2023-07-26 10:52:13,057 - root - INFO - payload length : 480
2023-07-26 10:52:13,582 - root - INFO - payload length : 560
2023-07-26 10:52:14,114 - root - INFO - payload length : 580
2023-07-26 10:52:14,638 - root - INFO - payload length : 520
2023-07-26 10:52:15,174 - root - INFO - payload length : 540
2023-07-26 10:52:15,708 - root - INFO - payload length : 540
2023-07-26 10:52:16,229 - root - INFO - payload length : 514
2023-07-26 10:52:16,752 - root - INFO - payload length : 546
2023-07-26 10:52:17,278 - root - INFO - payload length : 520
2023-07-26 10:52:17,826 - root - INFO - payload length : 580
2023-07-26 10:52:18,372 - root - INFO - payload length : 540
2023-07-26 10:52:18,902 - root - INFO - payload length : 538
2023-07-26 10:52:19,443 - root - INFO - payload length : 542
2023-07-26 10:52:19,967 - root - INFO - payload length : 540
2023-07-26 10:52:20,495 - root - INFO - payload length : 520
2023-07-26 10:52:21,030 - root - INFO - payload length : 540
2023-07-26 10:52:21,542 - root - INFO - payload length : 500
2023-07-26 10:52:22,066 - root - INFO - payload length : 540
2023-07-26 10:52:22,596 - root - INFO - payload length : 540
2023-07-26 10:52:23,125 - root - INFO - payload length : 540
2023-07-26 10:52:23,643 - root - INFO - payload length : 520
2023-07-26 10:52:24,167 - root - INFO - payload length : 520
2023-07-26 10:52:24,718 - root - INFO - payload length : 560
2023-07-26 10:52:25,247 - root - INFO - payload length : 540
2023-07-26 10:52:25,794 - root - INFO - payload length : 560
2023-07-26 10:52:26,325 - root - INFO - payload length : 520
2023-07-26 10:52:26,873 - root - INFO - payload length : 560
2023-07-26 10:52:27,414 - root - INFO - payload length : 560
2023-07-26 10:52:27,941 - root - INFO - payload length : 480
2023-07-26 10:52:28,459 - root - INFO - payload length : 560
2023-07-26 10:52:28,988 - root - INFO - payload length : 560
2023-07-26 10:52:29,526 - root - INFO - payload length : 520
2023-07-26 10:52:30,065 - root - INFO - payload length : 540
2023-07-26 10:52:30,593 - root - INFO - payload length : 560
2023-07-26 10:52:31,110 - root - INFO - payload length : 520
2023-07-26 10:52:31,646 - root - INFO - payload length : 520
2023-07-26 10:52:32,174 - root - INFO - payload length : 540
2023-07-26 10:52:32,692 - root - INFO - payload length : 520
2023-07-26 10:52:33,219 - root - INFO - payload length : 520
2023-07-26 10:52:33,746 - root - INFO - payload length : 520
2023-07-26 10:52:34,275 - root - INFO - payload length : 545
2023-07-26 10:52:34,794 - root - INFO - payload length : 555
2023-07-26 10:52:35,322 - root - INFO - payload length : 520
2023-07-26 10:52:35,830 - root - INFO - payload length : 520
2023-07-26 10:52:36,359 - root - INFO - payload length : 540
2023-07-26 10:52:36,877 - root - INFO - payload length : 520
2023-07-26 10:52:37,413 - root - INFO - payload length : 520
2023-07-26 10:52:37,958 - root - INFO - payload length : 560
2023-07-26 10:52:38,487 - root - INFO - payload length : 540
2023-07-26 10:52:39,021 - root - INFO - payload length : 540
2023-07-26 10:52:39,545 - root - INFO - payload length : 540
2023-07-26 10:52:40,083 - root - INFO - payload length : 540
2023-07-26 10:52:40,622 - root - INFO - payload length : 540
2023-07-26 10:52:41,153 - root - INFO - payload length : 500
2023-07-26 10:52:41,680 - root - INFO - payload length : 500
2023-07-26 10:52:42,201 - root - INFO - payload length : 600
2023-07-26 10:52:42,731 - root - INFO - payload length : 540
2023-07-26 10:52:43,267 - root - INFO - payload length : 520
2023-07-26 10:52:43,788 - root - INFO - payload length : 548
2023-07-26 10:52:44,312 - root - INFO - payload length : 512
2023-07-26 10:52:44,856 - root - INFO - payload length : 540
2023-07-26 10:52:45,389 - root - INFO - payload length : 540
2023-07-26 10:52:45,917 - root - INFO - payload length : 560
2023-07-26 10:52:46,441 - root - INFO - payload length : 520
2023-07-26 10:52:46,972 - root - INFO - payload length : 520
2023-07-26 10:52:47,514 - root - INFO - payload length : 565
2023-07-26 10:52:48,044 - root - INFO - payload length : 535
2023-07-26 10:52:48,565 - root - INFO - payload length : 520
2023-07-26 10:52:49,095 - root - INFO - payload length : 560
2023-07-26 10:52:49,612 - root - INFO - payload length : 480
2023-07-26 10:52:50,141 - root - INFO - payload length : 560
2023-07-26 10:52:50,679 - root - INFO - payload length : 540
2023-07-26 10:52:51,207 - root - INFO - payload length : 540
2023-07-26 10:52:51,730 - root - INFO - payload length : 520
2023-07-26 10:52:52,263 - root - INFO - payload length : 540
2023-07-26 10:52:52,784 - root - INFO - payload length : 520
2023-07-26 10:52:53,315 - root - INFO - payload length : 560
2023-07-26 10:52:53,836 - root - INFO - payload length : 520
2023-07-26 10:52:54,354 - root - INFO - payload length : 520
2023-07-26 10:52:54,908 - root - INFO - payload length : 520
2023-07-26 10:52:55,429 - root - INFO - payload length : 560
2023-07-26 10:52:55,937 - root - INFO - payload length : 500
2023-07-26 10:52:56,471 - root - INFO - payload length : 540
2023-07-26 10:52:57,001 - root - INFO - payload length : 560
2023-07-26 10:52:57,534 - root - INFO - payload length : 538
2023-07-26 10:52:58,057 - root - INFO - payload length : 502
2023-07-26 10:52:58,572 - root - INFO - payload length : 520
2023-07-26 10:52:59,081 - root - INFO - payload length : 500
2023-07-26 10:52:59,606 - root - INFO - payload length : 560
2023-07-26 10:53:00,143 - root - INFO - payload length : 540
2023-07-26 10:53:00,671 - root - INFO - payload length : 520
2023-07-26 10:53:01,206 - root - INFO - payload length : 560
2023-07-26 10:53:01,730 - root - INFO - payload length : 520
2023-07-26 10:53:02,268 - root - INFO - payload length : 520
2023-07-26 10:53:02,791 - root - INFO - payload length : 560
2023-07-26 10:53:03,319 - root - INFO - payload length : 540
2023-07-26 10:53:03,855 - root - INFO - payload length : 540
2023-07-26 10:53:04,390 - root - INFO - payload length : 520
2023-07-26 10:53:04,931 - root - INFO - payload length : 560
2023-07-26 10:53:05,468 - root - INFO - payload length : 540
2023-07-26 10:53:06,003 - root - INFO - payload length : 560
2023-07-26 10:53:06,527 - root - INFO - payload length : 520
2023-07-26 10:53:07,078 - root - INFO - payload length : 560
2023-07-26 10:53:07,611 - root - INFO - payload length : 540
2023-07-26 10:53:08,124 - root - INFO - payload length : 520
2023-07-26 10:53:08,658 - root - INFO - payload length : 520
2023-07-26 10:53:09,186 - root - INFO - payload length : 520
2023-07-26 10:53:09,719 - root - INFO - payload length : 560
2023-07-26 10:53:10,249 - root - INFO - payload length : 540
2023-07-26 10:53:10,780 - root - INFO - payload length : 540
2023-07-26 10:53:11,310 - root - INFO - payload length : 500
2023-07-26 10:53:11,836 - root - INFO - payload length : 580
2023-07-26 10:53:12,353 - root - INFO - payload length : 460
2023-07-26 10:53:12,875 - root - INFO - payload length : 540
2023-07-26 10:53:13,412 - root - INFO - payload length : 580
2023-07-26 10:53:13,924 - root - INFO - payload length : 440
2023-07-26 10:53:14,454 - root - INFO - payload length : 600
2023-07-26 10:53:14,969 - root - INFO - payload length : 520
2023-07-26 10:53:15,503 - root - INFO - payload length : 540
2023-07-26 10:53:16,028 - root - INFO - payload length : 520
2023-07-26 10:53:16,557 - root - INFO - payload length : 560
2023-07-26 10:53:17,083 - root - INFO - payload length : 440
2023-07-26 10:53:17,620 - root - INFO - payload length : 620
2023-07-26 10:53:18,145 - root - INFO - payload length : 540
2023-07-26 10:53:18,684 - root - INFO - payload length : 480
2023-07-26 10:53:19,208 - root - INFO - payload length : 600
2023-07-26 10:53:19,738 - root - INFO - payload length : 520
2023-07-26 10:53:20,254 - root - INFO - payload length : 520
2023-07-26 10:53:20,789 - root - INFO - payload length : 540
2023-07-26 10:53:21,321 - root - INFO - payload length : 560
2023-07-26 10:53:21,842 - root - INFO - payload length : 500
2023-07-26 10:53:22,360 - root - INFO - payload length : 540
2023-07-26 10:53:22,895 - root - INFO - payload length : 540
2023-07-26 10:53:23,420 - root - INFO - payload length : 520
2023-07-26 10:53:23,946 - root - INFO - payload length : 520
2023-07-26 10:53:24,477 - root - INFO - payload length : 520
2023-07-26 10:53:25,003 - root - INFO - payload length : 580
2023-07-26 10:53:25,529 - root - INFO - payload length : 520
2023-07-26 10:53:26,065 - root - INFO - payload length : 540
2023-07-26 10:53:26,585 - root - INFO - payload length : 540
2023-07-26 10:53:27,113 - root - INFO - payload length : 500
2023-07-26 10:53:27,642 - root - INFO - payload length : 560
2023-07-26 10:53:28,178 - root - INFO - payload length : 520
2023-07-26 10:53:28,705 - root - INFO - payload length : 560
2023-07-26 10:53:29,228 - root - INFO - payload length : 520
2023-07-26 10:53:29,753 - root - INFO - payload length : 520
2023-07-26 10:53:30,294 - root - INFO - payload length : 560
2023-07-26 10:53:30,819 - root - INFO - payload length : 520
2023-07-26 10:53:31,341 - root - INFO - payload length : 520
2023-07-26 10:53:31,870 - root - INFO - payload length : 540
2023-07-26 10:53:32,405 - root - INFO - payload length : 560
2023-07-26 10:53:32,936 - root - INFO - payload length : 520
2023-07-26 10:53:33,467 - root - INFO - payload length : 540
2023-07-26 10:53:34,001 - root - INFO - payload length : 540
2023-07-26 10:53:34,541 - root - INFO - payload length : 540
2023-07-26 10:53:35,046 - root - INFO - payload length : 520
2023-07-26 10:53:35,584 - root - INFO - payload length : 500
2023-07-26 10:53:36,114 - root - INFO - payload length : 580
2023-07-26 10:53:36,640 - root - INFO - payload length : 520
2023-07-26 10:53:37,179 - root - INFO - payload length : 540
2023-07-26 10:53:37,717 - root - INFO - payload length : 540
2023-07-26 10:53:38,240 - root - INFO - payload length : 540
2023-07-26 10:53:38,773 - root - INFO - payload length : 540
2023-07-26 10:53:39,284 - root - INFO - payload length : 520
2023-07-26 10:53:39,809 - root - INFO - payload length : 540
2023-07-26 10:53:40,345 - root - INFO - payload length : 520
2023-07-26 10:53:40,882 - root - INFO - payload length : 540
2023-07-26 10:53:41,425 - root - INFO - payload length : 560
2023-07-26 10:53:41,946 - root - INFO - payload length : 520
2023-07-26 10:53:42,480 - root - INFO - payload length : 520
2023-07-26 10:53:43,015 - root - INFO - payload length : 520
2023-07-26 10:53:43,537 - root - INFO - payload length : 560
2023-07-26 10:53:44,067 - root - INFO - payload length : 540
2023-07-26 10:53:44,607 - root - INFO - payload length : 540
2023-07-26 10:53:45,143 - root - INFO - payload length : 560
2023-07-26 10:53:45,669 - root - INFO - payload length : 540
2023-07-26 10:53:46,189 - root - INFO - payload length : 520
2023-07-26 10:53:46,726 - root - INFO - payload length : 520
2023-07-26 10:53:47,241 - root - INFO - payload length : 540
2023-07-26 10:53:47,771 - root - INFO - payload length : 540
2023-07-26 10:53:48,296 - root - INFO - payload length : 480
2023-07-26 10:53:48,812 - root - INFO - payload length : 580
2023-07-26 10:53:49,346 - root - INFO - payload length : 520
2023-07-26 10:53:49,882 - root - INFO - payload length : 520
2023-07-26 10:53:50,406 - root - INFO - payload length : 560
2023-07-26 10:53:50,924 - root - INFO - payload length : 520
2023-07-26 10:53:51,456 - root - INFO - payload length : 540
2023-07-26 10:53:51,990 - root - INFO - payload length : 513
2023-07-26 10:53:52,502 - root - INFO - payload length : 547
2023-07-26 10:53:53,039 - root - INFO - payload length : 540
2023-07-26 10:53:53,557 - root - INFO - payload length : 500
2023-07-26 10:53:54,082 - root - INFO - payload length : 540
2023-07-26 10:53:54,613 - root - INFO - payload length : 560
2023-07-26 10:53:55,146 - root - INFO - payload length : 520
2023-07-26 10:53:55,694 - root - INFO - payload length : 540
2023-07-26 10:53:56,226 - root - INFO - payload length : 560
2023-07-26 10:53:56,746 - root - INFO - payload length : 520
2023-07-26 10:53:57,265 - root - INFO - payload length : 520
2023-07-26 10:53:57,790 - root - INFO - payload length : 540
2023-07-26 10:53:58,311 - root - INFO - payload length : 520
2023-07-26 10:53:58,838 - root - INFO - payload length : 500
2023-07-26 10:53:59,373 - root - INFO - payload length : 580
2023-07-26 10:53:59,919 - root - INFO - payload length : 540
2023-07-26 10:54:00,445 - root - INFO - payload length : 540
2023-07-26 10:54:00,965 - root - INFO - payload length : 460
2023-07-26 10:54:01,501 - root - INFO - payload length : 580
2023-07-26 10:54:02,040 - root - INFO - payload length : 560
2023-07-26 10:54:02,560 - root - INFO - payload length : 520
2023-07-26 10:54:03,093 - root - INFO - payload length : 560
2023-07-26 10:54:03,612 - root - INFO - payload length : 500
2023-07-26 10:54:04,145 - root - INFO - payload length : 560
2023-07-26 10:54:04,667 - root - INFO - payload length : 520
2023-07-26 10:54:05,188 - root - INFO - payload length : 520
2023-07-26 10:54:05,726 - root - INFO - payload length : 540
2023-07-26 10:54:06,253 - root - INFO - payload length : 560
2023-07-26 10:54:06,786 - root - INFO - payload length : 520
2023-07-26 10:54:07,312 - root - INFO - payload length : 540
2023-07-26 10:54:07,845 - root - INFO - payload length : 540
2023-07-26 10:54:08,363 - root - INFO - payload length : 520
2023-07-26 10:54:08,889 - root - INFO - payload length : 540
2023-07-26 10:54:09,422 - root - INFO - payload length : 540
2023-07-26 10:54:09,957 - root - INFO - payload length : 520
2023-07-26 10:54:10,486 - root - INFO - payload length : 520
2023-07-26 10:54:11,016 - root - INFO - payload length : 560
2023-07-26 10:54:11,542 - root - INFO - payload length : 540
2023-07-26 10:54:12,072 - root - INFO - payload length : 520
2023-07-26 10:54:12,590 - root - INFO - payload length : 520
2023-07-26 10:54:13,112 - root - INFO - payload length : 540
2023-07-26 10:54:13,645 - root - INFO - payload length : 540
2023-07-26 10:54:14,175 - root - INFO - payload length : 520
2023-07-26 10:54:14,699 - root - INFO - payload length : 480
2023-07-26 10:54:15,234 - root - INFO - payload length : 600
2023-07-26 10:54:15,760 - root - INFO - payload length : 540
2023-07-26 10:54:16,278 - root - INFO - payload length : 500
2023-07-26 10:54:16,804 - root - INFO - payload length : 540
2023-07-26 10:54:17,336 - root - INFO - payload length : 500
2023-07-26 10:54:17,865 - root - INFO - payload length : 580
2023-07-26 10:54:18,396 - root - INFO - payload length : 540
2023-07-26 10:54:18,924 - root - INFO - payload length : 540
2023-07-26 10:54:19,459 - root - INFO - payload length : 528
2023-07-26 10:54:19,985 - root - INFO - payload length : 532
2023-07-26 10:54:20,520 - root - INFO - payload length : 560
2023-07-26 10:54:21,056 - root - INFO - payload length : 500
2023-07-26 10:54:21,585 - root - INFO - payload length : 560
2023-07-26 10:54:22,114 - root - INFO - payload length : 540
2023-07-26 10:54:22,646 - root - INFO - payload length : 520
2023-07-26 10:54:23,166 - root - INFO - payload length : 520
2023-07-26 10:54:23,679 - root - INFO - payload length : 520
2023-07-26 10:54:24,203 - root - INFO - payload length : 560
2023-07-26 10:54:24,727 - root - INFO - payload length : 500
2023-07-26 10:54:25,252 - root - INFO - payload length : 520
2023-07-26 10:54:25,802 - root - INFO - payload length : 574
2023-07-26 10:54:26,323 - root - INFO - payload length : 486
2023-07-26 10:54:26,876 - root - INFO - payload length : 588
2023-07-26 10:54:27,408 - root - INFO - payload length : 552
2023-07-26 10:54:27,937 - root - INFO - payload length : 540
2023-07-26 10:54:28,463 - root - INFO - payload length : 540
2023-07-26 10:54:28,992 - root - INFO - payload length : 520
2023-07-26 10:54:29,511 - root - INFO - payload length : 540
2023-07-26 10:54:30,046 - root - INFO - payload length : 520
2023-07-26 10:54:30,567 - root - INFO - payload length : 540
2023-07-26 10:54:31,097 - root - INFO - payload length : 520
2023-07-26 10:54:31,616 - root - INFO - payload length : 520
2023-07-26 10:54:32,136 - root - INFO - payload length : 540
2023-07-26 10:54:32,684 - root - INFO - payload length : 540
2023-07-26 10:54:33,213 - root - INFO - payload length : 520
2023-07-26 10:54:33,764 - root - INFO - payload length : 600
2023-07-26 10:54:34,294 - root - INFO - payload length : 480
2023-07-26 10:54:34,829 - root - INFO - payload length : 580
2023-07-26 10:54:35,362 - root - INFO - payload length : 540
2023-07-26 10:54:35,897 - root - INFO - payload length : 520
2023-07-26 10:54:36,433 - root - INFO - payload length : 560
2023-07-26 10:54:36,976 - root - INFO - payload length : 540
2023-07-26 10:54:37,498 - root - INFO - payload length : 540
2023-07-26 10:54:38,029 - root - INFO - payload length : 500
2023-07-26 10:54:38,568 - root - INFO - payload length : 580
2023-07-26 10:54:39,095 - root - INFO - payload length : 540
2023-07-26 10:54:39,619 - root - INFO - payload length : 520
2023-07-26 10:54:40,152 - root - INFO - payload length : 540
2023-07-26 10:54:40,703 - root - INFO - payload length : 560
2023-07-26 10:54:41,239 - root - INFO - payload length : 540
2023-07-26 10:54:41,767 - root - INFO - payload length : 520
2023-07-26 10:54:42,303 - root - INFO - payload length : 560
2023-07-26 10:54:42,813 - root - INFO - payload length : 520
2023-07-26 10:54:43,348 - root - INFO - payload length : 540
2023-07-26 10:54:43,863 - root - INFO - payload length : 520
2023-07-26 10:54:44,397 - root - INFO - payload length : 540
2023-07-26 10:54:44,933 - root - INFO - payload length : 520
2023-07-26 10:54:45,452 - root - INFO - payload length : 480
2023-07-26 10:54:45,973 - root - INFO - payload length : 560
2023-07-26 10:54:46,495 - root - INFO - payload length : 560
2023-07-26 10:54:47,027 - root - INFO - payload length : 540
2023-07-26 10:54:47,566 - root - INFO - payload length : 520
2023-07-26 10:54:48,094 - root - INFO - payload length : 560
2023-07-26 10:54:48,642 - root - INFO - payload length : 540
2023-07-26 10:54:49,171 - root - INFO - payload length : 540
2023-07-26 10:54:49,700 - root - INFO - payload length : 500
2023-07-26 10:54:50,238 - root - INFO - payload length : 560
2023-07-26 10:54:50,770 - root - INFO - payload length : 540
2023-07-26 10:54:51,302 - root - INFO - payload length : 540
2023-07-26 10:54:51,826 - root - INFO - payload length : 540
2023-07-26 10:54:52,364 - root - INFO - payload length : 540
2023-07-26 10:54:52,901 - root - INFO - payload length : 540
2023-07-26 10:54:53,431 - root - INFO - payload length : 540
2023-07-26 10:54:53,952 - root - INFO - payload length : 540
2023-07-26 10:54:54,477 - root - INFO - payload length : 520
2023-07-26 10:54:54,993 - root - INFO - payload length : 520
2023-07-26 10:54:55,527 - root - INFO - payload length : 520
2023-07-26 10:54:56,060 - root - INFO - payload length : 540
2023-07-26 10:54:56,593 - root - INFO - payload length : 540
2023-07-26 10:54:57,121 - root - INFO - payload length : 540
2023-07-26 10:54:57,666 - root - INFO - payload length : 560
2023-07-26 10:54:58,197 - root - INFO - payload length : 540
2023-07-26 10:54:58,717 - root - INFO - payload length : 520
2023-07-26 10:54:59,241 - root - INFO - payload length : 520
2023-07-26 10:54:59,760 - root - INFO - payload length : 540
2023-07-26 10:55:00,304 - root - INFO - payload length : 520
2023-07-26 10:55:00,817 - root - INFO - payload length : 540
2023-07-26 10:55:01,347 - root - INFO - payload length : 555
2023-07-26 10:55:01,870 - root - INFO - payload length : 525
2023-07-26 10:55:02,404 - root - INFO - payload length : 520
2023-07-26 10:55:02,927 - root - INFO - payload length : 500
2023-07-26 10:55:03,449 - root - INFO - payload length : 560
2023-07-26 10:55:03,996 - root - INFO - payload length : 560
2023-07-26 10:55:04,525 - root - INFO - payload length : 540
2023-07-26 10:55:05,035 - root - INFO - payload length : 520
2023-07-26 10:55:05,561 - root - INFO - payload length : 520
2023-07-26 10:55:06,084 - root - INFO - payload length : 480
2023-07-26 10:55:06,611 - root - INFO - payload length : 580
2023-07-26 10:55:07,152 - root - INFO - payload length : 560
2023-07-26 10:55:07,679 - root - INFO - payload length : 520
2023-07-26 10:55:08,197 - root - INFO - payload length : 520
2023-07-26 10:55:08,725 - root - INFO - payload length : 540
2023-07-26 10:55:09,265 - root - INFO - payload length : 520
2023-07-26 10:55:09,783 - root - INFO - payload length : 520
2023-07-26 10:55:10,321 - root - INFO - payload length : 560
2023-07-26 10:55:10,837 - root - INFO - payload length : 540
2023-07-26 10:55:11,363 - root - INFO - payload length : 520
2023-07-26 10:55:11,895 - root - INFO - payload length : 540
2023-07-26 10:55:12,418 - root - INFO - payload length : 520
2023-07-26 10:55:12,935 - root - INFO - payload length : 520
2023-07-26 10:55:13,466 - root - INFO - payload length : 540
2023-07-26 10:55:13,997 - root - INFO - payload length : 540
2023-07-26 10:55:14,532 - root - INFO - payload length : 540
2023-07-26 10:55:15,073 - root - INFO - payload length : 560
2023-07-26 10:55:15,606 - root - INFO - payload length : 520
2023-07-26 10:55:16,147 - root - INFO - payload length : 540
2023-07-26 10:55:16,677 - root - INFO - payload length : 560
2023-07-26 10:55:17,201 - root - INFO - payload length : 520
2023-07-26 10:55:17,730 - root - INFO - payload length : 520
2023-07-26 10:55:18,274 - root - INFO - payload length : 543
2023-07-26 10:55:18,805 - root - INFO - payload length : 537
2023-07-26 10:55:19,340 - root - INFO - payload length : 560
2023-07-26 10:55:19,880 - root - INFO - payload length : 560
2023-07-26 10:55:20,416 - root - INFO - payload length : 500
2023-07-26 10:55:20,951 - root - INFO - payload length : 540
2023-07-26 10:55:21,478 - root - INFO - payload length : 540
2023-07-26 10:55:22,006 - root - INFO - payload length : 560
2023-07-26 10:55:22,539 - root - INFO - payload length : 540
2023-07-26 10:55:23,063 - root - INFO - payload length : 520
2023-07-26 10:55:23,588 - root - INFO - payload length : 520
2023-07-26 10:55:24,118 - root - INFO - payload length : 560
2023-07-26 10:55:24,648 - root - INFO - payload length : 520
2023-07-26 10:55:25,168 - root - INFO - payload length : 520
2023-07-26 10:55:25,694 - root - INFO - payload length : 540
2023-07-26 10:55:26,224 - root - INFO - payload length : 540
2023-07-26 10:55:26,758 - root - INFO - payload length : 540
2023-07-26 10:55:27,290 - root - INFO - payload length : 520
2023-07-26 10:55:27,825 - root - INFO - payload length : 540
2023-07-26 10:55:28,366 - root - INFO - payload length : 560
2023-07-26 10:55:28,902 - root - INFO - payload length : 520
2023-07-26 10:55:29,427 - root - INFO - payload length : 560
2023-07-26 10:55:29,944 - root - INFO - payload length : 500
2023-07-26 10:55:30,475 - root - INFO - payload length : 560
2023-07-26 10:55:30,993 - root - INFO - payload length : 480
2023-07-26 10:55:31,518 - root - INFO - payload length : 580
2023-07-26 10:55:32,042 - root - INFO - payload length : 520
2023-07-26 10:55:32,576 - root - INFO - payload length : 520
2023-07-26 10:55:33,106 - root - INFO - payload length : 560
2023-07-26 10:55:33,638 - root - INFO - payload length : 500
2023-07-26 10:55:34,187 - root - INFO - payload length : 580
2023-07-26 10:55:34,714 - root - INFO - payload length : 540
2023-07-26 10:55:35,241 - root - INFO - payload length : 540
2023-07-26 10:55:35,786 - root - INFO - payload length : 540
2023-07-26 10:55:36,319 - root - INFO - payload length : 540
2023-07-26 10:55:36,851 - root - INFO - payload length : 540
2023-07-26 10:55:37,377 - root - INFO - payload length : 480
2023-07-26 10:55:37,914 - root - INFO - payload length : 560
2023-07-26 10:55:38,434 - root - INFO - payload length : 520
2023-07-26 10:55:38,959 - root - INFO - payload length : 580
2023-07-26 10:55:39,492 - root - INFO - payload length : 520
2023-07-26 10:55:40,028 - root - INFO - payload length : 520
2023-07-26 10:55:40,547 - root - INFO - payload length : 540
2023-07-26 10:55:41,074 - root - INFO - payload length : 500
2023-07-26 10:55:41,599 - root - INFO - payload length : 580
2023-07-26 10:55:42,128 - root - INFO - payload length : 520
2023-07-26 10:55:42,654 - root - INFO - payload length : 540
2023-07-26 10:55:43,189 - root - INFO - payload length : 520
2023-07-26 10:55:43,720 - root - INFO - payload length : 560
2023-07-26 10:55:44,246 - root - INFO - payload length : 520
2023-07-26 10:55:44,776 - root - INFO - payload length : 540
2023-07-26 10:55:45,310 - root - INFO - payload length : 540
2023-07-26 10:55:45,846 - root - INFO - payload length : 540
2023-07-26 10:55:46,369 - root - INFO - payload length : 540
2023-07-26 10:55:46,888 - root - INFO - payload length : 520
2023-07-26 10:55:47,426 - root - INFO - payload length : 520
2023-07-26 10:55:47,945 - root - INFO - payload length : 540
2023-07-26 10:55:48,471 - root - INFO - payload length : 540
2023-07-26 10:55:49,000 - root - INFO - payload length : 520
2023-07-26 10:55:49,531 - root - INFO - payload length : 540
2023-07-26 10:55:50,065 - root - INFO - payload length : 560
2023-07-26 10:55:50,597 - root - INFO - payload length : 540
2023-07-26 10:55:51,109 - root - INFO - payload length : 480
2023-07-26 10:55:51,624 - root - INFO - payload length : 520
2023-07-26 10:55:52,169 - root - INFO - payload length : 560
2023-07-26 10:55:52,702 - root - INFO - payload length : 540
2023-07-26 10:55:53,222 - root - INFO - payload length : 520
2023-07-26 10:55:53,763 - root - INFO - payload length : 580
2023-07-26 10:55:54,290 - root - INFO - payload length : 520
2023-07-26 10:55:54,821 - root - INFO - payload length : 520
2023-07-26 10:55:55,351 - root - INFO - payload length : 540
2023-07-26 10:55:55,886 - root - INFO - payload length : 520
2023-07-26 10:55:56,427 - root - INFO - payload length : 520
2023-07-26 10:55:56,971 - root - INFO - payload length : 620
2023-07-26 10:55:57,493 - root - INFO - payload length : 520
2023-07-26 10:55:58,024 - root - INFO - payload length : 540
2023-07-26 10:55:58,534 - root - INFO - payload length : 500
2023-07-26 10:55:59,070 - root - INFO - payload length : 540
2023-07-26 10:55:59,605 - root - INFO - payload length : 560
2023-07-26 10:56:00,127 - root - INFO - payload length : 520
2023-07-26 10:56:00,657 - root - INFO - payload length : 520
2023-07-26 10:56:01,172 - root - INFO - payload length : 540
2023-07-26 10:56:01,710 - root - INFO - payload length : 520
2023-07-26 10:56:02,223 - root - INFO - payload length : 520
2023-07-26 10:56:02,761 - root - INFO - payload length : 520
2023-07-26 10:56:03,303 - root - INFO - payload length : 540
2023-07-26 10:56:03,831 - root - INFO - payload length : 560
2023-07-26 10:56:04,359 - root - INFO - payload length : 540
2023-07-26 10:56:04,895 - root - INFO - payload length : 520
2023-07-26 10:56:05,407 - root - INFO - payload length : 520
2023-07-26 10:56:05,930 - root - INFO - payload length : 560
2023-07-26 10:56:06,453 - root - INFO - payload length : 540
2023-07-26 10:56:06,979 - root - INFO - payload length : 520
2023-07-26 10:56:07,483 - root - INFO - payload length : 520
2023-07-26 10:56:08,017 - root - INFO - payload length : 520
2023-07-26 10:56:08,535 - root - INFO - payload length : 520
2023-07-26 10:56:09,068 - root - INFO - payload length : 540
2023-07-26 10:56:09,588 - root - INFO - payload length : 520
2023-07-26 10:56:10,111 - root - INFO - payload length : 540
2023-07-26 10:56:10,628 - root - INFO - payload length : 480
2023-07-26 10:56:11,148 - root - INFO - payload length : 580
2023-07-26 10:56:11,667 - root - INFO - payload length : 460
2023-07-26 10:56:12,188 - root - INFO - payload length : 600
2023-07-26 10:56:12,704 - root - INFO - payload length : 500
2023-07-26 10:56:13,232 - root - INFO - payload length : 520
2023-07-26 10:56:13,760 - root - INFO - payload length : 520
2023-07-26 10:56:14,289 - root - INFO - payload length : 580
2023-07-26 10:56:14,831 - root - INFO - payload length : 540
2023-07-26 10:56:15,350 - root - INFO - payload length : 500
2023-07-26 10:56:15,883 - root - INFO - payload length : 560
2023-07-26 10:56:16,399 - root - INFO - payload length : 520
2023-07-26 10:56:16,933 - root - INFO - payload length : 540
2023-07-26 10:56:17,459 - root - INFO - payload length : 520
2023-07-26 10:56:17,976 - root - INFO - payload length : 540
2023-07-26 10:56:18,500 - root - INFO - payload length : 480
2023-07-26 10:56:19,034 - root - INFO - payload length : 560
2023-07-26 10:56:19,547 - root - INFO - payload length : 540
2023-07-26 10:56:20,074 - root - INFO - payload length : 520
2023-07-26 10:56:20,608 - root - INFO - payload length : 560
2023-07-26 10:56:21,145 - root - INFO - payload length : 540
2023-07-26 10:56:21,675 - root - INFO - payload length : 520
2023-07-26 10:56:22,221 - root - INFO - payload length : 560
2023-07-26 10:56:22,754 - root - INFO - payload length : 520
2023-07-26 10:56:23,294 - root - INFO - payload length : 560
2023-07-26 10:56:23,816 - root - INFO - payload length : 540
2023-07-26 10:56:24,343 - root - INFO - payload length : 520
2023-07-26 10:56:24,879 - root - INFO - payload length : 520
2023-07-26 10:56:25,387 - root - INFO - payload length : 540
2023-07-26 10:56:25,911 - root - INFO - payload length : 540
2023-07-26 10:56:26,424 - root - INFO - payload length : 500
2023-07-26 10:56:26,946 - root - INFO - payload length : 520
2023-07-26 10:56:27,480 - root - INFO - payload length : 560
2023-07-26 10:56:28,010 - root - INFO - payload length : 500
2023-07-26 10:56:28,549 - root - INFO - payload length : 580
2023-07-26 10:56:29,064 - root - INFO - payload length : 520
2023-07-26 10:56:29,585 - root - INFO - payload length : 520
2023-07-26 10:56:30,109 - root - INFO - payload length : 520
2023-07-26 10:56:30,631 - root - INFO - payload length : 520
2023-07-26 10:56:31,154 - root - INFO - payload length : 540
2023-07-26 10:56:31,670 - root - INFO - payload length : 520
2023-07-26 10:56:32,202 - root - INFO - payload length : 540
2023-07-26 10:56:32,746 - root - INFO - payload length : 560
2023-07-26 10:56:33,272 - root - INFO - payload length : 520
2023-07-26 10:56:33,812 - root - INFO - payload length : 560
2023-07-26 10:56:34,333 - root - INFO - payload length : 520
2023-07-26 10:56:34,876 - root - INFO - payload length : 540
2023-07-26 10:56:35,408 - root - INFO - payload length : 520
2023-07-26 10:56:35,941 - root - INFO - payload length : 560
2023-07-26 10:56:36,477 - root - INFO - payload length : 560
2023-07-26 10:56:37,014 - root - INFO - payload length : 540
2023-07-26 10:56:37,533 - root - INFO - payload length : 520
2023-07-26 10:56:38,063 - root - INFO - payload length : 520
2023-07-26 10:56:38,579 - root - INFO - payload length : 540
2023-07-26 10:56:39,097 - root - INFO - payload length : 480
2023-07-26 10:56:39,633 - root - INFO - payload length : 580
2023-07-26 10:56:40,161 - root - INFO - payload length : 520
2023-07-26 10:56:40,670 - root - INFO - payload length : 480
2023-07-26 10:56:41,203 - root - INFO - payload length : 580
2023-07-26 10:56:41,735 - root - INFO - payload length : 520
2023-07-26 10:56:42,279 - root - INFO - payload length : 560
2023-07-26 10:56:42,799 - root - INFO - payload length : 520
2023-07-26 10:56:43,329 - root - INFO - payload length : 560
2023-07-26 10:56:43,859 - root - INFO - payload length : 540
2023-07-26 10:56:44,392 - root - INFO - payload length : 520
2023-07-26 10:56:44,922 - root - INFO - payload length : 540
2023-07-26 10:56:45,452 - root - INFO - payload length : 540
2023-07-26 10:56:45,985 - root - INFO - payload length : 540
2023-07-26 10:56:46,512 - root - INFO - payload length : 540
2023-07-26 10:56:47,032 - root - INFO - payload length : 500
2023-07-26 10:56:47,549 - root - INFO - payload length : 520
2023-07-26 10:56:48,077 - root - INFO - payload length : 540
2023-07-26 10:56:48,610 - root - INFO - payload length : 560
2023-07-26 10:56:49,139 - root - INFO - payload length : 500
2023-07-26 10:56:49,659 - root - INFO - payload length : 560
2023-07-26 10:56:50,193 - root - INFO - payload length : 520
2023-07-26 10:56:50,724 - root - INFO - payload length : 520
2023-07-26 10:56:51,241 - root - INFO - payload length : 540
2023-07-26 10:56:51,758 - root - INFO - payload length : 520
2023-07-26 10:56:52,287 - root - INFO - payload length : 540
2023-07-26 10:56:52,825 - root - INFO - payload length : 540
2023-07-26 10:56:53,355 - root - INFO - payload length : 540
2023-07-26 10:56:53,885 - root - INFO - payload length : 540
2023-07-26 10:56:54,414 - root - INFO - payload length : 540
2023-07-26 10:56:54,953 - root - INFO - payload length : 540
2023-07-26 10:56:55,477 - root - INFO - payload length : 560
2023-07-26 10:56:56,017 - root - INFO - payload length : 520
2023-07-26 10:56:56,542 - root - INFO - payload length : 520
2023-07-26 10:56:57,084 - root - INFO - payload length : 540
2023-07-26 10:56:57,620 - root - INFO - payload length : 560
2023-07-26 10:56:58,148 - root - INFO - payload length : 520
2023-07-26 10:56:58,668 - root - INFO - payload length : 520
2023-07-26 10:56:59,206 - root - INFO - payload length : 540
2023-07-26 10:56:59,722 - root - INFO - payload length : 520
2023-07-26 10:57:00,261 - root - INFO - payload length : 560
2023-07-26 10:57:00,796 - root - INFO - payload length : 520
2023-07-26 10:57:01,323 - root - INFO - payload length : 560
2023-07-26 10:57:01,862 - root - INFO - payload length : 540
2023-07-26 10:57:02,385 - root - INFO - payload length : 540
2023-07-26 10:57:02,913 - root - INFO - payload length : 480
2023-07-26 10:57:03,434 - root - INFO - payload length : 560
2023-07-26 10:57:03,965 - root - INFO - payload length : 520
2023-07-26 10:57:04,501 - root - INFO - payload length : 580
2023-07-26 10:57:05,042 - root - INFO - payload length : 520
2023-07-26 10:57:05,569 - root - INFO - payload length : 520
2023-07-26 10:57:06,100 - root - INFO - payload length : 540
2023-07-26 10:57:06,635 - root - INFO - payload length : 560
2023-07-26 10:57:07,175 - root - INFO - payload length : 534
2023-07-26 10:57:07,701 - root - INFO - payload length : 546
2023-07-26 10:57:08,224 - root - INFO - payload length : 540
2023-07-26 10:57:08,743 - root - INFO - payload length : 520
2023-07-26 10:57:09,271 - root - INFO - payload length : 520
2023-07-26 10:57:09,794 - root - INFO - payload length : 520
2023-07-26 10:57:10,319 - root - INFO - payload length : 540
2023-07-26 10:57:10,835 - root - INFO - payload length : 520
2023-07-26 10:57:11,365 - root - INFO - payload length : 520
2023-07-26 10:57:11,896 - root - INFO - payload length : 560
2023-07-26 10:57:12,431 - root - INFO - payload length : 540
2023-07-26 10:57:12,965 - root - INFO - payload length : 540
2023-07-26 10:57:13,490 - root - INFO - payload length : 540
2023-07-26 10:57:14,006 - root - INFO - payload length : 520
2023-07-26 10:57:14,534 - root - INFO - payload length : 500
2023-07-26 10:57:15,066 - root - INFO - payload length : 560
2023-07-26 10:57:15,593 - root - INFO - payload length : 520
2023-07-26 10:57:16,130 - root - INFO - payload length : 560
2023-07-26 10:57:16,672 - root - INFO - payload length : 540
2023-07-26 10:57:17,203 - root - INFO - payload length : 540
2023-07-26 10:57:17,730 - root - INFO - payload length : 540
2023-07-26 10:57:18,270 - root - INFO - payload length : 540
2023-07-26 10:57:18,800 - root - INFO - payload length : 520
2023-07-26 10:57:19,339 - root - INFO - payload length : 560
2023-07-26 10:57:19,881 - root - INFO - payload length : 540
2023-07-26 10:57:20,421 - root - INFO - payload length : 560
2023-07-26 10:57:20,952 - root - INFO - payload length : 520
2023-07-26 10:57:21,474 - root - INFO - payload length : 500
2023-07-26 10:57:22,008 - root - INFO - payload length : 560
2023-07-26 10:57:22,541 - root - INFO - payload length : 560
2023-07-26 10:57:23,074 - root - INFO - payload length : 540
2023-07-26 10:57:23,600 - root - INFO - payload length : 540
2023-07-26 10:57:24,123 - root - INFO - payload length : 500
2023-07-26 10:57:24,648 - root - INFO - payload length : 520
2023-07-26 10:57:25,167 - root - INFO - payload length : 540
2023-07-26 10:57:25,703 - root - INFO - payload length : 560
2023-07-26 10:57:26,232 - root - INFO - payload length : 520
2023-07-26 10:57:26,774 - root - INFO - payload length : 560
2023-07-26 10:57:27,281 - root - INFO - payload length : 520
2023-07-26 10:57:27,797 - root - INFO - payload length : 500
2023-07-26 10:57:28,324 - root - INFO - payload length : 520
2023-07-26 10:57:28,851 - root - INFO - payload length : 560
2023-07-26 10:57:29,365 - root - INFO - payload length : 500
2023-07-26 10:57:29,891 - root - INFO - payload length : 520
2023-07-26 10:57:30,417 - root - INFO - payload length : 520
2023-07-26 10:57:30,940 - root - INFO - payload length : 562
2023-07-26 10:57:31,471 - root - INFO - payload length : 538
2023-07-26 10:57:31,980 - root - INFO - payload length : 520
2023-07-26 10:57:32,501 - root - INFO - payload length : 528
2023-07-26 10:57:33,015 - root - INFO - payload length : 512
2023-07-26 10:57:33,547 - root - INFO - payload length : 540
2023-07-26 10:57:34,063 - root - INFO - payload length : 512
2023-07-26 10:57:34,594 - root - INFO - payload length : 548
2023-07-26 10:57:35,105 - root - INFO - payload length : 520
2023-07-26 10:57:35,636 - root - INFO - payload length : 520
2023-07-26 10:57:36,172 - root - INFO - payload length : 540
2023-07-26 10:57:36,689 - root - INFO - payload length : 520
2023-07-26 10:57:37,212 - root - INFO - payload length : 520
2023-07-26 10:57:37,751 - root - INFO - payload length : 520
2023-07-26 10:57:38,277 - root - INFO - payload length : 580
2023-07-26 10:57:38,813 - root - INFO - payload length : 520
2023-07-26 10:57:39,340 - root - INFO - payload length : 529
2023-07-26 10:57:39,880 - root - INFO - payload length : 571
2023-07-26 10:57:40,407 - root - INFO - payload length : 520
2023-07-26 10:57:40,943 - root - INFO - payload length : 560
2023-07-26 10:57:41,451 - root - INFO - payload length : 500
2023-07-26 10:57:41,972 - root - INFO - payload length : 540
2023-07-26 10:57:42,499 - root - INFO - payload length : 500
2023-07-26 10:57:43,023 - root - INFO - payload length : 560
2023-07-26 10:57:43,550 - root - INFO - payload length : 520
2023-07-26 10:57:44,066 - root - INFO - payload length : 540
2023-07-26 10:57:44,595 - root - INFO - payload length : 520
2023-07-26 10:57:45,111 - root - INFO - payload length : 520
2023-07-26 10:57:45,639 - root - INFO - payload length : 540
2023-07-26 10:57:46,165 - root - INFO - payload length : 520
2023-07-26 10:57:46,702 - root - INFO - payload length : 527
2023-07-26 10:57:47,232 - root - INFO - payload length : 553
2023-07-26 10:57:47,761 - root - INFO - payload length : 540
2023-07-26 10:57:48,318 - root - INFO - payload length : 560
2023-07-26 10:57:48,843 - root - INFO - payload length : 520
2023-07-26 10:57:49,358 - root - INFO - payload length : 520
2023-07-26 10:57:49,895 - root - INFO - payload length : 540
2023-07-26 10:57:50,412 - root - INFO - payload length : 540
2023-07-26 10:57:50,952 - root - INFO - payload length : 540
2023-07-26 10:57:51,476 - root - INFO - payload length : 500
2023-07-26 10:57:52,007 - root - INFO - payload length : 580
2023-07-26 10:57:52,536 - root - INFO - payload length : 480
2023-07-26 10:57:53,065 - root - INFO - payload length : 580
2023-07-26 10:57:53,586 - root - INFO - payload length : 540
2023-07-26 10:57:54,115 - root - INFO - payload length : 520
2023-07-26 10:57:54,632 - root - INFO - payload length : 520
2023-07-26 10:57:55,168 - root - INFO - payload length : 540
2023-07-26 10:57:55,696 - root - INFO - payload length : 520
2023-07-26 10:57:56,218 - root - INFO - payload length : 500
2023-07-26 10:57:56,749 - root - INFO - payload length : 580
2023-07-26 10:57:57,290 - root - INFO - payload length : 540
2023-07-26 10:57:57,834 - root - INFO - payload length : 560
2023-07-26 10:57:58,357 - root - INFO - payload length : 520
2023-07-26 10:57:58,894 - root - INFO - payload length : 560
2023-07-26 10:57:59,416 - root - INFO - payload length : 520
2023-07-26 10:57:59,941 - root - INFO - payload length : 520
2023-07-26 10:58:00,460 - root - INFO - payload length : 540
2023-07-26 10:58:00,987 - root - INFO - payload length : 540
2023-07-26 10:58:01,515 - root - INFO - payload length : 520
2023-07-26 10:58:02,049 - root - INFO - payload length : 520
2023-07-26 10:58:02,565 - root - INFO - payload length : 540
2023-07-26 10:58:03,091 - root - INFO - payload length : 520
2023-07-26 10:58:03,611 - root - INFO - payload length : 540
2023-07-26 10:58:04,126 - root - INFO - payload length : 500
2023-07-26 10:58:04,659 - root - INFO - payload length : 560
2023-07-26 10:58:05,194 - root - INFO - payload length : 540
2023-07-26 10:58:05,712 - root - INFO - payload length : 520
2023-07-26 10:58:06,249 - root - INFO - payload length : 540
2023-07-26 10:58:06,777 - root - INFO - payload length : 560
2023-07-26 10:58:07,321 - root - INFO - payload length : 540
2023-07-26 10:58:07,850 - root - INFO - payload length : 520
2023-07-26 10:58:08,370 - root - INFO - payload length : 540
2023-07-26 10:58:08,902 - root - INFO - payload length : 500
2023-07-26 10:58:09,447 - root - INFO - payload length : 580
2023-07-26 10:58:09,982 - root - INFO - payload length : 520
2023-07-26 10:58:10,513 - root - INFO - payload length : 520
2023-07-26 10:58:11,051 - root - INFO - payload length : 560
2023-07-26 10:58:11,565 - root - INFO - payload length : 520
2023-07-26 10:58:12,091 - root - INFO - payload length : 520
2023-07-26 10:58:12,619 - root - INFO - payload length : 560
2023-07-26 10:58:13,139 - root - INFO - payload length : 520
2023-07-26 10:58:13,661 - root - INFO - payload length : 520
2023-07-26 10:58:14,196 - root - INFO - payload length : 560
2023-07-26 10:58:14,722 - root - INFO - payload length : 520
2023-07-26 10:58:15,248 - root - INFO - payload length : 538
2023-07-26 10:58:15,777 - root - INFO - payload length : 522
2023-07-26 10:58:16,307 - root - INFO - payload length : 554
2023-07-26 10:58:16,846 - root - INFO - payload length : 526
2023-07-26 10:58:17,363 - root - INFO - payload length : 540
2023-07-26 10:58:17,886 - root - INFO - payload length : 520
2023-07-26 10:58:18,419 - root - INFO - payload length : 520
2023-07-26 10:58:18,952 - root - INFO - payload length : 560
2023-07-26 10:58:19,504 - root - INFO - payload length : 540
2023-07-26 10:58:20,022 - root - INFO - payload length : 540
2023-07-26 10:58:20,544 - root - INFO - payload length : 520
2023-07-26 10:58:21,079 - root - INFO - payload length : 540
2023-07-26 10:58:21,629 - root - INFO - payload length : 580
2023-07-26 10:58:22,158 - root - INFO - payload length : 520
2023-07-26 10:58:22,701 - root - INFO - payload length : 540
2023-07-26 10:58:23,226 - root - INFO - payload length : 540
2023-07-26 10:58:23,738 - root - INFO - payload length : 500
2023-07-26 10:58:24,258 - root - INFO - payload length : 540
2023-07-26 10:58:24,797 - root - INFO - payload length : 540
2023-07-26 10:58:25,335 - root - INFO - payload length : 540
2023-07-26 10:58:25,867 - root - INFO - payload length : 540
2023-07-26 10:58:26,394 - root - INFO - payload length : 540
2023-07-26 10:58:26,925 - root - INFO - payload length : 480
2023-07-26 10:58:27,440 - root - INFO - payload length : 540
2023-07-26 10:58:27,974 - root - INFO - payload length : 580
2023-07-26 10:58:28,484 - root - INFO - payload length : 500
2023-07-26 10:58:29,013 - root - INFO - payload length : 540
2023-07-26 10:58:29,541 - root - INFO - payload length : 540
2023-07-26 10:58:30,070 - root - INFO - payload length : 500
2023-07-26 10:58:30,585 - root - INFO - payload length : 560
2023-07-26 10:58:31,109 - root - INFO - payload length : 520
2023-07-26 10:58:31,654 - root - INFO - payload length : 540
2023-07-26 10:58:32,183 - root - INFO - payload length : 520
2023-07-26 10:58:32,723 - root - INFO - payload length : 580
2023-07-26 10:58:33,256 - root - INFO - payload length : 520
2023-07-26 10:58:33,786 - root - INFO - payload length : 520
2023-07-26 10:58:34,309 - root - INFO - payload length : 520
2023-07-26 10:58:34,827 - root - INFO - payload length : 560
2023-07-26 10:58:35,349 - root - INFO - payload length : 520
2023-07-26 10:58:35,874 - root - INFO - payload length : 540
2023-07-26 10:58:36,405 - root - INFO - payload length : 540
2023-07-26 10:58:36,940 - root - INFO - payload length : 520
2023-07-26 10:58:37,471 - root - INFO - payload length : 520
2023-07-26 10:58:37,996 - root - INFO - payload length : 580
2023-07-26 10:58:38,526 - root - INFO - payload length : 520
2023-07-26 10:58:39,059 - root - INFO - payload length : 520
2023-07-26 10:58:39,590 - root - INFO - payload length : 540
2023-07-26 10:58:40,126 - root - INFO - payload length : 560
2023-07-26 10:58:40,652 - root - INFO - payload length : 520
2023-07-26 10:58:41,179 - root - INFO - payload length : 520
2023-07-26 10:58:41,700 - root - INFO - payload length : 540
2023-07-26 10:58:42,236 - root - INFO - payload length : 523
2023-07-26 10:58:42,762 - root - INFO - payload length : 517
2023-07-26 10:58:43,294 - root - INFO - payload length : 560
2023-07-26 10:58:43,831 - root - INFO - payload length : 560
2023-07-26 10:58:44,346 - root - INFO - payload length : 500
2023-07-26 10:58:44,888 - root - INFO - payload length : 560
2023-07-26 10:58:45,409 - root - INFO - payload length : 540
2023-07-26 10:58:45,933 - root - INFO - payload length : 520
2023-07-26 10:58:46,465 - root - INFO - payload length : 520
2023-07-26 10:58:47,002 - root - INFO - payload length : 560
2023-07-26 10:58:47,540 - root - INFO - payload length : 540
2023-07-26 10:58:48,066 - root - INFO - payload length : 540
2023-07-26 10:58:48,598 - root - INFO - payload length : 540
2023-07-26 10:58:49,129 - root - INFO - payload length : 540
2023-07-26 10:58:49,665 - root - INFO - payload length : 540
2023-07-26 10:58:50,188 - root - INFO - payload length : 460
2023-07-26 10:58:50,709 - root - INFO - payload length : 580
2023-07-26 10:58:51,232 - root - INFO - payload length : 540
2023-07-26 10:58:51,773 - root - INFO - payload length : 540
2023-07-26 10:58:52,290 - root - INFO - payload length : 520
2023-07-26 10:58:52,820 - root - INFO - payload length : 540
2023-07-26 10:58:53,351 - root - INFO - payload length : 540
2023-07-26 10:58:53,882 - root - INFO - payload length : 500
2023-07-26 10:58:54,404 - root - INFO - payload length : 560
2023-07-26 10:58:54,953 - root - INFO - payload length : 560
2023-07-26 10:58:55,474 - root - INFO - payload length : 540
2023-07-26 10:58:55,995 - root - INFO - payload length : 520
2023-07-26 10:58:56,521 - root - INFO - payload length : 520
2023-07-26 10:58:57,056 - root - INFO - payload length : 540
2023-07-26 10:58:57,600 - root - INFO - payload length : 500
2023-07-26 10:58:58,133 - root - INFO - payload length : 580
2023-07-26 10:58:58,663 - root - INFO - payload length : 560
2023-07-26 10:58:59,197 - root - INFO - payload length : 527
2023-07-26 10:58:59,723 - root - INFO - payload length : 533
2023-07-26 10:59:00,245 - root - INFO - payload length : 520
2023-07-26 10:59:00,793 - root - INFO - payload length : 560
2023-07-26 10:59:01,324 - root - INFO - payload length : 520
2023-07-26 10:59:01,864 - root - INFO - payload length : 560
2023-07-26 10:59:02,398 - root - INFO - payload length : 560
2023-07-26 10:59:02,910 - root - INFO - payload length : 500
2023-07-26 10:59:03,436 - root - INFO - payload length : 520
2023-07-26 10:59:03,948 - root - INFO - payload length : 520
2023-07-26 10:59:04,475 - root - INFO - payload length : 520
2023-07-26 10:59:05,002 - root - INFO - payload length : 540
2023-07-26 10:59:05,531 - root - INFO - payload length : 520
2023-07-26 10:59:06,074 - root - INFO - payload length : 560
2023-07-26 10:59:06,606 - root - INFO - payload length : 560
2023-07-26 10:59:07,125 - root - INFO - payload length : 520
2023-07-26 10:59:07,665 - root - INFO - payload length : 520
2023-07-26 10:59:08,207 - root - INFO - payload length : 580
2023-07-26 10:59:08,731 - root - INFO - payload length : 520
2023-07-26 10:59:09,259 - root - INFO - payload length : 520
2023-07-26 10:59:09,789 - root - INFO - payload length : 560
2023-07-26 10:59:10,316 - root - INFO - payload length : 540
2023-07-26 10:59:10,857 - root - INFO - payload length : 520
2023-07-26 10:59:11,384 - root - INFO - payload length : 520
2023-07-26 10:59:11,917 - root - INFO - payload length : 560
2023-07-26 10:59:12,454 - root - INFO - payload length : 540
2023-07-26 10:59:12,988 - root - INFO - payload length : 540
2023-07-26 10:59:13,516 - root - INFO - payload length : 500
2023-07-26 10:59:14,037 - root - INFO - payload length : 561
2023-07-26 10:59:14,572 - root - INFO - payload length : 539
2023-07-26 10:59:15,100 - root - INFO - payload length : 520
2023-07-26 10:59:15,639 - root - INFO - payload length : 540
2023-07-26 10:59:16,183 - root - INFO - payload length : 560
2023-07-26 10:59:16,728 - root - INFO - payload length : 560
2023-07-26 10:59:17,256 - root - INFO - payload length : 520
2023-07-26 10:59:17,787 - root - INFO - payload length : 540
2023-07-26 10:59:18,308 - root - INFO - payload length : 540
2023-07-26 10:59:18,855 - root - INFO - payload length : 540
2023-07-26 10:59:19,377 - root - INFO - payload length : 540
2023-07-26 10:59:19,897 - root - INFO - payload length : 520
2023-07-26 10:59:20,424 - root - INFO - payload length : 520
2023-07-26 10:59:20,967 - root - INFO - payload length : 560
2023-07-26 10:59:21,500 - root - INFO - payload length : 540
2023-07-26 10:59:22,046 - root - INFO - payload length : 560
2023-07-26 10:59:22,575 - root - INFO - payload length : 540
2023-07-26 10:59:23,109 - root - INFO - payload length : 540
2023-07-26 10:59:23,641 - root - INFO - payload length : 520
2023-07-26 10:59:24,180 - root - INFO - payload length : 540
2023-07-26 10:59:24,702 - root - INFO - payload length : 540
2023-07-26 10:59:25,239 - root - INFO - payload length : 540
2023-07-26 10:59:25,775 - root - INFO - payload length : 540
2023-07-26 10:59:26,296 - root - INFO - payload length : 520
2023-07-26 10:59:26,815 - root - INFO - payload length : 540
2023-07-26 10:59:27,351 - root - INFO - payload length : 540
2023-07-26 10:59:27,860 - root - INFO - payload length : 500
2023-07-26 10:59:28,388 - root - INFO - payload length : 540
2023-07-26 10:59:28,923 - root - INFO - payload length : 543
2023-07-26 10:59:29,443 - root - INFO - payload length : 537
2023-07-26 10:59:29,966 - root - INFO - payload length : 520
2023-07-26 10:59:30,501 - root - INFO - payload length : 540
2023-07-26 10:59:31,037 - root - INFO - payload length : 540
2023-07-26 10:59:31,564 - root - INFO - payload length : 500
2023-07-26 10:59:32,109 - root - INFO - payload length : 560
2023-07-26 10:59:32,641 - root - INFO - payload length : 540
2023-07-26 10:59:33,159 - root - INFO - payload length : 520
2023-07-26 10:59:33,688 - root - INFO - payload length : 560
2023-07-26 10:59:34,222 - root - INFO - payload length : 540
2023-07-26 10:59:34,749 - root - INFO - payload length : 520
2023-07-26 10:59:35,280 - root - INFO - payload length : 540
2023-07-26 10:59:35,805 - root - INFO - payload length : 540
2023-07-26 10:59:36,324 - root - INFO - payload length : 460
2023-07-26 10:59:36,860 - root - INFO - payload length : 600
2023-07-26 10:59:37,382 - root - INFO - payload length : 520
2023-07-26 10:59:37,917 - root - INFO - payload length : 540
2023-07-26 10:59:38,445 - root - INFO - payload length : 560
2023-07-26 10:59:38,974 - root - INFO - payload length : 520
2023-07-26 10:59:39,504 - root - INFO - payload length : 520
2023-07-26 10:59:40,024 - root - INFO - payload length : 540
2023-07-26 10:59:40,553 - root - INFO - payload length : 540
2023-07-26 10:59:41,064 - root - INFO - payload length : 500
2023-07-26 10:59:41,581 - root - INFO - payload length : 540
2023-07-26 10:59:42,117 - root - INFO - payload length : 540
2023-07-26 10:59:42,649 - root - INFO - payload length : 500
2023-07-26 10:59:43,158 - root - INFO - payload length : 540
2023-07-26 10:59:43,692 - root - INFO - payload length : 560
2023-07-26 10:59:44,211 - root - INFO - payload length : 480
2023-07-26 10:59:44,747 - root - INFO - payload length : 560
2023-07-26 10:59:45,274 - root - INFO - payload length : 540
2023-07-26 10:59:45,794 - root - INFO - payload length : 540
2023-07-26 10:59:46,311 - root - INFO - payload length : 520
2023-07-26 10:59:46,848 - root - INFO - payload length : 519
2023-07-26 10:59:47,357 - root - INFO - payload length : 521
2023-07-26 10:59:47,877 - root - INFO - payload length : 540
2023-07-26 10:59:48,396 - root - INFO - payload length : 520
2023-07-26 10:59:48,946 - root - INFO - payload length : 560
2023-07-26 10:59:49,468 - root - INFO - payload length : 500
2023-07-26 10:59:49,985 - root - INFO - payload length : 540
2023-07-26 10:59:50,512 - root - INFO - payload length : 520
2023-07-26 10:59:51,048 - root - INFO - payload length : 572
2023-07-26 10:59:51,577 - root - INFO - payload length : 528
2023-07-26 10:59:52,094 - root - INFO - payload length : 520
2023-07-26 10:59:52,619 - root - INFO - payload length : 520
2023-07-26 10:59:53,128 - root - INFO - payload length : 500
2023-07-26 10:59:53,660 - root - INFO - payload length : 560
2023-07-26 10:59:54,172 - root - INFO - payload length : 520
2023-07-26 10:59:54,694 - root - INFO - payload length : 540
2023-07-26 10:59:55,223 - root - INFO - payload length : 520
2023-07-26 10:59:55,744 - root - INFO - payload length : 520
2023-07-26 10:59:56,271 - root - INFO - payload length : 520
2023-07-26 10:59:56,790 - root - INFO - payload length : 540
2023-07-26 10:59:57,304 - root - INFO - payload length : 520
2023-07-26 10:59:57,843 - root - INFO - payload length : 520
2023-07-26 10:59:58,378 - root - INFO - payload length : 580
2023-07-26 10:59:58,913 - root - INFO - payload length : 520
2023-07-26 10:59:59,428 - root - INFO - payload length : 520
2023-07-26 10:59:59,958 - root - INFO - payload length : 540
2023-07-26 11:00:00,476 - root - INFO - payload length : 540
2023-07-26 11:00:01,010 - root - INFO - payload length : 540
2023-07-26 11:00:01,548 - root - INFO - payload length : 520
2023-07-26 11:00:02,074 - root - INFO - payload length : 540
2023-07-26 11:00:02,614 - root - INFO - payload length : 560
2023-07-26 11:00:03,144 - root - INFO - payload length : 520
2023-07-26 11:00:03,664 - root - INFO - payload length : 520
2023-07-26 11:00:04,205 - root - INFO - payload length : 540
2023-07-26 11:00:04,725 - root - INFO - payload length : 540
2023-07-26 11:00:05,245 - root - INFO - payload length : 540
2023-07-26 11:00:05,771 - root - INFO - payload length : 520
2023-07-26 11:00:06,297 - root - INFO - payload length : 540
2023-07-26 11:00:06,821 - root - INFO - payload length : 520
2023-07-26 11:00:07,353 - root - INFO - payload length : 520
2023-07-26 11:00:07,880 - root - INFO - payload length : 560
2023-07-26 11:00:08,416 - root - INFO - payload length : 540
2023-07-26 11:00:08,939 - root - INFO - payload length : 520
2023-07-26 11:00:09,479 - root - INFO - payload length : 480
2023-07-26 11:00:10,004 - root - INFO - payload length : 600
2023-07-26 11:00:10,530 - root - INFO - payload length : 540
2023-07-26 11:00:11,054 - root - INFO - payload length : 520
2023-07-26 11:00:11,569 - root - INFO - payload length : 500
2023-07-26 11:00:12,088 - root - INFO - payload length : 520
2023-07-26 11:00:12,628 - root - INFO - payload length : 520
2023-07-26 11:00:13,153 - root - INFO - payload length : 560
2023-07-26 11:00:13,672 - root - INFO - payload length : 540
2023-07-26 11:00:14,200 - root - INFO - payload length : 540
2023-07-26 11:00:14,725 - root - INFO - payload length : 520
2023-07-26 11:00:15,241 - root - INFO - payload length : 500
2023-07-26 11:00:15,760 - root - INFO - payload length : 560
2023-07-26 11:00:16,293 - root - INFO - payload length : 509
2023-07-26 11:00:16,806 - root - INFO - payload length : 511
2023-07-26 11:00:17,324 - root - INFO - payload length : 520
2023-07-26 11:00:17,859 - root - INFO - payload length : 580
2023-07-26 11:00:18,403 - root - INFO - payload length : 540
2023-07-26 11:00:18,938 - root - INFO - payload length : 540
2023-07-26 11:00:19,466 - root - INFO - payload length : 460
2023-07-26 11:00:20,002 - root - INFO - payload length : 620
2023-07-26 11:00:20,543 - root - INFO - payload length : 540
2023-07-26 11:00:21,063 - root - INFO - payload length : 520
2023-07-26 11:00:21,593 - root - INFO - payload length : 540
2023-07-26 11:00:22,126 - root - INFO - payload length : 520
2023-07-26 11:00:22,664 - root - INFO - payload length : 580
2023-07-26 11:00:23,207 - root - INFO - payload length : 520
2023-07-26 11:00:23,739 - root - INFO - payload length : 520
2023-07-26 11:00:24,264 - root - INFO - payload length : 560
2023-07-26 11:00:24,788 - root - INFO - payload length : 540
2023-07-26 11:00:25,315 - root - INFO - payload length : 480
2023-07-26 11:00:25,845 - root - INFO - payload length : 480
2023-07-26 11:00:26,374 - root - INFO - payload length : 640
2023-07-26 11:00:26,901 - root - INFO - payload length : 540
2023-07-26 11:00:27,442 - root - INFO - payload length : 520
2023-07-26 11:00:27,961 - root - INFO - payload length : 540
2023-07-26 11:00:28,499 - root - INFO - payload length : 560
2023-07-26 11:00:29,026 - root - INFO - payload length : 520
2023-07-26 11:00:29,567 - root - INFO - payload length : 520
2023-07-26 11:00:30,107 - root - INFO - payload length : 560
2023-07-26 11:00:30,646 - root - INFO - payload length : 540
2023-07-26 11:00:31,182 - root - INFO - payload length : 560
2023-07-26 11:00:31,709 - root - INFO - payload length : 520
2023-07-26 11:00:32,239 - root - INFO - payload length : 540
2023-07-26 11:00:32,754 - root - INFO - payload length : 520
2023-07-26 11:00:33,289 - root - INFO - payload length : 520
2023-07-26 11:00:33,814 - root - INFO - payload length : 520
2023-07-26 11:00:34,346 - root - INFO - payload length : 580
2023-07-26 11:00:34,872 - root - INFO - payload length : 520
2023-07-26 11:00:35,407 - root - INFO - payload length : 520
2023-07-26 11:00:35,944 - root - INFO - payload length : 560
2023-07-26 11:00:36,457 - root - INFO - payload length : 520
2023-07-26 11:00:36,986 - root - INFO - payload length : 540
2023-07-26 11:00:37,496 - root - INFO - payload length : 520
2023-07-26 11:00:38,018 - root - INFO - payload length : 540
2023-07-26 11:00:38,548 - root - INFO - payload length : 520
2023-07-26 11:00:39,075 - root - INFO - payload length : 480
2023-07-26 11:00:39,612 - root - INFO - payload length : 580
2023-07-26 11:00:40,140 - root - INFO - payload length : 560
2023-07-26 11:00:40,676 - root - INFO - payload length : 520
2023-07-26 11:00:41,197 - root - INFO - payload length : 520
2023-07-26 11:00:41,717 - root - INFO - payload length : 540
2023-07-26 11:00:42,247 - root - INFO - payload length : 540
2023-07-26 11:00:42,788 - root - INFO - payload length : 540
2023-07-26 11:00:43,320 - root - INFO - payload length : 540
2023-07-26 11:00:43,843 - root - INFO - payload length : 520
2023-07-26 11:00:44,378 - root - INFO - payload length : 544
2023-07-26 11:00:44,890 - root - INFO - payload length : 516
2023-07-26 11:00:45,426 - root - INFO - payload length : 560
2023-07-26 11:00:45,945 - root - INFO - payload length : 520
2023-07-26 11:00:46,467 - root - INFO - payload length : 520
2023-07-26 11:00:47,016 - root - INFO - payload length : 560
2023-07-26 11:00:47,541 - root - INFO - payload length : 540
2023-07-26 11:00:48,071 - root - INFO - payload length : 520
2023-07-26 11:00:48,587 - root - INFO - payload length : 440
2023-07-26 11:00:49,123 - root - INFO - payload length : 620
2023-07-26 11:00:49,661 - root - INFO - payload length : 480
2023-07-26 11:00:50,195 - root - INFO - payload length : 600
2023-07-26 11:00:50,706 - root - INFO - payload length : 520
2023-07-26 11:00:51,243 - root - INFO - payload length : 540
2023-07-26 11:00:51,752 - root - INFO - payload length : 520
2023-07-26 11:00:52,290 - root - INFO - payload length : 480
2023-07-26 11:00:52,815 - root - INFO - payload length : 580
2023-07-26 11:00:53,341 - root - INFO - payload length : 560
2023-07-26 11:00:53,878 - root - INFO - payload length : 520
2023-07-26 11:00:54,403 - root - INFO - payload length : 540
2023-07-26 11:00:54,938 - root - INFO - payload length : 540
2023-07-26 11:00:55,465 - root - INFO - payload length : 520
2023-07-26 11:00:56,004 - root - INFO - payload length : 540
2023-07-26 11:00:56,529 - root - INFO - payload length : 560
2023-07-26 11:00:57,054 - root - INFO - payload length : 520
2023-07-26 11:00:57,589 - root - INFO - payload length : 540
2023-07-26 11:00:58,117 - root - INFO - payload length : 540
2023-07-26 11:00:58,659 - root - INFO - payload length : 520
2023-07-26 11:00:59,182 - root - INFO - payload length : 560
2023-07-26 11:00:59,734 - root - INFO - payload length : 520
2023-07-26 11:01:00,258 - root - INFO - payload length : 560
2023-07-26 11:01:00,793 - root - INFO - payload length : 540
2023-07-26 11:01:01,319 - root - INFO - payload length : 520
2023-07-26 11:01:01,843 - root - INFO - payload length : 540
2023-07-26 11:01:02,368 - root - INFO - payload length : 540
2023-07-26 11:01:02,889 - root - INFO - payload length : 520
2023-07-26 11:01:03,422 - root - INFO - payload length : 520
2023-07-26 11:01:03,946 - root - INFO - payload length : 560
2023-07-26 11:01:04,479 - root - INFO - payload length : 520
2023-07-26 11:01:05,011 - root - INFO - payload length : 520
2023-07-26 11:01:05,544 - root - INFO - payload length : 560
2023-07-26 11:01:06,089 - root - INFO - payload length : 540
2023-07-26 11:01:06,605 - root - INFO - payload length : 500
2023-07-26 11:01:07,127 - root - INFO - payload length : 560
2023-07-26 11:01:07,660 - root - INFO - payload length : 540
2023-07-26 11:01:08,178 - root - INFO - payload length : 500
2023-07-26 11:01:08,698 - root - INFO - payload length : 540
2023-07-26 11:01:09,228 - root - INFO - payload length : 560
2023-07-26 11:01:09,761 - root - INFO - payload length : 520
2023-07-26 11:01:10,297 - root - INFO - payload length : 500
2023-07-26 11:01:10,812 - root - INFO - payload length : 560
2023-07-26 11:01:11,341 - root - INFO - payload length : 520
2023-07-26 11:01:11,873 - root - INFO - payload length : 560
2023-07-26 11:01:12,395 - root - INFO - payload length : 520
2023-07-26 11:01:12,930 - root - INFO - payload length : 540
2023-07-26 11:01:13,458 - root - INFO - payload length : 520
2023-07-26 11:01:13,994 - root - INFO - payload length : 560
2023-07-26 11:01:14,517 - root - INFO - payload length : 520
2023-07-26 11:01:15,047 - root - INFO - payload length : 540
2023-07-26 11:01:15,579 - root - INFO - payload length : 540
2023-07-26 11:01:16,109 - root - INFO - payload length : 540
2023-07-26 11:01:16,637 - root - INFO - payload length : 520
2023-07-26 11:01:17,169 - root - INFO - payload length : 540
2023-07-26 11:01:17,699 - root - INFO - payload length : 520
2023-07-26 11:01:18,243 - root - INFO - payload length : 560
2023-07-26 11:01:18,780 - root - INFO - payload length : 540
2023-07-26 11:01:19,299 - root - INFO - payload length : 500
2023-07-26 11:01:19,823 - root - INFO - payload length : 540
2023-07-26 11:01:20,346 - root - INFO - payload length : 540
2023-07-26 11:01:20,884 - root - INFO - payload length : 560
2023-07-26 11:01:21,414 - root - INFO - payload length : 520
2023-07-26 11:01:21,933 - root - INFO - payload length : 540
2023-07-26 11:01:22,468 - root - INFO - payload length : 540
2023-07-26 11:01:23,011 - root - INFO - payload length : 540
2023-07-26 11:01:23,544 - root - INFO - payload length : 500
2023-07-26 11:01:24,071 - root - INFO - payload length : 580
2023-07-26 11:01:24,607 - root - INFO - payload length : 540
2023-07-26 11:01:25,128 - root - INFO - payload length : 520
2023-07-26 11:01:25,657 - root - INFO - payload length : 540
2023-07-26 11:01:26,199 - root - INFO - payload length : 560
2023-07-26 11:01:26,726 - root - INFO - payload length : 520
2023-07-26 11:01:27,269 - root - INFO - payload length : 520
2023-07-26 11:01:27,789 - root - INFO - payload length : 560
2023-07-26 11:01:28,327 - root - INFO - payload length : 520
2023-07-26 11:01:28,851 - root - INFO - payload length : 540
2023-07-26 11:01:29,389 - root - INFO - payload length : 540
2023-07-26 11:01:29,908 - root - INFO - payload length : 540
2023-07-26 11:01:30,434 - root - INFO - payload length : 500
2023-07-26 11:01:30,975 - root - INFO - payload length : 560
2023-07-26 11:01:31,506 - root - INFO - payload length : 520
2023-07-26 11:01:32,042 - root - INFO - payload length : 580
2023-07-26 11:01:32,572 - root - INFO - payload length : 520
2023-07-26 11:01:33,104 - root - INFO - payload length : 520
2023-07-26 11:01:33,632 - root - INFO - payload length : 560
2023-07-26 11:01:34,165 - root - INFO - payload length : 540
2023-07-26 11:01:34,686 - root - INFO - payload length : 520
2023-07-26 11:01:35,225 - root - INFO - payload length : 540
2023-07-26 11:01:35,750 - root - INFO - payload length : 540
2023-07-26 11:01:36,274 - root - INFO - payload length : 540
2023-07-26 11:01:36,796 - root - INFO - payload length : 520
2023-07-26 11:01:37,323 - root - INFO - payload length : 520
2023-07-26 11:01:37,843 - root - INFO - payload length : 540
2023-07-26 11:01:38,355 - root - INFO - payload length : 520
2023-07-26 11:01:38,876 - root - INFO - payload length : 520
2023-07-26 11:01:39,409 - root - INFO - payload length : 500
2023-07-26 11:01:39,947 - root - INFO - payload length : 560
2023-07-26 11:01:40,482 - root - INFO - payload length : 560
2023-07-26 11:01:41,000 - root - INFO - payload length : 500
2023-07-26 11:01:41,535 - root - INFO - payload length : 570
2023-07-26 11:01:42,048 - root - INFO - payload length : 510
2023-07-26 11:01:42,575 - root - INFO - payload length : 540
2023-07-26 11:01:43,114 - root - INFO - payload length : 560
2023-07-26 11:01:43,636 - root - INFO - payload length : 520
2023-07-26 11:01:44,171 - root - INFO - payload length : 520
2023-07-26 11:01:44,701 - root - INFO - payload length : 540
2023-07-26 11:01:45,234 - root - INFO - payload length : 560
2023-07-26 11:01:45,758 - root - INFO - payload length : 520
2023-07-26 11:01:46,298 - root - INFO - payload length : 540
2023-07-26 11:01:46,828 - root - INFO - payload length : 540
2023-07-26 11:01:47,361 - root - INFO - payload length : 540
2023-07-26 11:01:47,897 - root - INFO - payload length : 520
2023-07-26 11:01:48,435 - root - INFO - payload length : 560
2023-07-26 11:01:48,970 - root - INFO - payload length : 540
2023-07-26 11:01:49,486 - root - INFO - payload length : 520
2023-07-26 11:01:50,006 - root - INFO - payload length : 520
2023-07-26 11:01:50,521 - root - INFO - payload length : 540
2023-07-26 11:01:51,065 - root - INFO - payload length : 540
2023-07-26 11:01:51,584 - root - INFO - payload length : 500
2023-07-26 11:01:52,108 - root - INFO - payload length : 560
2023-07-26 11:01:52,630 - root - INFO - payload length : 520
2023-07-26 11:01:53,162 - root - INFO - payload length : 540
2023-07-26 11:01:53,695 - root - INFO - payload length : 540
2023-07-26 11:01:54,208 - root - INFO - payload length : 520
2023-07-26 11:01:54,739 - root - INFO - payload length : 520
2023-07-26 11:01:55,273 - root - INFO - payload length : 520
2023-07-26 11:01:55,800 - root - INFO - payload length : 560
2023-07-26 11:01:56,333 - root - INFO - payload length : 540
2023-07-26 11:01:56,855 - root - INFO - payload length : 480
2023-07-26 11:01:57,392 - root - INFO - payload length : 560
2023-07-26 11:01:57,916 - root - INFO - payload length : 560
2023-07-26 11:01:58,427 - root - INFO - payload length : 500
2023-07-26 11:01:58,954 - root - INFO - payload length : 540
2023-07-26 11:01:59,492 - root - INFO - payload length : 540
2023-07-26 11:02:00,027 - root - INFO - payload length : 540
2023-07-26 11:02:00,551 - root - INFO - payload length : 520
2023-07-26 11:02:01,068 - root - INFO - payload length : 540
2023-07-26 11:02:01,601 - root - INFO - payload length : 540
2023-07-26 11:02:02,112 - root - INFO - payload length : 500
2023-07-26 11:02:02,637 - root - INFO - payload length : 520
2023-07-26 11:02:03,164 - root - INFO - payload length : 560
2023-07-26 11:02:03,691 - root - INFO - payload length : 540
2023-07-26 11:02:04,225 - root - INFO - payload length : 520
2023-07-26 11:02:04,739 - root - INFO - payload length : 540
2023-07-26 11:02:05,261 - root - INFO - payload length : 520
2023-07-26 11:02:05,785 - root - INFO - payload length : 520
2023-07-26 11:02:06,324 - root - INFO - payload length : 560
2023-07-26 11:02:06,849 - root - INFO - payload length : 520
2023-07-26 11:02:07,372 - root - INFO - payload length : 540
2023-07-26 11:02:07,910 - root - INFO - payload length : 520
2023-07-26 11:02:08,446 - root - INFO - payload length : 480
2023-07-26 11:02:08,985 - root - INFO - payload length : 620
2023-07-26 11:02:09,519 - root - INFO - payload length : 560
2023-07-26 11:02:10,047 - root - INFO - payload length : 500
2023-07-26 11:02:10,579 - root - INFO - payload length : 540
2023-07-26 11:02:11,106 - root - INFO - payload length : 540
2023-07-26 11:02:11,630 - root - INFO - payload length : 480
2023-07-26 11:02:12,153 - root - INFO - payload length : 560
2023-07-26 11:02:12,679 - root - INFO - payload length : 540
2023-07-26 11:02:13,197 - root - INFO - payload length : 520
2023-07-26 11:02:13,731 - root - INFO - payload length : 560
2023-07-26 11:02:14,280 - root - INFO - payload length : 545
2023-07-26 11:02:14,807 - root - INFO - payload length : 555
2023-07-26 11:02:15,332 - root - INFO - payload length : 520
2023-07-26 11:02:15,850 - root - INFO - payload length : 520
2023-07-26 11:02:16,369 - root - INFO - payload length : 540
2023-07-26 11:02:16,895 - root - INFO - payload length : 520
2023-07-26 11:02:17,418 - root - INFO - payload length : 520
2023-07-26 11:02:17,954 - root - INFO - payload length : 520
2023-07-26 11:02:18,479 - root - INFO - payload length : 540
2023-07-26 11:02:19,016 - root - INFO - payload length : 560
2023-07-26 11:02:19,541 - root - INFO - payload length : 520
2023-07-26 11:02:20,070 - root - INFO - payload length : 540
2023-07-26 11:02:20,592 - root - INFO - payload length : 520
2023-07-26 11:02:21,117 - root - INFO - payload length : 520
2023-07-26 11:02:21,640 - root - INFO - payload length : 520
2023-07-26 11:02:22,173 - root - INFO - payload length : 580
2023-07-26 11:02:22,691 - root - INFO - payload length : 520
2023-07-26 11:02:23,218 - root - INFO - payload length : 520
2023-07-26 11:02:23,746 - root - INFO - payload length : 540
2023-07-26 11:02:24,285 - root - INFO - payload length : 540
2023-07-26 11:02:24,812 - root - INFO - payload length : 540
2023-07-26 11:02:25,338 - root - INFO - payload length : 520
2023-07-26 11:02:25,864 - root - INFO - payload length : 540
2023-07-26 11:02:26,379 - root - INFO - payload length : 520
2023-07-26 11:02:26,918 - root - INFO - payload length : 540
2023-07-26 11:02:27,444 - root - INFO - payload length : 520
2023-07-26 11:02:27,976 - root - INFO - payload length : 560
2023-07-26 11:02:28,488 - root - INFO - payload length : 520
2023-07-26 11:02:29,021 - root - INFO - payload length : 540
2023-07-26 11:02:29,549 - root - INFO - payload length : 520
2023-07-26 11:02:30,072 - root - INFO - payload length : 540
2023-07-26 11:02:30,602 - root - INFO - payload length : 500
2023-07-26 11:02:31,131 - root - INFO - payload length : 560
2023-07-26 11:02:31,665 - root - INFO - payload length : 540
2023-07-26 11:02:32,191 - root - INFO - payload length : 520
2023-07-26 11:02:32,719 - root - INFO - payload length : 540
2023-07-26 11:02:33,252 - root - INFO - payload length : 560
2023-07-26 11:02:33,788 - root - INFO - payload length : 520
2023-07-26 11:02:34,305 - root - INFO - payload length : 520
2023-07-26 11:02:34,842 - root - INFO - payload length : 560
2023-07-26 11:02:35,362 - root - INFO - payload length : 500
2023-07-26 11:02:35,889 - root - INFO - payload length : 549
2023-07-26 11:02:36,417 - root - INFO - payload length : 531
2023-07-26 11:02:36,938 - root - INFO - payload length : 540
2023-07-26 11:02:37,455 - root - INFO - payload length : 520
2023-07-26 11:02:37,973 - root - INFO - payload length : 520
2023-07-26 11:02:38,495 - root - INFO - payload length : 540
2023-07-26 11:02:39,022 - root - INFO - payload length : 520
2023-07-26 11:02:39,532 - root - INFO - payload length : 520
2023-07-26 11:02:40,053 - root - INFO - payload length : 520
2023-07-26 11:02:40,570 - root - INFO - payload length : 531
2023-07-26 11:02:41,100 - root - INFO - payload length : 529
2023-07-26 11:02:41,631 - root - INFO - payload length : 520
2023-07-26 11:02:42,155 - root - INFO - payload length : 520
2023-07-26 11:02:42,680 - root - INFO - payload length : 560
2023-07-26 11:02:43,200 - root - INFO - payload length : 520
2023-07-26 11:02:43,757 - root - INFO - payload length : 540
2023-07-26 11:02:44,285 - root - INFO - payload length : 540
2023-07-26 11:02:44,806 - root - INFO - payload length : 520
2023-07-26 11:02:45,333 - root - INFO - payload length : 560
2023-07-26 11:02:45,867 - root - INFO - payload length : 520
2023-07-26 11:02:46,399 - root - INFO - payload length : 520
2023-07-26 11:02:46,913 - root - INFO - payload length : 540
2023-07-26 11:02:47,452 - root - INFO - payload length : 520
2023-07-26 11:02:47,978 - root - INFO - payload length : 580
2023-07-26 11:02:48,484 - root - INFO - payload length : 500
2023-07-26 11:02:49,013 - root - INFO - payload length : 520
2023-07-26 11:02:49,537 - root - INFO - payload length : 540
2023-07-26 11:02:50,066 - root - INFO - payload length : 540
2023-07-26 11:02:50,602 - root - INFO - payload length : 520
2023-07-26 11:02:51,130 - root - INFO - payload length : 520
2023-07-26 11:02:51,649 - root - INFO - payload length : 540
2023-07-26 11:02:52,179 - root - INFO - payload length : 558
2023-07-26 11:02:52,715 - root - INFO - payload length : 542
2023-07-26 11:02:53,243 - root - INFO - payload length : 500
2023-07-26 11:02:53,777 - root - INFO - payload length : 540
2023-07-26 11:02:54,298 - root - INFO - payload length : 560
2023-07-26 11:02:54,818 - root - INFO - payload length : 520
2023-07-26 11:02:55,355 - root - INFO - payload length : 500
2023-07-26 11:02:55,893 - root - INFO - payload length : 600
2023-07-26 11:02:56,422 - root - INFO - payload length : 520
2023-07-26 11:02:56,950 - root - INFO - payload length : 520
2023-07-26 11:02:57,482 - root - INFO - payload length : 540
2023-07-26 11:02:58,024 - root - INFO - payload length : 560
2023-07-26 11:02:58,561 - root - INFO - payload length : 540
2023-07-26 11:02:59,088 - root - INFO - payload length : 500
2023-07-26 11:02:59,606 - root - INFO - payload length : 540
2023-07-26 11:03:00,133 - root - INFO - payload length : 540
2023-07-26 11:03:00,661 - root - INFO - payload length : 540
2023-07-26 11:03:01,195 - root - INFO - payload length : 540
2023-07-26 11:03:01,712 - root - INFO - payload length : 520
2023-07-26 11:03:02,234 - root - INFO - payload length : 520
2023-07-26 11:03:02,776 - root - INFO - payload length : 520
2023-07-26 11:03:03,296 - root - INFO - payload length : 580
2023-07-26 11:03:03,831 - root - INFO - payload length : 520
2023-07-26 11:03:04,358 - root - INFO - payload length : 520
2023-07-26 11:03:04,893 - root - INFO - payload length : 560
2023-07-26 11:03:05,415 - root - INFO - payload length : 540
2023-07-26 11:03:05,950 - root - INFO - payload length : 520
2023-07-26 11:03:06,486 - root - INFO - payload length : 520
2023-07-26 11:03:07,011 - root - INFO - payload length : 560
2023-07-26 11:03:07,540 - root - INFO - payload length : 540
2023-07-26 11:03:08,071 - root - INFO - payload length : 520
2023-07-26 11:03:08,608 - root - INFO - payload length : 540
2023-07-26 11:03:09,141 - root - INFO - payload length : 560
2023-07-26 11:03:09,668 - root - INFO - payload length : 520
2023-07-26 11:03:10,188 - root - INFO - payload length : 520
2023-07-26 11:03:10,718 - root - INFO - payload length : 540
2023-07-26 11:03:11,249 - root - INFO - payload length : 520
2023-07-26 11:03:11,781 - root - INFO - payload length : 560
2023-07-26 11:03:12,312 - root - INFO - payload length : 540
2023-07-26 11:03:12,832 - root - INFO - payload length : 480
2023-07-26 11:03:13,371 - root - INFO - payload length : 580
2023-07-26 11:03:13,908 - root - INFO - payload length : 540
2023-07-26 11:03:14,444 - root - INFO - payload length : 540
2023-07-26 11:03:14,953 - root - INFO - payload length : 520
2023-07-26 11:03:15,488 - root - INFO - payload length : 520
2023-07-26 11:03:16,013 - root - INFO - payload length : 560
2023-07-26 11:03:16,554 - root - INFO - payload length : 540
2023-07-26 11:03:17,092 - root - INFO - payload length : 520
2023-07-26 11:03:17,628 - root - INFO - payload length : 560
2023-07-26 11:03:18,169 - root - INFO - payload length : 540
2023-07-26 11:03:18,699 - root - INFO - payload length : 560
2023-07-26 11:03:19,225 - root - INFO - payload length : 500
2023-07-26 11:03:19,745 - root - INFO - payload length : 560
2023-07-26 11:03:20,268 - root - INFO - payload length : 520
2023-07-26 11:03:20,810 - root - INFO - payload length : 520
2023-07-26 11:03:21,346 - root - INFO - payload length : 560
2023-07-26 11:03:21,880 - root - INFO - payload length : 540
2023-07-26 11:03:22,405 - root - INFO - payload length : 520
2023-07-26 11:03:22,955 - root - INFO - payload length : 560
2023-07-26 11:03:23,480 - root - INFO - payload length : 540
2023-07-26 11:03:24,033 - root - INFO - payload length : 560
2023-07-26 11:03:24,552 - root - INFO - payload length : 520
2023-07-26 11:03:25,087 - root - INFO - payload length : 540
2023-07-26 11:03:25,606 - root - INFO - payload length : 520
2023-07-26 11:03:26,147 - root - INFO - payload length : 560
2023-07-26 11:03:26,666 - root - INFO - payload length : 520
2023-07-26 11:03:27,199 - root - INFO - payload length : 540
2023-07-26 11:03:27,731 - root - INFO - payload length : 540
2023-07-26 11:03:28,258 - root - INFO - payload length : 500
2023-07-26 11:03:28,770 - root - INFO - payload length : 540
2023-07-26 11:03:29,290 - root - INFO - payload length : 520
2023-07-26 11:03:29,795 - root - INFO - payload length : 520
2023-07-26 11:03:30,328 - root - INFO - payload length : 540
2023-07-26 11:03:30,842 - root - INFO - payload length : 520
2023-07-26 11:03:31,380 - root - INFO - payload length : 520
2023-07-26 11:03:31,904 - root - INFO - payload length : 500
2023-07-26 11:03:32,437 - root - INFO - payload length : 580
2023-07-26 11:03:32,954 - root - INFO - payload length : 540
2023-07-26 11:03:33,482 - root - INFO - payload length : 520
2023-07-26 11:03:34,022 - root - INFO - payload length : 520
2023-07-26 11:03:34,553 - root - INFO - payload length : 580
2023-07-26 11:03:35,068 - root - INFO - payload length : 520
2023-07-26 11:03:35,605 - root - INFO - payload length : 520
2023-07-26 11:03:36,128 - root - INFO - payload length : 540
2023-07-26 11:03:36,663 - root - INFO - payload length : 540
2023-07-26 11:03:37,173 - root - INFO - payload length : 500
2023-07-26 11:03:37,699 - root - INFO - payload length : 520
2023-07-26 11:03:38,234 - root - INFO - payload length : 580
2023-07-26 11:03:38,767 - root - INFO - payload length : 520
2023-07-26 11:03:39,280 - root - INFO - payload length : 520
2023-07-26 11:03:39,802 - root - INFO - payload length : 520
2023-07-26 11:03:40,327 - root - INFO - payload length : 540
2023-07-26 11:03:40,847 - root - INFO - payload length : 520
2023-07-26 11:03:41,383 - root - INFO - payload length : 520
2023-07-26 11:03:41,910 - root - INFO - payload length : 580
2023-07-26 11:03:42,436 - root - INFO - payload length : 520
2023-07-26 11:03:42,976 - root - INFO - payload length : 520
2023-07-26 11:03:43,500 - root - INFO - payload length : 540
2023-07-26 11:03:44,032 - root - INFO - payload length : 560
2023-07-26 11:03:44,560 - root - INFO - payload length : 500
2023-07-26 11:03:45,077 - root - INFO - payload length : 540
2023-07-26 11:03:45,606 - root - INFO - payload length : 540
2023-07-26 11:03:46,145 - root - INFO - payload length : 520
2023-07-26 11:03:46,673 - root - INFO - payload length : 560
2023-07-26 11:03:47,199 - root - INFO - payload length : 520
2023-07-26 11:03:47,739 - root - INFO - payload length : 560
2023-07-26 11:03:48,275 - root - INFO - payload length : 540
2023-07-26 11:03:48,797 - root - INFO - payload length : 520
2023-07-26 11:03:49,315 - root - INFO - payload length : 540
2023-07-26 11:03:49,844 - root - INFO - payload length : 520
2023-07-26 11:03:50,372 - root - INFO - payload length : 540
2023-07-26 11:03:50,909 - root - INFO - payload length : 540
2023-07-26 11:03:51,419 - root - INFO - payload length : 520
2023-07-26 11:03:51,954 - root - INFO - payload length : 540
2023-07-26 11:03:52,486 - root - INFO - payload length : 480
2023-07-26 11:03:53,010 - root - INFO - payload length : 560
2023-07-26 11:03:53,525 - root - INFO - payload length : 540
2023-07-26 11:03:54,041 - root - INFO - payload length : 520
2023-07-26 11:03:54,577 - root - INFO - payload length : 520
2023-07-26 11:03:55,119 - root - INFO - payload length : 540
2023-07-26 11:03:55,652 - root - INFO - payload length : 560
2023-07-26 11:03:56,179 - root - INFO - payload length : 520
2023-07-26 11:03:56,694 - root - INFO - payload length : 520
2023-07-26 11:03:57,239 - root - INFO - payload length : 580
2023-07-26 11:03:57,769 - root - INFO - payload length : 520
2023-07-26 11:03:58,285 - root - INFO - payload length : 520
2023-07-26 11:03:58,817 - root - INFO - payload length : 560
2023-07-26 11:03:59,354 - root - INFO - payload length : 540
2023-07-26 11:03:59,879 - root - INFO - payload length : 520
2023-07-26 11:04:00,393 - root - INFO - payload length : 520
2023-07-26 11:04:00,925 - root - INFO - payload length : 540
2023-07-26 11:04:01,443 - root - INFO - payload length : 520
2023-07-26 11:04:01,980 - root - INFO - payload length : 520
2023-07-26 11:04:02,523 - root - INFO - payload length : 580
2023-07-26 11:04:03,047 - root - INFO - payload length : 520
2023-07-26 11:04:03,571 - root - INFO - payload length : 520
2023-07-26 11:04:04,104 - root - INFO - payload length : 540
2023-07-26 11:04:04,626 - root - INFO - payload length : 540
2023-07-26 11:04:05,163 - root - INFO - payload length : 540
2023-07-26 11:04:05,703 - root - INFO - payload length : 520
2023-07-26 11:04:06,225 - root - INFO - payload length : 540
2023-07-26 11:04:06,750 - root - INFO - payload length : 520
2023-07-26 11:04:07,278 - root - INFO - payload length : 560
2023-07-26 11:04:07,808 - root - INFO - payload length : 540
2023-07-26 11:04:08,346 - root - INFO - payload length : 520
2023-07-26 11:04:08,872 - root - INFO - payload length : 520
2023-07-26 11:04:09,423 - root - INFO - payload length : 580
2023-07-26 11:04:09,952 - root - INFO - payload length : 540
2023-07-26 11:04:10,501 - root - INFO - payload length : 540
2023-07-26 11:04:11,026 - root - INFO - payload length : 540
2023-07-26 11:04:11,573 - root - INFO - payload length : 560
2023-07-26 11:04:12,118 - root - INFO - payload length : 542
2023-07-26 11:04:12,644 - root - INFO - payload length : 538
2023-07-26 11:04:13,162 - root - INFO - payload length : 540
2023-07-26 11:04:13,696 - root - INFO - payload length : 520
2023-07-26 11:04:14,206 - root - INFO - payload length : 520
2023-07-26 11:04:14,742 - root - INFO - payload length : 540
2023-07-26 11:04:15,254 - root - INFO - payload length : 520
2023-07-26 11:04:15,775 - root - INFO - payload length : 480
2023-07-26 11:04:16,311 - root - INFO - payload length : 580
2023-07-26 11:04:16,828 - root - INFO - payload length : 540
2023-07-26 11:04:17,347 - root - INFO - payload length : 480
2023-07-26 11:04:17,879 - root - INFO - payload length : 580
2023-07-26 11:04:18,390 - root - INFO - payload length : 480
2023-07-26 11:04:18,926 - root - INFO - payload length : 580
2023-07-26 11:04:19,445 - root - INFO - payload length : 520
2023-07-26 11:04:19,975 - root - INFO - payload length : 520
2023-07-26 11:04:20,502 - root - INFO - payload length : 520
2023-07-26 11:04:21,032 - root - INFO - payload length : 560
2023-07-26 11:04:21,554 - root - INFO - payload length : 500
2023-07-26 11:04:22,081 - root - INFO - payload length : 560
2023-07-26 11:04:22,616 - root - INFO - payload length : 540
2023-07-26 11:04:23,148 - root - INFO - payload length : 560
2023-07-26 11:04:23,673 - root - INFO - payload length : 480
