2023-07-26 11:12:28,583 - root - INFO - File Observer is ready.
2023-07-26 11:12:37,236 - root - INFO - TP0033_TS0039_1000Hz_230726111237_1.txt Created.
2023-07-26 11:12:37,236 - root - INFO - Windows OS detected. Set asyncio event loop policy to WindowsSelectorEventLoopPolicy
2023-07-26 11:12:37,238 - asyncio - DEBUG - Using selector: SelectSelector
2023-07-26 11:12:38,836 - root - INFO - payload length : 1540
2023-07-26 11:12:39,373 - root - INFO - payload length : 540
2023-07-26 11:12:39,918 - root - INFO - payload length : 540
2023-07-26 11:12:40,448 - root - INFO - payload length : 560
2023-07-26 11:12:40,995 - root - INFO - payload length : 540
2023-07-26 11:12:41,517 - root - INFO - payload length : 540
2023-07-26 11:12:42,033 - root - INFO - payload length : 500
2023-07-26 11:12:42,571 - root - INFO - payload length : 560
2023-07-26 11:12:43,086 - root - INFO - payload length : 500
2023-07-26 11:12:43,609 - root - INFO - payload length : 540
2023-07-26 11:12:44,142 - root - INFO - payload length : 540
2023-07-26 11:12:44,661 - root - INFO - payload length : 540
2023-07-26 11:12:45,194 - root - INFO - payload length : 520
2023-07-26 11:12:45,715 - root - INFO - payload length : 540
2023-07-26 11:12:46,249 - root - INFO - payload length : 540
2023-07-26 11:12:46,788 - root - INFO - payload length : 540
2023-07-26 11:12:47,326 - root - INFO - payload length : 540
2023-07-26 11:12:47,869 - root - INFO - payload length : 540
2023-07-26 11:12:48,402 - root - INFO - payload length : 520
2023-07-26 11:12:48,946 - root - INFO - payload length : 580
2023-07-26 11:12:49,475 - root - INFO - payload length : 500
2023-07-26 11:12:49,991 - root - INFO - payload length : 560
2023-07-26 11:12:50,516 - root - INFO - payload length : 520
2023-07-26 11:12:51,034 - root - INFO - payload length : 520
2023-07-26 11:12:51,559 - root - INFO - payload length : 540
2023-07-26 11:12:52,102 - root - INFO - payload length : 540
2023-07-26 11:12:52,635 - root - INFO - payload length : 540
2023-07-26 11:12:53,165 - root - INFO - payload length : 520
2023-07-26 11:12:53,707 - root - INFO - payload length : 580
2023-07-26 11:12:54,235 - root - INFO - payload length : 520
2023-07-26 11:12:54,781 - root - INFO - payload length : 540
2023-07-26 11:12:55,310 - root - INFO - payload length : 540
2023-07-26 11:12:55,829 - root - INFO - payload length : 540
2023-07-26 11:12:56,366 - root - INFO - payload length : 540
2023-07-26 11:12:56,876 - root - INFO - payload length : 500
2023-07-26 11:12:57,405 - root - INFO - payload length : 560
2023-07-26 11:12:57,946 - root - INFO - payload length : 540
2023-07-26 11:12:58,476 - root - INFO - payload length : 520
2023-07-26 11:12:59,004 - root - INFO - payload length : 540
2023-07-26 11:12:59,534 - root - INFO - payload length : 520
2023-07-26 11:13:00,049 - root - INFO - payload length : 540
2023-07-26 11:13:00,578 - root - INFO - payload length : 520
2023-07-26 11:13:01,112 - root - INFO - payload length : 560
2023-07-26 11:13:01,647 - root - INFO - payload length : 480
2023-07-26 11:13:02,157 - root - INFO - payload length : 560
2023-07-26 11:13:02,699 - root - INFO - payload length : 560
2023-07-26 11:13:03,229 - root - INFO - payload length : 500
2023-07-26 11:13:03,750 - root - INFO - payload length : 560
2023-07-26 11:13:04,287 - root - INFO - payload length : 520
2023-07-26 11:13:04,835 - root - INFO - payload length : 580
2023-07-26 11:13:05,361 - root - INFO - payload length : 520
2023-07-26 11:13:05,899 - root - INFO - payload length : 540
2023-07-26 11:13:06,432 - root - INFO - payload length : 560
2023-07-26 11:13:06,937 - root - INFO - payload length : 500
2023-07-26 11:13:07,464 - root - INFO - payload length : 520
2023-07-26 11:13:08,012 - root - INFO - payload length : 560
2023-07-26 11:13:08,545 - root - INFO - payload length : 560
2023-07-26 11:13:09,093 - root - INFO - payload length : 560
2023-07-26 11:13:09,618 - root - INFO - payload length : 500
2023-07-26 11:13:10,141 - root - INFO - payload length : 500
2023-07-26 11:13:10,664 - root - INFO - payload length : 560
2023-07-26 11:13:11,197 - root - INFO - payload length : 540
2023-07-26 11:13:11,726 - root - INFO - payload length : 520
2023-07-26 11:13:12,251 - root - INFO - payload length : 560
2023-07-26 11:13:12,791 - root - INFO - payload length : 540
2023-07-26 11:13:13,315 - root - INFO - payload length : 520
2023-07-26 11:13:13,850 - root - INFO - payload length : 520
2023-07-26 11:13:14,382 - root - INFO - payload length : 560
2023-07-26 11:13:14,922 - root - INFO - payload length : 540
2023-07-26 11:13:15,456 - root - INFO - payload length : 540
2023-07-26 11:13:15,999 - root - INFO - payload length : 560
2023-07-26 11:13:16,530 - root - INFO - payload length : 540
2023-07-26 11:13:17,058 - root - INFO - payload length : 520
2023-07-26 11:13:17,591 - root - INFO - payload length : 560
2023-07-26 11:13:18,138 - root - INFO - payload length : 540
2023-07-26 11:13:18,668 - root - INFO - payload length : 520
2023-07-26 11:13:19,212 - root - INFO - payload length : 540
2023-07-26 11:13:19,741 - root - INFO - payload length : 560
2023-07-26 11:13:20,258 - root - INFO - payload length : 500
2023-07-26 11:13:20,777 - root - INFO - payload length : 540
2023-07-26 11:13:21,315 - root - INFO - payload length : 540
2023-07-26 11:13:21,839 - root - INFO - payload length : 540
2023-07-26 11:13:22,371 - root - INFO - payload length : 520
2023-07-26 11:13:22,906 - root - INFO - payload length : 540
2023-07-26 11:13:23,437 - root - INFO - payload length : 560
2023-07-26 11:13:23,965 - root - INFO - payload length : 520
2023-07-26 11:13:24,502 - root - INFO - payload length : 540
2023-07-26 11:13:25,035 - root - INFO - payload length : 540
2023-07-26 11:13:25,564 - root - INFO - payload length : 540
2023-07-26 11:13:26,097 - root - INFO - payload length : 520
2023-07-26 11:13:26,621 - root - INFO - payload length : 520
2023-07-26 11:13:27,176 - root - INFO - payload length : 580
2023-07-26 11:13:27,710 - root - INFO - payload length : 560
2023-07-26 11:13:28,235 - root - INFO - payload length : 520
2023-07-26 11:13:28,760 - root - INFO - payload length : 480
2023-07-26 11:13:29,301 - root - INFO - payload length : 540
2023-07-26 11:13:29,841 - root - INFO - payload length : 600
2023-07-26 11:13:30,383 - root - INFO - payload length : 540
2023-07-26 11:13:30,900 - root - INFO - payload length : 540
2023-07-26 11:13:31,419 - root - INFO - payload length : 500
2023-07-26 11:13:31,947 - root - INFO - payload length : 520
2023-07-26 11:13:32,475 - root - INFO - payload length : 560
2023-07-26 11:13:33,009 - root - INFO - payload length : 540
2023-07-26 11:13:33,523 - root - INFO - payload length : 520
2023-07-26 11:13:34,054 - root - INFO - payload length : 520
2023-07-26 11:13:34,577 - root - INFO - payload length : 540
2023-07-26 11:13:35,115 - root - INFO - payload length : 520
2023-07-26 11:13:35,646 - root - INFO - payload length : 560
2023-07-26 11:13:36,166 - root - INFO - payload length : 540
2023-07-26 11:13:36,701 - root - INFO - payload length : 520
2023-07-26 11:13:37,247 - root - INFO - payload length : 560
2023-07-26 11:13:37,769 - root - INFO - payload length : 520
2023-07-26 11:13:38,303 - root - INFO - payload length : 540
2023-07-26 11:13:38,821 - root - INFO - payload length : 520
2023-07-26 11:13:39,351 - root - INFO - payload length : 520
2023-07-26 11:13:39,884 - root - INFO - payload length : 560
2023-07-26 11:13:40,402 - root - INFO - payload length : 540
2023-07-26 11:13:40,936 - root - INFO - payload length : 540
2023-07-26 11:13:41,477 - root - INFO - payload length : 540
2023-07-26 11:13:42,001 - root - INFO - payload length : 540
2023-07-26 11:13:42,534 - root - INFO - payload length : 520
2023-07-26 11:13:43,060 - root - INFO - payload length : 520
2023-07-26 11:13:43,592 - root - INFO - payload length : 540
2023-07-26 11:13:44,121 - root - INFO - payload length : 560
2023-07-26 11:13:44,642 - root - INFO - payload length : 300
2023-07-26 11:13:45,177 - root - INFO - payload length : 0
2023-07-26 11:13:45,697 - root - INFO - payload length : 0
2023-07-26 11:13:46,212 - root - INFO - payload length : 0
2023-07-26 11:13:46,728 - root - INFO - payload length : 0
